#
# A fatal error has been detected by the Java Runtime Environment:
#
#  EXCEPTION_ACCESS_VIOLATION (0xc0000005) at pc=0x00007ff8885fdff0, pid=6656, tid=11840
#
# JRE version: Java(TM) SE Runtime Environment (15.0.1+9) (build 15.0.1+9-18)
# Java VM: Java HotSpot(TM) 64-Bit Server VM (15.0.1+9-18, mixed mode, sharing, tiered, compressed oops, g1 gc, windows-amd64)
# Problematic frame:
# C  [nvoglv64.dll+0x113dff0]
#
# No core dump will be written. Minidumps are not enabled by default on client versions of Windows
#
# If you would like to submit a bug report, please visit:
#   https://bugreport.java.com/bugreport/crash.jsp
# The crash happened outside the Java Virtual Machine in native code.
# See problematic frame for where to report the bug.
#

---------------  S U M M A R Y ------------

Command Line: -XX:+ShowCodeDetailsInExceptionMessages -Dfile.encoding=UTF-8 Main

Host: Intel(R) Core(TM) i7-10750H CPU @ 2.60GHz, 12 cores, 15G,  Windows 10 , 64 bit Build 19041 (10.0.19041.928)
Time: Thu May 13 02:21:15 2021 Pacific Daylight Time elapsed time: 0.758389 seconds (0d 0h 0m 0s)

---------------  T H R E A D  ---------------

Current thread (0x000002b50f7d6c40):  JavaThread "main" [_thread_in_native, id=11840, stack(0x000000edf0c00000,0x000000edf0d00000)]

Stack: [0x000000edf0c00000,0x000000edf0d00000],  sp=0x000000edf0cff248,  free space=1020k
Native frames: (J=compiled Java code, j=interpreted, Vv=VM code, C=native code)
C  [nvoglv64.dll+0x113dff0]

Java frames: (J=compiled Java code, j=interpreted, Vv=VM code)
j  org.lwjgl.opengl.GL15C.nglBufferData(IJJI)V+0
j  org.lwjgl.opengl.GL15C.glBufferData(ILjava/nio/IntBuffer;I)V+15
j  Main.main([Ljava/lang/String;)V+585
v  ~StubRoutines::call_stub

siginfo: EXCEPTION_ACCESS_VIOLATION (0xc0000005), reading address 0x0000000000000010


Register to memory mapping:

RIP=0x00007ff8885fdff0 nvoglv64.dll
RAX=0x000002b53463f724 points into unknown readable memory: 00 00 00 00
RBX=0x0000000000000010 is an unknown value
RCX=0x00007ff8885fdff0 nvoglv64.dll
RDX=0x0000000000000010 is an unknown value
RSP=0x000000edf0cff248 is pointing into the stack for thread: 0x000002b50f7d6c40
RBP=0x0000000000001000 is an unknown value
RSI=0x000002b53463f724 points into unknown readable memory: 00 00 00 00
RDI=0x000000000000000c is an unknown value
R8 =0x000000000000000c is an unknown value
R9 =0x00007ff8874c0000 nvoglv64.dll
R10=0x0000000000000010 is an unknown value
R11=0x000002b53463f724 points into unknown readable memory: 00 00 00 00
R12=0x00000000000088e8 is an unknown value
R13=0x00000000000090d2 is an unknown value
R14=0x000000edf0cff3e0 is pointing into the stack for thread: 0x000002b50f7d6c40
R15=0x000002b50f7d6c40 is a thread


Registers:
RAX=0x000002b53463f724, RBX=0x0000000000000010, RCX=0x00007ff8885fdff0, RDX=0x0000000000000010
RSP=0x000000edf0cff248, RBP=0x0000000000001000, RSI=0x000002b53463f724, RDI=0x000000000000000c
R8 =0x000000000000000c, R9 =0x00007ff8874c0000, R10=0x0000000000000010, R11=0x000002b53463f724
R12=0x00000000000088e8, R13=0x00000000000090d2, R14=0x000000edf0cff3e0, R15=0x000002b50f7d6c40
RIP=0x00007ff8885fdff0, EFLAGS=0x0000000000010206

Top of Stack: (sp=0x000000edf0cff248)
0x000000edf0cff248:   00007ff888292e52 000000edf0cff360
0x000000edf0cff258:   00007ff8980fd0f8 000000edf0cff3e0
0x000000edf0cff268:   0000000000000000 0000000000000010
0x000000edf0cff278:   00007ff887c8d2a3 0000000000001000
0x000000edf0cff288:   000002b5355fd080 0000000000000010
0x000000edf0cff298:   00000000000088e8 000002b50f7d6c40
0x000000edf0cff2a8:   00007ff8980fa66d 0000b85300000001
0x000000edf0cff2b8:   0000000000000000 000000ed00000000
0x000000edf0cff2c8:   000002b53463f724 000002b53b041e30
0x000000edf0cff2d8:   0000000000000000 0000000000001566
0x000000edf0cff2e8:   000000edf0cff398 000002b53b041e30
0x000000edf0cff2f8:   000002b517a0f177 0000000000000010
0x000000edf0cff308:   000000edf0cff3e0 000002b50f7d6c40
0x000000edf0cff318:   0000000000000000 0000000000000010
0x000000edf0cff328:   000002b5000088e8 0000000000000000
0x000000edf0cff338:   000000edf0cff350 000000edf0cff3b8 

Instructions: (pc=0x00007ff8885fdff0)
0x00007ff8885fdef0:   0f 10 02 42 0f 10 4c 02 f0 0f 11 01 42 0f 11 4c
0x00007ff8885fdf00:   01 f0 48 8b c1 c3 66 66 0f 1f 84 00 00 00 00 00
0x00007ff8885fdf10:   48 8b c1 4c 8d 0d e6 20 ec fe 43 8b 8c 81 10 1a
0x00007ff8885fdf20:   94 02 49 03 c9 ff e1 66 0f 1f 84 00 00 00 00 00
0x00007ff8885fdf30:   c3 0f b7 0a 66 89 08 c3 48 8b 0a 48 89 08 c3 0f
0x00007ff8885fdf40:   b7 0a 44 0f b6 42 02 66 89 08 44 88 40 02 c3 0f
0x00007ff8885fdf50:   b6 0a 88 08 c3 f3 0f 6f 02 f3 0f 7f 00 c3 66 90
0x00007ff8885fdf60:   4c 8b 02 0f b7 4a 08 44 0f b6 4a 0a 4c 89 00 66
0x00007ff8885fdf70:   89 48 08 44 88 48 0a c3 8b 0a 89 08 c3 0f 1f 00
0x00007ff8885fdf80:   8b 0a 44 0f b6 42 04 89 08 44 88 40 04 c3 66 90
0x00007ff8885fdf90:   8b 0a 44 0f b7 42 04 89 08 66 44 89 40 04 c3 90
0x00007ff8885fdfa0:   8b 0a 44 0f b7 42 04 44 0f b6 4a 06 89 08 66 44
0x00007ff8885fdfb0:   89 40 04 44 88 48 06 c3 4c 8b 02 8b 4a 08 44 0f
0x00007ff8885fdfc0:   b6 4a 0c 4c 89 00 89 48 08 44 88 48 0c c3 66 90
0x00007ff8885fdfd0:   4c 8b 02 0f b6 4a 08 4c 89 00 88 48 08 c3 66 90
0x00007ff8885fdfe0:   4c 8b 02 0f b7 4a 08 4c 89 00 66 89 48 08 c3 90
0x00007ff8885fdff0:   4c 8b 02 8b 4a 08 4c 89 00 89 48 08 c3 0f 1f 00
0x00007ff8885fe000:   4c 8b 02 8b 4a 08 44 0f b7 4a 0c 4c 89 00 89 48
0x00007ff8885fe010:   08 66 44 89 48 0c c3 66 0f 1f 84 00 00 00 00 00
0x00007ff8885fe020:   4c 8b 02 8b 4a 08 44 0f b7 4a 0c 44 0f b6 52 0e
0x00007ff8885fe030:   4c 89 00 89 48 08 66 44 89 48 0c 44 88 50 0e c3
0x00007ff8885fe040:   0f 10 04 11 4c 03 c1 48 83 c1 10 41 f6 c3 0f 74
0x00007ff8885fe050:   13 0f 28 c8 48 83 e1 f0 0f 10 04 11 48 83 c1 10
0x00007ff8885fe060:   41 0f 11 0b 4c 2b c1 4d 8b c8 49 c1 e9 07 0f 84
0x00007ff8885fe070:   88 00 00 00 0f 29 41 f0 4c 3b 0d b9 46 63 01 76
0x00007ff8885fe080:   17 e9 c2 00 00 00 66 66 0f 1f 84 00 00 00 00 00
0x00007ff8885fe090:   0f 29 41 e0 0f 29 49 f0 0f 10 04 11 0f 10 4c 11
0x00007ff8885fe0a0:   10 48 81 c1 80 00 00 00 0f 29 41 80 0f 29 49 90
0x00007ff8885fe0b0:   0f 10 44 11 a0 0f 10 4c 11 b0 49 ff c9 0f 29 41
0x00007ff8885fe0c0:   a0 0f 29 49 b0 0f 10 44 11 c0 0f 10 4c 11 d0 0f
0x00007ff8885fe0d0:   29 41 c0 0f 29 49 d0 0f 10 44 11 e0 0f 10 4c 11
0x00007ff8885fe0e0:   f0 75 ad 0f 29 41 e0 49 83 e0 7f 0f 28 c1 eb 0c 


Stack slot to memory mapping:
stack at sp + 0 slots: 0x00007ff888292e52 nvoglv64.dll
stack at sp + 1 slots: 0x000000edf0cff360 is pointing into the stack for thread: 0x000002b50f7d6c40
stack at sp + 2 slots: 0x00007ff8980fd0f8 jvm.dll
stack at sp + 3 slots: 0x000000edf0cff3e0 is pointing into the stack for thread: 0x000002b50f7d6c40
stack at sp + 4 slots: 0x0 is NULL
stack at sp + 5 slots: 0x0000000000000010 is an unknown value
stack at sp + 6 slots: 0x00007ff887c8d2a3 nvoglv64.dll
stack at sp + 7 slots: 0x0000000000001000 is an unknown value


---------------  P R O C E S S  ---------------

Threads class SMR info:
_java_thread_list=0x000002b53a1c0350, length=13, elements={
0x000002b50f7d6c40, 0x000002b533269970, 0x000002b53326c450, 0x000002b533282600,
0x000002b533285fd0, 0x000002b533286890, 0x000002b53328a640, 0x000002b533291550,
0x000002b53329af60, 0x000002b533c460c0, 0x000002b533c4a8b0, 0x000002b5347a4a00,
0x000002b53a3fe650
}

Java Threads: ( => current thread )
=>0x000002b50f7d6c40 JavaThread "main" [_thread_in_native, id=11840, stack(0x000000edf0c00000,0x000000edf0d00000)]
  0x000002b533269970 JavaThread "Reference Handler" daemon [_thread_blocked, id=19632, stack(0x000000edf1300000,0x000000edf1400000)]
  0x000002b53326c450 JavaThread "Finalizer" daemon [_thread_blocked, id=13812, stack(0x000000edf1400000,0x000000edf1500000)]
  0x000002b533282600 JavaThread "Signal Dispatcher" daemon [_thread_blocked, id=15704, stack(0x000000edf1500000,0x000000edf1600000)]
  0x000002b533285fd0 JavaThread "Attach Listener" daemon [_thread_blocked, id=1532, stack(0x000000edf1600000,0x000000edf1700000)]
  0x000002b533286890 JavaThread "Service Thread" daemon [_thread_blocked, id=5912, stack(0x000000edf1700000,0x000000edf1800000)]
  0x000002b53328a640 JavaThread "C2 CompilerThread0" daemon [_thread_blocked, id=5308, stack(0x000000edf1800000,0x000000edf1900000)]
  0x000002b533291550 JavaThread "C1 CompilerThread0" daemon [_thread_blocked, id=7864, stack(0x000000edf1900000,0x000000edf1a00000)]
  0x000002b53329af60 JavaThread "Sweeper thread" daemon [_thread_blocked, id=16640, stack(0x000000edf1a00000,0x000000edf1b00000)]
  0x000002b533c460c0 JavaThread "Notification Thread" daemon [_thread_blocked, id=17136, stack(0x000000edf1b00000,0x000000edf1c00000)]
  0x000002b533c4a8b0 JavaThread "Common-Cleaner" daemon [_thread_blocked, id=15092, stack(0x000000edf1d00000,0x000000edf1e00000)]
  0x000002b5347a4a00 JavaThread "C2 CompilerThread1" daemon [_thread_blocked, id=11704, stack(0x000000edf2400000,0x000000edf2500000)]
  0x000002b53a3fe650 JavaThread "Thread-0" daemon [_thread_in_native, id=1468, stack(0x000000edf2100000,0x000000edf2200000)]

Other Threads:
  0x000002b533269200 VMThread "VM Thread" [stack: 0x000000edf1200000,0x000000edf1300000] [id=9532]
  0x000002b533c4a5a0 WatcherThread [stack: 0x000000edf1c00000,0x000000edf1d00000] [id=19384]
  0x000002b50f826010 GCTaskThread "GC Thread#0" [stack: 0x000000edf0d00000,0x000000edf0e00000] [id=20656]
  0x000002b50f836e30 ConcurrentGCThread "G1 Main Marker" [stack: 0x000000edf0e00000,0x000000edf0f00000] [id=16188]
  0x000002b50f8380c0 ConcurrentGCThread "G1 Conc#0" [stack: 0x000000edf0f00000,0x000000edf1000000] [id=1864]
  0x000002b50f89e930 ConcurrentGCThread "G1 Refine#0" [stack: 0x000000edf1000000,0x000000edf1100000] [id=17996]
  0x000002b53315c680 ConcurrentGCThread "G1 Young RemSet Sampling" [stack: 0x000000edf1100000,0x000000edf1200000] [id=13584]

Threads with active compile tasks:

VM state: not at safepoint (normal execution)

VM Mutex/Monitor currently owned by a thread: None

Heap address: 0x0000000702200000, size: 4062 MB, Compressed Oops mode: Zero based, Oop shift amount: 3
CDS archive(s) mapped at: [0x0000000800000000-0x0000000800b50000-0x0000000800b50000), size 11862016, SharedBaseAddress: 0x0000000800000000, ArchiveRelocationMode: 0.
Compressed class space mapped at: 0x0000000800b50000-0x0000000840b50000, size: 1073741824
Narrow klass base: 0x0000000800000000, Narrow klass shift: 3, Narrow klass range: 0x100000000

GC Precious Log:
 CPUs: 12 total, 12 available
 Memory: 16245M
 Large Page Support: Disabled
 NUMA Support: Disabled
 Compressed Oops: Enabled (Zero based)
 Heap Region Size: 2M
 Heap Min Capacity: 8M
 Heap Initial Capacity: 254M
 Heap Max Capacity: 4062M
 Pre-touch: Disabled
 Parallel Workers: 10
 Concurrent Workers: 3
 Concurrent Refinement Workers: 10
 Periodic GC: Disabled

Heap:
 garbage-first heap   total 260096K, used 16384K [0x0000000702200000, 0x0000000800000000)
  region size 2048K, 9 young (18432K), 0 survivors (0K)
 Metaspace       used 6032K, capacity 8930K, committed 9088K, reserved 1058816K
  class space    used 291K, capacity 571K, committed 640K, reserved 1048576K

Heap Regions: E=young(eden), S=young(survivor), O=old, HS=humongous(starts), HC=humongous(continues), CS=collection set, F=free, OA=open archive, CA=closed archive, TAMS=top-at-mark-start (previous, next)
|   0|0x0000000702200000, 0x0000000702200000, 0x0000000702400000|  0%| F|  |TAMS 0x0000000702200000, 0x0000000702200000| Untracked 
|   1|0x0000000702400000, 0x0000000702400000, 0x0000000702600000|  0%| F|  |TAMS 0x0000000702400000, 0x0000000702400000| Untracked 
|   2|0x0000000702600000, 0x0000000702600000, 0x0000000702800000|  0%| F|  |TAMS 0x0000000702600000, 0x0000000702600000| Untracked 
|   3|0x0000000702800000, 0x0000000702800000, 0x0000000702a00000|  0%| F|  |TAMS 0x0000000702800000, 0x0000000702800000| Untracked 
|   4|0x0000000702a00000, 0x0000000702a00000, 0x0000000702c00000|  0%| F|  |TAMS 0x0000000702a00000, 0x0000000702a00000| Untracked 
|   5|0x0000000702c00000, 0x0000000702c00000, 0x0000000702e00000|  0%| F|  |TAMS 0x0000000702c00000, 0x0000000702c00000| Untracked 
|   6|0x0000000702e00000, 0x0000000702e00000, 0x0000000703000000|  0%| F|  |TAMS 0x0000000702e00000, 0x0000000702e00000| Untracked 
|   7|0x0000000703000000, 0x0000000703000000, 0x0000000703200000|  0%| F|  |TAMS 0x0000000703000000, 0x0000000703000000| Untracked 
|   8|0x0000000703200000, 0x0000000703200000, 0x0000000703400000|  0%| F|  |TAMS 0x0000000703200000, 0x0000000703200000| Untracked 
|   9|0x0000000703400000, 0x0000000703400000, 0x0000000703600000|  0%| F|  |TAMS 0x0000000703400000, 0x0000000703400000| Untracked 
|  10|0x0000000703600000, 0x0000000703600000, 0x0000000703800000|  0%| F|  |TAMS 0x0000000703600000, 0x0000000703600000| Untracked 
|  11|0x0000000703800000, 0x0000000703800000, 0x0000000703a00000|  0%| F|  |TAMS 0x0000000703800000, 0x0000000703800000| Untracked 
|  12|0x0000000703a00000, 0x0000000703a00000, 0x0000000703c00000|  0%| F|  |TAMS 0x0000000703a00000, 0x0000000703a00000| Untracked 
|  13|0x0000000703c00000, 0x0000000703c00000, 0x0000000703e00000|  0%| F|  |TAMS 0x0000000703c00000, 0x0000000703c00000| Untracked 
|  14|0x0000000703e00000, 0x0000000703e00000, 0x0000000704000000|  0%| F|  |TAMS 0x0000000703e00000, 0x0000000703e00000| Untracked 
|  15|0x0000000704000000, 0x0000000704000000, 0x0000000704200000|  0%| F|  |TAMS 0x0000000704000000, 0x0000000704000000| Untracked 
|  16|0x0000000704200000, 0x0000000704200000, 0x0000000704400000|  0%| F|  |TAMS 0x0000000704200000, 0x0000000704200000| Untracked 
|  17|0x0000000704400000, 0x0000000704400000, 0x0000000704600000|  0%| F|  |TAMS 0x0000000704400000, 0x0000000704400000| Untracked 
|  18|0x0000000704600000, 0x0000000704600000, 0x0000000704800000|  0%| F|  |TAMS 0x0000000704600000, 0x0000000704600000| Untracked 
|  19|0x0000000704800000, 0x0000000704800000, 0x0000000704a00000|  0%| F|  |TAMS 0x0000000704800000, 0x0000000704800000| Untracked 
|  20|0x0000000704a00000, 0x0000000704a00000, 0x0000000704c00000|  0%| F|  |TAMS 0x0000000704a00000, 0x0000000704a00000| Untracked 
|  21|0x0000000704c00000, 0x0000000704c00000, 0x0000000704e00000|  0%| F|  |TAMS 0x0000000704c00000, 0x0000000704c00000| Untracked 
|  22|0x0000000704e00000, 0x0000000704e00000, 0x0000000705000000|  0%| F|  |TAMS 0x0000000704e00000, 0x0000000704e00000| Untracked 
|  23|0x0000000705000000, 0x0000000705000000, 0x0000000705200000|  0%| F|  |TAMS 0x0000000705000000, 0x0000000705000000| Untracked 
|  24|0x0000000705200000, 0x0000000705200000, 0x0000000705400000|  0%| F|  |TAMS 0x0000000705200000, 0x0000000705200000| Untracked 
|  25|0x0000000705400000, 0x0000000705400000, 0x0000000705600000|  0%| F|  |TAMS 0x0000000705400000, 0x0000000705400000| Untracked 
|  26|0x0000000705600000, 0x0000000705600000, 0x0000000705800000|  0%| F|  |TAMS 0x0000000705600000, 0x0000000705600000| Untracked 
|  27|0x0000000705800000, 0x0000000705800000, 0x0000000705a00000|  0%| F|  |TAMS 0x0000000705800000, 0x0000000705800000| Untracked 
|  28|0x0000000705a00000, 0x0000000705a00000, 0x0000000705c00000|  0%| F|  |TAMS 0x0000000705a00000, 0x0000000705a00000| Untracked 
|  29|0x0000000705c00000, 0x0000000705c00000, 0x0000000705e00000|  0%| F|  |TAMS 0x0000000705c00000, 0x0000000705c00000| Untracked 
|  30|0x0000000705e00000, 0x0000000705e00000, 0x0000000706000000|  0%| F|  |TAMS 0x0000000705e00000, 0x0000000705e00000| Untracked 
|  31|0x0000000706000000, 0x0000000706000000, 0x0000000706200000|  0%| F|  |TAMS 0x0000000706000000, 0x0000000706000000| Untracked 
|  32|0x0000000706200000, 0x0000000706200000, 0x0000000706400000|  0%| F|  |TAMS 0x0000000706200000, 0x0000000706200000| Untracked 
|  33|0x0000000706400000, 0x0000000706400000, 0x0000000706600000|  0%| F|  |TAMS 0x0000000706400000, 0x0000000706400000| Untracked 
|  34|0x0000000706600000, 0x0000000706600000, 0x0000000706800000|  0%| F|  |TAMS 0x0000000706600000, 0x0000000706600000| Untracked 
|  35|0x0000000706800000, 0x0000000706800000, 0x0000000706a00000|  0%| F|  |TAMS 0x0000000706800000, 0x0000000706800000| Untracked 
|  36|0x0000000706a00000, 0x0000000706a00000, 0x0000000706c00000|  0%| F|  |TAMS 0x0000000706a00000, 0x0000000706a00000| Untracked 
|  37|0x0000000706c00000, 0x0000000706c00000, 0x0000000706e00000|  0%| F|  |TAMS 0x0000000706c00000, 0x0000000706c00000| Untracked 
|  38|0x0000000706e00000, 0x0000000706e00000, 0x0000000707000000|  0%| F|  |TAMS 0x0000000706e00000, 0x0000000706e00000| Untracked 
|  39|0x0000000707000000, 0x0000000707000000, 0x0000000707200000|  0%| F|  |TAMS 0x0000000707000000, 0x0000000707000000| Untracked 
|  40|0x0000000707200000, 0x0000000707200000, 0x0000000707400000|  0%| F|  |TAMS 0x0000000707200000, 0x0000000707200000| Untracked 
|  41|0x0000000707400000, 0x0000000707400000, 0x0000000707600000|  0%| F|  |TAMS 0x0000000707400000, 0x0000000707400000| Untracked 
|  42|0x0000000707600000, 0x0000000707600000, 0x0000000707800000|  0%| F|  |TAMS 0x0000000707600000, 0x0000000707600000| Untracked 
|  43|0x0000000707800000, 0x0000000707800000, 0x0000000707a00000|  0%| F|  |TAMS 0x0000000707800000, 0x0000000707800000| Untracked 
|  44|0x0000000707a00000, 0x0000000707a00000, 0x0000000707c00000|  0%| F|  |TAMS 0x0000000707a00000, 0x0000000707a00000| Untracked 
|  45|0x0000000707c00000, 0x0000000707c00000, 0x0000000707e00000|  0%| F|  |TAMS 0x0000000707c00000, 0x0000000707c00000| Untracked 
|  46|0x0000000707e00000, 0x0000000707e00000, 0x0000000708000000|  0%| F|  |TAMS 0x0000000707e00000, 0x0000000707e00000| Untracked 
|  47|0x0000000708000000, 0x0000000708000000, 0x0000000708200000|  0%| F|  |TAMS 0x0000000708000000, 0x0000000708000000| Untracked 
|  48|0x0000000708200000, 0x0000000708200000, 0x0000000708400000|  0%| F|  |TAMS 0x0000000708200000, 0x0000000708200000| Untracked 
|  49|0x0000000708400000, 0x0000000708400000, 0x0000000708600000|  0%| F|  |TAMS 0x0000000708400000, 0x0000000708400000| Untracked 
|  50|0x0000000708600000, 0x0000000708600000, 0x0000000708800000|  0%| F|  |TAMS 0x0000000708600000, 0x0000000708600000| Untracked 
|  51|0x0000000708800000, 0x0000000708800000, 0x0000000708a00000|  0%| F|  |TAMS 0x0000000708800000, 0x0000000708800000| Untracked 
|  52|0x0000000708a00000, 0x0000000708a00000, 0x0000000708c00000|  0%| F|  |TAMS 0x0000000708a00000, 0x0000000708a00000| Untracked 
|  53|0x0000000708c00000, 0x0000000708c00000, 0x0000000708e00000|  0%| F|  |TAMS 0x0000000708c00000, 0x0000000708c00000| Untracked 
|  54|0x0000000708e00000, 0x0000000708e00000, 0x0000000709000000|  0%| F|  |TAMS 0x0000000708e00000, 0x0000000708e00000| Untracked 
|  55|0x0000000709000000, 0x0000000709000000, 0x0000000709200000|  0%| F|  |TAMS 0x0000000709000000, 0x0000000709000000| Untracked 
|  56|0x0000000709200000, 0x0000000709200000, 0x0000000709400000|  0%| F|  |TAMS 0x0000000709200000, 0x0000000709200000| Untracked 
|  57|0x0000000709400000, 0x0000000709400000, 0x0000000709600000|  0%| F|  |TAMS 0x0000000709400000, 0x0000000709400000| Untracked 
|  58|0x0000000709600000, 0x0000000709600000, 0x0000000709800000|  0%| F|  |TAMS 0x0000000709600000, 0x0000000709600000| Untracked 
|  59|0x0000000709800000, 0x0000000709800000, 0x0000000709a00000|  0%| F|  |TAMS 0x0000000709800000, 0x0000000709800000| Untracked 
|  60|0x0000000709a00000, 0x0000000709a00000, 0x0000000709c00000|  0%| F|  |TAMS 0x0000000709a00000, 0x0000000709a00000| Untracked 
|  61|0x0000000709c00000, 0x0000000709c00000, 0x0000000709e00000|  0%| F|  |TAMS 0x0000000709c00000, 0x0000000709c00000| Untracked 
|  62|0x0000000709e00000, 0x0000000709e00000, 0x000000070a000000|  0%| F|  |TAMS 0x0000000709e00000, 0x0000000709e00000| Untracked 
|  63|0x000000070a000000, 0x000000070a000000, 0x000000070a200000|  0%| F|  |TAMS 0x000000070a000000, 0x000000070a000000| Untracked 
|  64|0x000000070a200000, 0x000000070a200000, 0x000000070a400000|  0%| F|  |TAMS 0x000000070a200000, 0x000000070a200000| Untracked 
|  65|0x000000070a400000, 0x000000070a400000, 0x000000070a600000|  0%| F|  |TAMS 0x000000070a400000, 0x000000070a400000| Untracked 
|  66|0x000000070a600000, 0x000000070a600000, 0x000000070a800000|  0%| F|  |TAMS 0x000000070a600000, 0x000000070a600000| Untracked 
|  67|0x000000070a800000, 0x000000070a800000, 0x000000070aa00000|  0%| F|  |TAMS 0x000000070a800000, 0x000000070a800000| Untracked 
|  68|0x000000070aa00000, 0x000000070aa00000, 0x000000070ac00000|  0%| F|  |TAMS 0x000000070aa00000, 0x000000070aa00000| Untracked 
|  69|0x000000070ac00000, 0x000000070ac00000, 0x000000070ae00000|  0%| F|  |TAMS 0x000000070ac00000, 0x000000070ac00000| Untracked 
|  70|0x000000070ae00000, 0x000000070ae00000, 0x000000070b000000|  0%| F|  |TAMS 0x000000070ae00000, 0x000000070ae00000| Untracked 
|  71|0x000000070b000000, 0x000000070b000000, 0x000000070b200000|  0%| F|  |TAMS 0x000000070b000000, 0x000000070b000000| Untracked 
|  72|0x000000070b200000, 0x000000070b200000, 0x000000070b400000|  0%| F|  |TAMS 0x000000070b200000, 0x000000070b200000| Untracked 
|  73|0x000000070b400000, 0x000000070b400000, 0x000000070b600000|  0%| F|  |TAMS 0x000000070b400000, 0x000000070b400000| Untracked 
|  74|0x000000070b600000, 0x000000070b600000, 0x000000070b800000|  0%| F|  |TAMS 0x000000070b600000, 0x000000070b600000| Untracked 
|  75|0x000000070b800000, 0x000000070b800000, 0x000000070ba00000|  0%| F|  |TAMS 0x000000070b800000, 0x000000070b800000| Untracked 
|  76|0x000000070ba00000, 0x000000070ba00000, 0x000000070bc00000|  0%| F|  |TAMS 0x000000070ba00000, 0x000000070ba00000| Untracked 
|  77|0x000000070bc00000, 0x000000070bc00000, 0x000000070be00000|  0%| F|  |TAMS 0x000000070bc00000, 0x000000070bc00000| Untracked 
|  78|0x000000070be00000, 0x000000070be00000, 0x000000070c000000|  0%| F|  |TAMS 0x000000070be00000, 0x000000070be00000| Untracked 
|  79|0x000000070c000000, 0x000000070c000000, 0x000000070c200000|  0%| F|  |TAMS 0x000000070c000000, 0x000000070c000000| Untracked 
|  80|0x000000070c200000, 0x000000070c200000, 0x000000070c400000|  0%| F|  |TAMS 0x000000070c200000, 0x000000070c200000| Untracked 
|  81|0x000000070c400000, 0x000000070c400000, 0x000000070c600000|  0%| F|  |TAMS 0x000000070c400000, 0x000000070c400000| Untracked 
|  82|0x000000070c600000, 0x000000070c600000, 0x000000070c800000|  0%| F|  |TAMS 0x000000070c600000, 0x000000070c600000| Untracked 
|  83|0x000000070c800000, 0x000000070c800000, 0x000000070ca00000|  0%| F|  |TAMS 0x000000070c800000, 0x000000070c800000| Untracked 
|  84|0x000000070ca00000, 0x000000070ca00000, 0x000000070cc00000|  0%| F|  |TAMS 0x000000070ca00000, 0x000000070ca00000| Untracked 
|  85|0x000000070cc00000, 0x000000070cc00000, 0x000000070ce00000|  0%| F|  |TAMS 0x000000070cc00000, 0x000000070cc00000| Untracked 
|  86|0x000000070ce00000, 0x000000070ce00000, 0x000000070d000000|  0%| F|  |TAMS 0x000000070ce00000, 0x000000070ce00000| Untracked 
|  87|0x000000070d000000, 0x000000070d000000, 0x000000070d200000|  0%| F|  |TAMS 0x000000070d000000, 0x000000070d000000| Untracked 
|  88|0x000000070d200000, 0x000000070d200000, 0x000000070d400000|  0%| F|  |TAMS 0x000000070d200000, 0x000000070d200000| Untracked 
|  89|0x000000070d400000, 0x000000070d400000, 0x000000070d600000|  0%| F|  |TAMS 0x000000070d400000, 0x000000070d400000| Untracked 
|  90|0x000000070d600000, 0x000000070d600000, 0x000000070d800000|  0%| F|  |TAMS 0x000000070d600000, 0x000000070d600000| Untracked 
|  91|0x000000070d800000, 0x000000070d800000, 0x000000070da00000|  0%| F|  |TAMS 0x000000070d800000, 0x000000070d800000| Untracked 
|  92|0x000000070da00000, 0x000000070da00000, 0x000000070dc00000|  0%| F|  |TAMS 0x000000070da00000, 0x000000070da00000| Untracked 
|  93|0x000000070dc00000, 0x000000070dc00000, 0x000000070de00000|  0%| F|  |TAMS 0x000000070dc00000, 0x000000070dc00000| Untracked 
|  94|0x000000070de00000, 0x000000070de00000, 0x000000070e000000|  0%| F|  |TAMS 0x000000070de00000, 0x000000070de00000| Untracked 
|  95|0x000000070e000000, 0x000000070e000000, 0x000000070e200000|  0%| F|  |TAMS 0x000000070e000000, 0x000000070e000000| Untracked 
|  96|0x000000070e200000, 0x000000070e200000, 0x000000070e400000|  0%| F|  |TAMS 0x000000070e200000, 0x000000070e200000| Untracked 
|  97|0x000000070e400000, 0x000000070e400000, 0x000000070e600000|  0%| F|  |TAMS 0x000000070e400000, 0x000000070e400000| Untracked 
|  98|0x000000070e600000, 0x000000070e600000, 0x000000070e800000|  0%| F|  |TAMS 0x000000070e600000, 0x000000070e600000| Untracked 
|  99|0x000000070e800000, 0x000000070e800000, 0x000000070ea00000|  0%| F|  |TAMS 0x000000070e800000, 0x000000070e800000| Untracked 
| 100|0x000000070ea00000, 0x000000070ea00000, 0x000000070ec00000|  0%| F|  |TAMS 0x000000070ea00000, 0x000000070ea00000| Untracked 
| 101|0x000000070ec00000, 0x000000070ec00000, 0x000000070ee00000|  0%| F|  |TAMS 0x000000070ec00000, 0x000000070ec00000| Untracked 
| 102|0x000000070ee00000, 0x000000070ee00000, 0x000000070f000000|  0%| F|  |TAMS 0x000000070ee00000, 0x000000070ee00000| Untracked 
| 103|0x000000070f000000, 0x000000070f000000, 0x000000070f200000|  0%| F|  |TAMS 0x000000070f000000, 0x000000070f000000| Untracked 
| 104|0x000000070f200000, 0x000000070f200000, 0x000000070f400000|  0%| F|  |TAMS 0x000000070f200000, 0x000000070f200000| Untracked 
| 105|0x000000070f400000, 0x000000070f400000, 0x000000070f600000|  0%| F|  |TAMS 0x000000070f400000, 0x000000070f400000| Untracked 
| 106|0x000000070f600000, 0x000000070f600000, 0x000000070f800000|  0%| F|  |TAMS 0x000000070f600000, 0x000000070f600000| Untracked 
| 107|0x000000070f800000, 0x000000070f800000, 0x000000070fa00000|  0%| F|  |TAMS 0x000000070f800000, 0x000000070f800000| Untracked 
| 108|0x000000070fa00000, 0x000000070fa00000, 0x000000070fc00000|  0%| F|  |TAMS 0x000000070fa00000, 0x000000070fa00000| Untracked 
| 109|0x000000070fc00000, 0x000000070fc00000, 0x000000070fe00000|  0%| F|  |TAMS 0x000000070fc00000, 0x000000070fc00000| Untracked 
| 110|0x000000070fe00000, 0x000000070fe00000, 0x0000000710000000|  0%| F|  |TAMS 0x000000070fe00000, 0x000000070fe00000| Untracked 
| 111|0x0000000710000000, 0x0000000710000000, 0x0000000710200000|  0%| F|  |TAMS 0x0000000710000000, 0x0000000710000000| Untracked 
| 112|0x0000000710200000, 0x0000000710200000, 0x0000000710400000|  0%| F|  |TAMS 0x0000000710200000, 0x0000000710200000| Untracked 
| 113|0x0000000710400000, 0x0000000710400000, 0x0000000710600000|  0%| F|  |TAMS 0x0000000710400000, 0x0000000710400000| Untracked 
| 114|0x0000000710600000, 0x0000000710600000, 0x0000000710800000|  0%| F|  |TAMS 0x0000000710600000, 0x0000000710600000| Untracked 
| 115|0x0000000710800000, 0x0000000710800000, 0x0000000710a00000|  0%| F|  |TAMS 0x0000000710800000, 0x0000000710800000| Untracked 
| 116|0x0000000710a00000, 0x0000000710a00000, 0x0000000710c00000|  0%| F|  |TAMS 0x0000000710a00000, 0x0000000710a00000| Untracked 
| 117|0x0000000710c00000, 0x0000000710c00000, 0x0000000710e00000|  0%| F|  |TAMS 0x0000000710c00000, 0x0000000710c00000| Untracked 
| 118|0x0000000710e00000, 0x0000000710e71248, 0x0000000711000000| 22%| E|  |TAMS 0x0000000710e00000, 0x0000000710e00000| Complete 
| 119|0x0000000711000000, 0x0000000711200000, 0x0000000711200000|100%| E|CS|TAMS 0x0000000711000000, 0x0000000711000000| Complete 
| 120|0x0000000711200000, 0x0000000711400000, 0x0000000711400000|100%| E|CS|TAMS 0x0000000711200000, 0x0000000711200000| Complete 
| 121|0x0000000711400000, 0x0000000711600000, 0x0000000711600000|100%| E|CS|TAMS 0x0000000711400000, 0x0000000711400000| Complete 
| 122|0x0000000711600000, 0x0000000711800000, 0x0000000711800000|100%| E|CS|TAMS 0x0000000711600000, 0x0000000711600000| Complete 
| 123|0x0000000711800000, 0x0000000711a00000, 0x0000000711a00000|100%| E|CS|TAMS 0x0000000711800000, 0x0000000711800000| Complete 
| 124|0x0000000711a00000, 0x0000000711c00000, 0x0000000711c00000|100%| E|CS|TAMS 0x0000000711a00000, 0x0000000711a00000| Complete 
| 125|0x0000000711c00000, 0x0000000711e00000, 0x0000000711e00000|100%| E|CS|TAMS 0x0000000711c00000, 0x0000000711c00000| Complete 
| 126|0x0000000711e00000, 0x0000000712000000, 0x0000000712000000|100%| E|CS|TAMS 0x0000000711e00000, 0x0000000711e00000| Complete 

Card table byte_map: [0x000002b527740000,0x000002b527f30000] _byte_map_base: 0x000002b523f2f000

Marking Bits (Prev, Next): (CMBitMap*) 0x000002b50f826700, (CMBitMap*) 0x000002b50f826740
 Prev Bits: [0x000002b528720000, 0x000002b52c698000)
 Next Bits: [0x000002b52c6a0000, 0x000002b530618000)

Polling page: 0x000002b50d7c0000

Metaspace:

Usage:
  Non-class:      8.16 MB capacity,     5.61 MB ( 69%) used,     2.55 MB ( 31%) free+waste,     6.62 KB ( <1%) overhead. 
      Class:    571.00 KB capacity,   291.82 KB ( 51%) used,   277.37 KB ( 49%) free+waste,     1.81 KB ( <1%) overhead. 
       Both:      8.72 MB capacity,     5.89 MB ( 68%) used,     2.82 MB ( 32%) free+waste,     8.44 KB ( <1%) overhead. 

Virtual space:
  Non-class space:       10.00 MB reserved,       8.25 MB ( 82%) committed 
      Class space:        1.00 GB reserved,     640.00 KB ( <1%) committed 
             Both:        1.01 GB reserved,       8.88 MB ( <1%) committed 

Chunk freelists:
   Non-Class:  89.00 KB
       Class:  5.00 KB
        Both:  94.00 KB

MaxMetaspaceSize: 17179869184.00 GB
CompressedClassSpaceSize: 1.00 GB

CodeHeap 'non-profiled nmethods': size=120000Kb used=232Kb max_used=232Kb free=119767Kb
 bounds [0x000002b51f4d0000, 0x000002b51f740000, 0x000002b526a00000]
CodeHeap 'profiled nmethods': size=120000Kb used=1238Kb max_used=1238Kb free=118761Kb
 bounds [0x000002b517fa0000, 0x000002b518210000, 0x000002b51f4d0000]
CodeHeap 'non-nmethods': size=5760Kb used=1585Kb max_used=1613Kb free=4174Kb
 bounds [0x000002b517a00000, 0x000002b517c70000, 0x000002b517fa0000]
 total_blobs=1718 nmethods=747 adapters=884
 compilation: enabled
              stopped_count=0, restarted_count=0
 full_count=0

Compilation events (20 events):
Event: 0.740 Thread 0x000002b533291550  736       3       java.nio.CharBuffer::arrayOffset (35 bytes)
Event: 0.740 Thread 0x000002b533291550 nmethod 736 0x000002b5180d1a90 code [0x000002b5180d1c60, 0x000002b5180d1f38]
Event: 0.742 Thread 0x000002b533291550  737       3       java.nio.charset.CoderResult::isUnderflow (13 bytes)
Event: 0.742 Thread 0x000002b533291550 nmethod 737 0x000002b5180d2090 code [0x000002b5180d2220, 0x000002b5180d2378]
Event: 0.744 Thread 0x000002b533291550  738       3       java.io.BufferedWriter::ensureOpen (18 bytes)
Event: 0.744 Thread 0x000002b533291550 nmethod 738 0x000002b5180d2410 code [0x000002b5180d25c0, 0x000002b5180d27c8]
Event: 0.745 Thread 0x000002b533291550  739       3       java.nio.CharBuffer::position (6 bytes)
Event: 0.745 Thread 0x000002b533291550 nmethod 739 0x000002b5180d2890 code [0x000002b5180d2a40, 0x000002b5180d2be8]
Event: 0.745 Thread 0x000002b533291550  740       3       java.nio.CharBuffer::position (8 bytes)
Event: 0.745 Thread 0x000002b533291550 nmethod 740 0x000002b5180d2c90 code [0x000002b5180d2e40, 0x000002b5180d2f88]
Event: 0.745 Thread 0x000002b533291550  741       3       java.nio.ByteBuffer::array (35 bytes)
Event: 0.745 Thread 0x000002b533291550 nmethod 741 0x000002b5180d3010 code [0x000002b5180d31e0, 0x000002b5180d34b8]
Event: 0.748 Thread 0x000002b533291550  742       3       java.util.regex.Pattern$GroupHead::match (47 bytes)
Event: 0.749 Thread 0x000002b533291550 nmethod 742 0x000002b5180d3610 code [0x000002b5180d37c0, 0x000002b5180d3a28]
Event: 0.749 Thread 0x000002b533291550  743       3       java.util.regex.Matcher::start (65 bytes)
Event: 0.749 Thread 0x000002b533291550 nmethod 743 0x000002b5180d3c10 code [0x000002b5180d3e60, 0x000002b5180d46e8]
Event: 0.749 Thread 0x000002b533291550  744       3       java.io.PrintStream::ensureOpen (18 bytes)
Event: 0.749 Thread 0x000002b533291550 nmethod 744 0x000002b5180d4a90 code [0x000002b5180d4c40, 0x000002b5180d4e48]
Event: 0.751 Thread 0x000002b533291550  745       3       java.nio.HeapIntBuffer::put (21 bytes)
Event: 0.751 Thread 0x000002b5347a4a00  747       4       java.nio.Buffer::checkIndex (22 bytes)

GC Heap History (0 events):
No events

Deoptimization events (20 events):
Event: 0.719 Thread 0x000002b50f7d6c40 DEOPT PACKING pc=0x000002b5180c7285 sp=0x000000edf0cff390
Event: 0.719 Thread 0x000002b50f7d6c40 DEOPT UNPACKING pc=0x000002b517a4e23f sp=0x000000edf0cfe868 mode 0
Event: 0.719 Thread 0x000002b50f7d6c40 DEOPT PACKING pc=0x000002b5180c7285 sp=0x000000edf0cff390
Event: 0.719 Thread 0x000002b50f7d6c40 DEOPT UNPACKING pc=0x000002b517a4e23f sp=0x000000edf0cfe868 mode 0
Event: 0.720 Thread 0x000002b50f7d6c40 DEOPT PACKING pc=0x000002b5180c7285 sp=0x000000edf0cff390
Event: 0.720 Thread 0x000002b50f7d6c40 DEOPT UNPACKING pc=0x000002b517a4e23f sp=0x000000edf0cfe868 mode 0
Event: 0.721 Thread 0x000002b50f7d6c40 DEOPT PACKING pc=0x000002b5180c7285 sp=0x000000edf0cff390
Event: 0.721 Thread 0x000002b50f7d6c40 DEOPT UNPACKING pc=0x000002b517a4e23f sp=0x000000edf0cfe868 mode 0
Event: 0.721 Thread 0x000002b50f7d6c40 DEOPT PACKING pc=0x000002b5180c7285 sp=0x000000edf0cff390
Event: 0.721 Thread 0x000002b50f7d6c40 DEOPT UNPACKING pc=0x000002b517a4e23f sp=0x000000edf0cfe868 mode 0
Event: 0.722 Thread 0x000002b50f7d6c40 DEOPT PACKING pc=0x000002b5180c7285 sp=0x000000edf0cff390
Event: 0.722 Thread 0x000002b50f7d6c40 DEOPT UNPACKING pc=0x000002b517a4e23f sp=0x000000edf0cfe868 mode 0
Event: 0.722 Thread 0x000002b50f7d6c40 DEOPT PACKING pc=0x000002b5180c7285 sp=0x000000edf0cff390
Event: 0.722 Thread 0x000002b50f7d6c40 DEOPT UNPACKING pc=0x000002b517a4e23f sp=0x000000edf0cfe868 mode 0
Event: 0.723 Thread 0x000002b50f7d6c40 DEOPT PACKING pc=0x000002b5180c7285 sp=0x000000edf0cff390
Event: 0.723 Thread 0x000002b50f7d6c40 DEOPT UNPACKING pc=0x000002b517a4e23f sp=0x000000edf0cfe868 mode 0
Event: 0.723 Thread 0x000002b50f7d6c40 DEOPT PACKING pc=0x000002b5180c7285 sp=0x000000edf0cff390
Event: 0.723 Thread 0x000002b50f7d6c40 DEOPT UNPACKING pc=0x000002b517a4e23f sp=0x000000edf0cfe868 mode 0
Event: 0.724 Thread 0x000002b50f7d6c40 DEOPT PACKING pc=0x000002b5180c7285 sp=0x000000edf0cff390
Event: 0.724 Thread 0x000002b50f7d6c40 DEOPT UNPACKING pc=0x000002b517a4e23f sp=0x000000edf0cfe868 mode 0

Classes unloaded (0 events):
No events

Classes redefined (0 events):
No events

Internal exceptions (15 events):
Event: 0.077 Thread 0x000002b50f7d6c40 Exception <a 'java/lang/NoSuchMethodError'{0x0000000711c485a8}: 'void java.lang.invoke.DirectMethodHandle$Holder.invokeStatic(java.lang.Object, java.lang.Object)'> (0x0000000711c485a8) 
thrown [./open/src/hotspot/share/interpreter/linkResolver.cpp, line 782]
Event: 0.078 Thread 0x000002b50f7d6c40 Exception <a 'java/lang/NoSuchMethodError'{0x0000000711c4e0a0}: 'void java.lang.invoke.DirectMethodHandle$Holder.invokeSpecial(java.lang.Object, java.lang.Object, java.lang.Object)'> (0x0000000711c4e0a0) 
thrown [./open/src/hotspot/share/interpreter/linkResolver.cpp, line 782]
Event: 0.080 Thread 0x000002b50f7d6c40 Exception <a 'java/lang/NoSuchMethodError'{0x0000000711c62d10}: 'java.lang.Object java.lang.invoke.DirectMethodHandle$Holder.invokeStatic(java.lang.Object, java.lang.Object, int)'> (0x0000000711c62d10) 
thrown [./open/src/hotspot/share/interpreter/linkResolver.cpp, line 782]
Event: 0.081 Thread 0x000002b50f7d6c40 Exception <a 'java/lang/NoSuchMethodError'{0x0000000711c6ee58}: 'void java.lang.invoke.DelegatingMethodHandle$Holder.delegate(java.lang.Object, java.lang.Object, int, java.lang.Object)'> (0x0000000711c6ee58) 
thrown [./open/src/hotspot/share/interpreter/linkResolver.cpp, line 782]
Event: 0.082 Thread 0x000002b50f7d6c40 Exception <a 'java/lang/NoSuchMethodError'{0x0000000711c731a8}: 'int java.lang.invoke.DirectMethodHandle$Holder.invokeSpecial(java.lang.Object, java.lang.Object, java.lang.Object)'> (0x0000000711c731a8) 
thrown [./open/src/hotspot/share/interpreter/linkResolver.cpp, line 782]
Event: 0.103 Thread 0x000002b50f7d6c40 Exception <a 'sun/nio/fs/WindowsException'{0x0000000711ce6e58}> (0x0000000711ce6e58) 
thrown [./open/src/hotspot/share/prims/jni.cpp, line 578]
Event: 0.103 Thread 0x000002b50f7d6c40 Exception <a 'sun/nio/fs/WindowsException'{0x0000000711ce73b0}> (0x0000000711ce73b0) 
thrown [./open/src/hotspot/share/prims/jni.cpp, line 578]
Event: 0.115 Thread 0x000002b50f7d6c40 Exception <a 'sun/nio/fs/WindowsException'{0x0000000711d9e4f8}> (0x0000000711d9e4f8) 
thrown [./open/src/hotspot/share/prims/jni.cpp, line 578]
Event: 0.115 Thread 0x000002b50f7d6c40 Exception <a 'sun/nio/fs/WindowsException'{0x0000000711d9e868}> (0x0000000711d9e868) 
thrown [./open/src/hotspot/share/prims/jni.cpp, line 578]
Event: 0.118 Thread 0x000002b50f7d6c40 Exception <a 'java/lang/NoSuchMethodError'{0x0000000711dd2ac0}: 'java.lang.Object java.lang.invoke.DirectMethodHandle$Holder.invokeStatic(java.lang.Object)'> (0x0000000711dd2ac0) 
thrown [./open/src/hotspot/share/interpreter/linkResolver.cpp, line 782]
Event: 0.119 Thread 0x000002b50f7d6c40 Exception <a 'java/lang/NoSuchMethodError'{0x0000000711dd6710}: 'java.lang.Object java.lang.invoke.DirectMethodHandle$Holder.invokeStaticInit(java.lang.Object)'> (0x0000000711dd6710) 
thrown [./open/src/hotspot/share/interpreter/linkResolver.cpp, line 782]
Event: 0.547 Thread 0x000002b50f7d6c40 Exception <a 'sun/nio/fs/WindowsException'{0x0000000711ac9d20}> (0x0000000711ac9d20) 
thrown [./open/src/hotspot/share/prims/jni.cpp, line 578]
Event: 0.547 Thread 0x000002b50f7d6c40 Exception <a 'sun/nio/fs/WindowsException'{0x0000000711aca0d0}> (0x0000000711aca0d0) 
thrown [./open/src/hotspot/share/prims/jni.cpp, line 578]
Event: 0.549 Thread 0x000002b50f7d6c40 Exception <a 'sun/nio/fs/WindowsException'{0x0000000711ad8560}> (0x0000000711ad8560) 
thrown [./open/src/hotspot/share/prims/jni.cpp, line 578]
Event: 0.549 Thread 0x000002b50f7d6c40 Exception <a 'sun/nio/fs/WindowsException'{0x0000000711ad8848}> (0x0000000711ad8848) 
thrown [./open/src/hotspot/share/prims/jni.cpp, line 578]

Events (20 events):
Event: 0.123 loading class java/nio/BufferOverflowException done
Event: 0.123 loading class java/nio/InvalidMarkException
Event: 0.123 loading class java/nio/InvalidMarkException done
Event: 0.123 loading class java/nio/BufferUnderflowException
Event: 0.123 loading class java/nio/BufferUnderflowException done
Event: 0.124 loading class java/lang/IndexOutOfBoundsException
Event: 0.124 loading class java/lang/IndexOutOfBoundsException done
Event: 0.548 Loaded shared library C:\Users\elite\AppData\Local\Temp\lwjglelite\3.2.3-build-13\lwjgl_opengl.dll
Event: 0.572 Loaded shared library C:\Users\elite\AppData\Local\Temp\lwjglelite\3.2.3-build-13\lwjgl.dll
Event: 0.578 Loaded shared library C:\Users\elite\AppData\Local\Temp\lwjglelite\3.2.3-build-13\lwjgl.dll
Event: 0.663 loading class jdk/internal/reflect/UnsafeQualifiedLongFieldAccessorImpl
Event: 0.663 loading class jdk/internal/reflect/UnsafeQualifiedFieldAccessorImpl
Event: 0.663 loading class jdk/internal/reflect/UnsafeQualifiedFieldAccessorImpl done
Event: 0.663 loading class jdk/internal/reflect/UnsafeQualifiedLongFieldAccessorImpl done
Event: 0.682 loading class java/lang/StrictMath
Event: 0.682 loading class java/lang/StrictMath done
Event: 0.706 Thread 0x000002b5347a4a00 Thread added: 0x000002b5347a4a00
Event: 0.748 Thread 0x000002b53a3fe650 Thread added: 0x000002b53a3fe650
Event: 0.751 loading class java/nio/HeapIntBuffer
Event: 0.751 loading class java/nio/HeapIntBuffer done


Dynamic libraries:
0x00007ff79d2e0000 - 0x00007ff79d2ef000 	C:\Program Files\Java\jdk-15.0.1\bin\java.exe
0x00007ff8f4790000 - 0x00007ff8f4985000 	C:\WINDOWS\SYSTEM32\ntdll.dll
0x00007ff8f2930000 - 0x00007ff8f29ed000 	C:\WINDOWS\System32\KERNEL32.DLL
0x00007ff8f1f80000 - 0x00007ff8f2248000 	C:\WINDOWS\System32\KERNELBASE.dll
0x00007ff8ef480000 - 0x00007ff8ef510000 	C:\WINDOWS\SYSTEM32\apphelp.dll
0x00007ff8f2250000 - 0x00007ff8f2350000 	C:\WINDOWS\System32\ucrtbase.dll
0x00007ff8eba30000 - 0x00007ff8eba48000 	C:\Program Files\Java\jdk-15.0.1\bin\jli.dll
0x00007ff8e2a00000 - 0x00007ff8e2a19000 	C:\Program Files\Java\jdk-15.0.1\bin\VCRUNTIME140.dll
0x00007ff8f3b50000 - 0x00007ff8f3bfc000 	C:\WINDOWS\System32\ADVAPI32.dll
0x00007ff8f2a50000 - 0x00007ff8f2aee000 	C:\WINDOWS\System32\msvcrt.dll
0x00007ff8f3e10000 - 0x00007ff8f3eab000 	C:\WINDOWS\System32\sechost.dll
0x00007ff8f3c00000 - 0x00007ff8f3d2b000 	C:\WINDOWS\System32\RPCRT4.dll
0x00007ff8f3890000 - 0x00007ff8f3a30000 	C:\WINDOWS\System32\USER32.dll
0x00007ff8dfc10000 - 0x00007ff8dfeaa000 	C:\WINDOWS\WinSxS\amd64_microsoft.windows.common-controls_6595b64144ccf1df_6.0.19041.844_none_ca00b6081b84eb1d\COMCTL32.dll
0x00007ff8f2350000 - 0x00007ff8f2372000 	C:\WINDOWS\System32\win32u.dll
0x00007ff8f3860000 - 0x00007ff8f388a000 	C:\WINDOWS\System32\GDI32.dll
0x00007ff8f2660000 - 0x00007ff8f276b000 	C:\WINDOWS\System32\gdi32full.dll
0x00007ff8e6740000 - 0x00007ff8e674a000 	C:\WINDOWS\SYSTEM32\VERSION.dll
0x00007ff8f2590000 - 0x00007ff8f262d000 	C:\WINDOWS\System32\msvcp_win.dll
0x00007ff8f4140000 - 0x00007ff8f4170000 	C:\WINDOWS\System32\IMM32.DLL
0x00007ff8ebab0000 - 0x00007ff8ebabc000 	C:\Program Files\Java\jdk-15.0.1\bin\vcruntime140_1.dll
0x00007ff8b3ee0000 - 0x00007ff8b3f71000 	C:\Program Files\Java\jdk-15.0.1\bin\msvcp140.dll
0x00007ff897db0000 - 0x00007ff89890e000 	C:\Program Files\Java\jdk-15.0.1\bin\server\jvm.dll
0x00007ff8f4280000 - 0x00007ff8f4288000 	C:\WINDOWS\System32\PSAPI.DLL
0x00007ff8d5460000 - 0x00007ff8d5469000 	C:\WINDOWS\SYSTEM32\WSOCK32.dll
0x00007ff8dbb10000 - 0x00007ff8dbb37000 	C:\WINDOWS\SYSTEM32\WINMM.dll
0x00007ff8f3eb0000 - 0x00007ff8f3f1b000 	C:\WINDOWS\System32\WS2_32.dll
0x00007ff8efe80000 - 0x00007ff8efe92000 	C:\WINDOWS\SYSTEM32\kernel.appcore.dll
0x00007ff8eb9a0000 - 0x00007ff8eb9aa000 	C:\Program Files\Java\jdk-15.0.1\bin\jimage.dll
0x00007ff8efbd0000 - 0x00007ff8efdb4000 	C:\WINDOWS\SYSTEM32\DBGHELP.DLL
0x00007ff8d5420000 - 0x00007ff8d544c000 	C:\WINDOWS\SYSTEM32\dbgcore.DLL
0x00007ff8f2770000 - 0x00007ff8f27f0000 	C:\WINDOWS\System32\bcryptPrimitives.dll
0x00007ff8e28c0000 - 0x00007ff8e28e5000 	C:\Program Files\Java\jdk-15.0.1\bin\java.dll
0x00007ff8f2ca0000 - 0x00007ff8f33e2000 	C:\WINDOWS\System32\SHELL32.dll
0x00007ff8f0010000 - 0x00007ff8f07a1000 	C:\WINDOWS\SYSTEM32\windows.storage.dll
0x00007ff8f43f0000 - 0x00007ff8f4745000 	C:\WINDOWS\System32\combase.dll
0x00007ff8f1940000 - 0x00007ff8f196c000 	C:\WINDOWS\SYSTEM32\Wldp.dll
0x00007ff8f4170000 - 0x00007ff8f421e000 	C:\WINDOWS\System32\SHCORE.dll
0x00007ff8f4390000 - 0x00007ff8f43e5000 	C:\WINDOWS\System32\shlwapi.dll
0x00007ff8f1e10000 - 0x00007ff8f1e2f000 	C:\WINDOWS\SYSTEM32\profapi.dll
0x00007ff8e0a50000 - 0x00007ff8e0a69000 	C:\Program Files\Java\jdk-15.0.1\bin\net.dll
0x00007ff8e1580000 - 0x00007ff8e168b000 	C:\WINDOWS\SYSTEM32\WINHTTP.dll
0x00007ff8f16b0000 - 0x00007ff8f171a000 	C:\WINDOWS\system32\mswsock.dll
0x00007ff8df560000 - 0x00007ff8df572000 	C:\Program Files\Java\jdk-15.0.1\bin\nio.dll
0x00007ff8dee00000 - 0x00007ff8dee18000 	C:\Program Files\Java\jdk-15.0.1\bin\zip.dll
0x00007ff8b3e70000 - 0x00007ff8b3ed4000 	C:\Users\elite\AppData\Local\Temp\lwjglelite\3.2.3-build-13\lwjgl.dll
0x00007ff8b3e00000 - 0x00007ff8b3e62000 	C:\Users\elite\AppData\Local\Temp\lwjglelite\3.2.3-build-13\glfw.dll
0x00007ff8ef570000 - 0x00007ff8ef60e000 	C:\WINDOWS\system32\uxtheme.dll
0x00007ff8d55a0000 - 0x00007ff8d55e5000 	C:\WINDOWS\SYSTEM32\dinput8.dll
0x00007ff8ec120000 - 0x00007ff8ec131000 	C:\WINDOWS\SYSTEM32\xinput1_4.dll
0x00007ff8f2380000 - 0x00007ff8f23ce000 	C:\WINDOWS\System32\cfgmgr32.dll
0x00007ff8f1c80000 - 0x00007ff8f1cac000 	C:\WINDOWS\SYSTEM32\DEVOBJ.dll
0x00007ff8ef820000 - 0x00007ff8ef84f000 	C:\WINDOWS\SYSTEM32\dwmapi.dll
0x00007ff8dcd60000 - 0x00007ff8dceb2000 	C:\WINDOWS\SYSTEM32\inputhost.dll
0x00007ff8f3f20000 - 0x00007ff8f3fed000 	C:\WINDOWS\System32\OLEAUT32.dll
0x00007ff8ef250000 - 0x00007ff8ef342000 	C:\WINDOWS\SYSTEM32\CoreMessaging.dll
0x00007ff8ed3d0000 - 0x00007ff8ed524000 	C:\WINDOWS\SYSTEM32\wintypes.dll
0x00007ff8ee5d0000 - 0x00007ff8ee6c7000 	C:\WINDOWS\SYSTEM32\PROPSYS.dll
0x00007ff8eeb70000 - 0x00007ff8eeece000 	C:\WINDOWS\SYSTEM32\CoreUIComponents.dll
0x00007ff8f0c10000 - 0x00007ff8f0c43000 	C:\WINDOWS\SYSTEM32\ntmarta.dll
0x00007ff8f3a30000 - 0x00007ff8f3b45000 	C:\WINDOWS\System32\MSCTF.dll
0x00007ff8f07b0000 - 0x00007ff8f07bd000 	C:\WINDOWS\SYSTEM32\HID.DLL
0x00007ff8f33f0000 - 0x00007ff8f3859000 	C:\WINDOWS\System32\SETUPAPI.DLL
0x00007ff8f2630000 - 0x00007ff8f2657000 	C:\WINDOWS\System32\bcrypt.dll
0x00007ff8f2530000 - 0x00007ff8f2590000 	C:\WINDOWS\System32\WINTRUST.dll
0x00007ff8f23d0000 - 0x00007ff8f252f000 	C:\WINDOWS\System32\CRYPT32.dll
0x00007ff8f1ac0000 - 0x00007ff8f1ad2000 	C:\WINDOWS\SYSTEM32\MSASN1.dll
0x00007ff8d5960000 - 0x00007ff8d5a86000 	C:\WINDOWS\SYSTEM32\opengl32.dll
0x00007ff8eb450000 - 0x00007ff8eb47c000 	C:\WINDOWS\SYSTEM32\GLU32.dll
0x00007ff8f27f0000 - 0x00007ff8f2899000 	C:\WINDOWS\System32\clbcatq.dll
0x00007ff8874c0000 - 0x00007ff889e58000 	C:\WINDOWS\System32\DriverStore\FileRepository\nvrzui.inf_amd64_95061cbb24b5eebb\nvoglv64.dll
0x00007ff8f4010000 - 0x00007ff8f413a000 	C:\WINDOWS\System32\ole32.dll
0x00007ff8ecd10000 - 0x00007ff8ecd24000 	C:\WINDOWS\SYSTEM32\WTSAPI32.dll
0x00007ff8e8270000 - 0x00007ff8e82ab000 	C:\WINDOWS\SYSTEM32\dxcore.dll
0x00007ff8b2c10000 - 0x00007ff8b2ebe000 	C:\WINDOWS\system32\nvspcap64.dll
0x00007ff8f1470000 - 0x00007ff8f14bb000 	C:\WINDOWS\SYSTEM32\powrprof.dll
0x00007ff8f1330000 - 0x00007ff8f1342000 	C:\WINDOWS\SYSTEM32\UMPDC.dll
0x00007ff8f0cc0000 - 0x00007ff8f0d1a000 	C:\WINDOWS\SYSTEM32\WINSTA.dll
0x00007ff8b3da0000 - 0x00007ff8b3df9000 	C:\Users\elite\AppData\Local\Temp\lwjglelite\3.2.3-build-13\lwjgl_opengl.dll
0x00007ff8ddad0000 - 0x00007ff8ddbc9000 	C:\WINDOWS\SYSTEM32\textinputframework.dll

dbghelp: loaded successfully - version: 4.0.5 - missing functions: none
symbol engine: initialized successfully - sym options: 0x614 - pdb path: .;C:\Program Files\Java\jdk-15.0.1\bin;C:\WINDOWS\SYSTEM32;C:\WINDOWS\WinSxS\amd64_microsoft.windows.common-controls_6595b64144ccf1df_6.0.19041.844_none_ca00b6081b84eb1d;C:\Program Files\Java\jdk-15.0.1\bin\server;C:\Users\elite\AppData\Local\Temp\lwjglelite\3.2.3-build-13;C:\WINDOWS\System32\DriverStore\FileRepository\nvrzui.inf_amd64_95061cbb24b5eebb

VM Arguments:
jvm_args: -XX:+ShowCodeDetailsInExceptionMessages -Dfile.encoding=UTF-8 
java_command: Main
java_class_path (initial): C:\Users\elite\AppData\Roaming\Code\User\workspaceStorage\324dc56328435073811ea3739a37b381\redhat.java\jdt_ws\svo-raytracer_29718bbc\bin;C:\Users\elite\Documents\GitHub\svo-raytracer\lib\lwjgl-opencl.jar;C:\Users\elite\Documents\GitHub\svo-raytracer\lib\lwjgl-opengl-javadoc.jar;C:\Users\elite\Documents\GitHub\svo-raytracer\lib\lwjgl-stb-javadoc.jar;C:\Users\elite\Documents\GitHub\svo-raytracer\lib\lwjgl-natives-windows.jar;C:\Users\elite\Documents\GitHub\svo-raytracer\lib\lwjgl-opencl-javadoc.jar;C:\Users\elite\Documents\GitHub\svo-raytracer\lib\lwjgl-openal-javadoc.jar;C:\Users\elite\Documents\GitHub\svo-raytracer\lib\lwjgl-glfw.jar;C:\Users\elite\Documents\GitHub\svo-raytracer\lib\lwjgl.jar;C:\Users\elite\Documents\GitHub\svo-raytracer\lib\lwjgl-assimp-javadoc.jar;C:\Users\elite\Documents\GitHub\svo-raytracer\lib\lwjgl-assimp.jar;C:\Users\elite\Documents\GitHub\svo-raytracer\lib\lwjgl-opengl-natives-windows.jar;C:\Users\elite\Documents\GitHub\svo-raytracer\lib\lwjgl-glfw-javadoc.jar;C:\Users\elite\Documents\GitHub\svo-raytracer\lib\lwjgl-javadoc.jar;C:\Users\elite\Documents\GitHub\svo-raytracer\lib\lwjgl-openal-natives-windows.jar;C:\Users\elite\Documents\GitHub\svo-raytracer\lib\lwjgl-openal.jar;C:\Users\elite\Documents\GitHub\svo-raytracer\lib\lwjgl-stb-natives-windows.jar;C:\Users\elite\Documents\GitHub\svo-raytracer\lib\lwjgl-glfw-natives-windows.jar;C:\Users\elite\Documents\GitHub\svo-raytracer\lib\lwjgl-opengl.jar;C:\Users\elite\Documents\GitHub\svo-raytracer\lib\lwjgl-cuda-javadoc.jar;C:\Users\elite\Documents\GitHub\svo-raytracer\lib\lwjgl-stb.jar;C:\Users\elite\Documents\GitHub\svo-raytracer\lib\lwjgl-assimp-natives-windows.jar;C:\Users\elite\Documents\GitHub\svo-raytracer\lib\lwjgl-cuda.jar
Launcher Type: SUN_STANDARD

[Global flags]
     intx CICompilerCount                          = 4                                         {product} {ergonomic}
     uint ConcGCThreads                            = 3                                         {product} {ergonomic}
     uint G1ConcRefinementThreads                  = 10                                        {product} {ergonomic}
   size_t G1HeapRegionSize                         = 2097152                                   {product} {ergonomic}
    uintx GCDrainStackTargetSize                   = 64                                        {product} {ergonomic}
   size_t InitialHeapSize                          = 266338304                                 {product} {ergonomic}
   size_t MarkStackSize                            = 4194304                                   {product} {ergonomic}
   size_t MaxHeapSize                              = 4259315712                                {product} {ergonomic}
   size_t MaxNewSize                               = 2554331136                                {product} {ergonomic}
   size_t MinHeapDeltaBytes                        = 2097152                                   {product} {ergonomic}
   size_t MinHeapSize                              = 8388608                                   {product} {ergonomic}
    uintx NonNMethodCodeHeapSize                   = 5839372                                {pd product} {ergonomic}
    uintx NonProfiledCodeHeapSize                  = 122909434                              {pd product} {ergonomic}
    uintx ProfiledCodeHeapSize                     = 122909434                              {pd product} {ergonomic}
    uintx ReservedCodeCacheSize                    = 251658240                              {pd product} {ergonomic}
     bool SegmentedCodeCache                       = true                                      {product} {ergonomic}
     bool ShowCodeDetailsInExceptionMessages       = true                                   {manageable} {command line}
   size_t SoftMaxHeapSize                          = 4259315712                             {manageable} {ergonomic}
     bool UseCompressedClassPointers               = true                                 {lp64_product} {ergonomic}
     bool UseCompressedOops                        = true                                 {lp64_product} {ergonomic}
     bool UseG1GC                                  = true                                      {product} {ergonomic}
     bool UseLargePagesIndividualAllocation        = false                                  {pd product} {ergonomic}

Logging:
Log output configuration:
 #0: stdout all=warning uptime,level,tags
 #1: stderr all=off uptime,level,tags

Environment Variables:
PATH=C:\Program Files\Git\mingw64\bin;C:\Program Files\Git\usr\bin;C:\Users\elite\bin;C:\Program Files\Common Files\Oracle\Java\javapath;C:\Program Files\AdoptOpenJDK\jdk-14.0.2.12-hotspot\bin;C:\Program Files (x86)\Razer Chroma SDK\bin;C:\Program Files\Razer Chroma SDK\bin;C:\Program Files (x86)\Razer\ChromaBroadcast\bin;C:\Program Files\Razer\ChromaBroadcast\bin;C:\Program Files\NVIDIA GPU Computing Toolkit\CUDA\v11.1\bin;C:\Program Files\NVIDIA GPU Computing Toolkit\CUDA\v11.1\libnvvp;C:\Windows\system32;C:\Windows;C:\Windows\System32\Wbem;C:\Windows\System32\WindowsPowerShell\v1.0;C:\Windows\System32\OpenSSH;C:\Program Files (x86)\NVIDIA Corporation\PhysX\Common;C:\Program Files\NVIDIA Corporation\NVIDIA NvDLISR;C:\Program Files\NVIDIA Corporation\Nsight Compute 2020.2.0;C:\Windows\system32\config\systemprofile\AppData\Local\Microsoft\WindowsApps;C:\Program Files\nodejs;C:\Program Files\Git\cmd;C:\Users\elite\AppData\Local\Programs\Python\Python39;C:\Program Files\CMake\bin;C:\WINDOWS\system32;C:\WINDOWS;C:\WINDOWS\System32\Wbem;C:\WINDOWS\System32\WindowsPowerShell\v1.0;C:\WINDOWS\System32\OpenSSH;C:\Program Files\LLVM\bin;C:\Users\elite\AppData\Local\Microsoft\WindowsApps;C:\Users\elite\AppData\Local\GitHubDesktop\bin;C:\Users\elite\AppData\Local\Programs\Microsoft VS Code\bin;C:\Users\elite\AppData\Roaming\npm;C:\Program Files\heroku\bin;C:\texlive\2020\bin\win32
USERNAME=elite
LANG=en_US.UTF-8
OS=Windows_NT
PROCESSOR_IDENTIFIER=Intel64 Family 6 Model 165 Stepping 2, GenuineIntel



---------------  S Y S T E M  ---------------

OS:
 Windows 10 , 64 bit Build 19041 (10.0.19041.928)
OS uptime: 4 days 12:30 hours

CPU: total 12 (initial active 12) (6 cores per cpu, 2 threads per core) family 6 model 165 stepping 2 microcode 0xc8, cmov, cx8, fxsr, mmx, sse, sse2, sse3, ssse3, sse4.1, sse4.2, popcnt, vzeroupper, avx, avx2, aes, clmul, erms, 3dnowpref, lzcnt, ht, tsc, tscinvbit, bmi1, bmi2, adx, fma, clflush, clflushopt

Memory: 4k page, system-wide physical 16245M (7403M free)
TotalPageFile size 20102M (AvailPageFile size 2937M)
current process WorkingSet (physical memory assigned to process): 97M, peak: 97M
current process commit charge ("private bytes"): 405M, peak: 405M

vm_info: Java HotSpot(TM) 64-Bit Server VM (15.0.1+9-18) for windows-amd64 JRE (15.0.1+9-18), built on Sep 15 2020 14:43:54 by "mach5one" with unknown MS VC++:1925

END.
