#
# A fatal error has been detected by the Java Runtime Environment:
#
#  EXCEPTION_ACCESS_VIOLATION (0xc0000005) at pc=0x00007ffcd6d3facd, pid=18648, tid=28868
#
# JRE version: Java(TM) SE Runtime Environment (15.0.1+9) (build 15.0.1+9-18)
# Java VM: Java HotSpot(TM) 64-Bit Server VM (15.0.1+9-18, mixed mode, sharing, tiered, compressed oops, g1 gc, windows-amd64)
# Problematic frame:
# C  [lwjgl_opengl.dll+0xfacd]
#
# No core dump will be written. Minidumps are not enabled by default on client versions of Windows
#
# If you would like to submit a bug report, please visit:
#   https://bugreport.java.com/bugreport/crash.jsp
# The crash happened outside the Java Virtual Machine in native code.
# See problematic frame for where to report the bug.
#

---------------  S U M M A R Y ------------

Command Line: -XX:+ShowCodeDetailsInExceptionMessages Main

Host: Intel(R) Core(TM) i7-10750H CPU @ 2.60GHz, 12 cores, 15G,  Windows 10 , 64 bit Build 22621 (10.0.22621.1635)
Time: Mon May 29 19:24:29 2023 Pacific Daylight Time elapsed time: 0.191012 seconds (0d 0h 0m 0s)

---------------  T H R E A D  ---------------

Current thread (0x0000023dfd7236f0):  JavaThread "main" [_thread_in_native, id=28868, stack(0x000000ac80700000,0x000000ac80800000)]

Stack: [0x000000ac80700000,0x000000ac80800000],  sp=0x000000ac807feeb8,  free space=1019k
Native frames: (J=compiled Java code, j=interpreted, Vv=VM code, C=native code)
C  [lwjgl_opengl.dll+0xfacd]

Java frames: (J=compiled Java code, j=interpreted, Vv=VM code)
j  org.lwjgl.opengl.GL30C.nglGenVertexArrays(IJ)V+0
j  org.lwjgl.opengl.GL30C.glGenVertexArrays()I+20
j  Main.preRun()V+0
j  Application.launch(LApplication;)V+1
j  Main.main([Ljava/lang/String;)V+7
v  ~StubRoutines::call_stub

siginfo: EXCEPTION_ACCESS_VIOLATION (0xc0000005), reading address 0x00000000000013c8


Register to memory mapping:

RIP=0x00007ffcd6d3facd lwjgl_opengl.dll
RAX=0x0000023da4bd2a30 points into unknown readable memory: 0x0000000000000000 | 00 00 00 00 00 00 00 00
RBX={method} {0x0000023da4677f18} 'nglGenVertexArrays' '(IJ)V' in 'org/lwjgl/opengl/GL30C'
RCX=0x0000000000000001 is an unknown value
RDX=0x0000023da503f5cc points into unknown readable memory: 00 00 00 00
RSP=0x000000ac807feeb8 is pointing into the stack for thread: 0x0000023dfd7236f0
RBP=0x000000ac807fef40 is pointing into the stack for thread: 0x0000023dfd7236f0
RSI=0x0000023da4386bd8 is pointing into metadata
RDI=0x0000023d88189c90 is at code_begin+1040 in an Interpreter codelet
invoke return entry points  [0x0000023d88189880, 0x0000023d8818a280]  2560 bytes
R8 =0x0000000000000001 is an unknown value
R9 =0x0000023da503f5cc points into unknown readable memory: 00 00 00 00
R10=0x0 is NULL
R11=0x0000000711c813c0 is an oop: java.lang.Class 
{0x0000000711c813c0} - klass: 'java/lang/Class'
R12=0x0 is NULL
R13={method} {0x0000023da4677f18} 'nglGenVertexArrays' '(IJ)V' in 'org/lwjgl/opengl/GL30C'
R14=0x000000ac807fef70 is pointing into the stack for thread: 0x0000023dfd7236f0
R15=0x0000023dfd7236f0 is a thread


Registers:
RAX=0x0000023da4bd2a30, RBX=0x0000023da4677f10, RCX=0x0000000000000001, RDX=0x0000023da503f5cc
RSP=0x000000ac807feeb8, RBP=0x000000ac807fef40, RSI=0x0000023da4386bd8, RDI=0x0000023d88189c90
R8 =0x0000000000000001, R9 =0x0000023da503f5cc, R10=0x0000000000000000, R11=0x0000000711c813c0
R12=0x0000000000000000, R13=0x0000023da4677f10, R14=0x000000ac807fef70, R15=0x0000023dfd7236f0
RIP=0x00007ffcd6d3facd, EFLAGS=0x0000000000010206

Top of Stack: (sp=0x000000ac807feeb8)
0x000000ac807feeb8:   0000023d8818f177 0000023d88189c90
0x000000ac807feec8:   0000023d8818ee72 0000023da4677f10
0x000000ac807feed8:   0000023da4386bd8 000000ac807fef58
0x000000ac807feee8:   0000023d88189c90 0000023d8818ee16
0x000000ac807feef8:   000000ac807feef8 0000023da4677f10
0x000000ac807fef08:   000000ac807fef70 0000023da46b4e80
0x000000ac807fef18:   0000000000000000 0000000711c813c0
0x000000ac807fef28:   0000023da4677f10 0000000000000000
0x000000ac807fef38:   000000ac807fef60 000000ac807fefc0
0x000000ac807fef48:   0000023d8818a1aa 0000000711c813c0
0x000000ac807fef58:   0000023d8818c218 0000023da503f5cc
0x000000ac807fef68:   0000000000000000 0000000000000001
0x000000ac807fef78:   000000ac807fef78 0000023da4678094
0x000000ac807fef88:   000000ac807feff0 0000023da46b4e80
0x000000ac807fef98:   0000000000000000 0000000711c813c0
0x000000ac807fefa8:   0000023da4678100 000000ac807fef60 

Instructions: (pc=0x00007ffcd6d3facd)
0x00007ffcd6d3f9cd:   98 13 00 00 cc cc cc cc cc cc cc cc cc cc cc cc
0x00007ffcd6d3f9dd:   cc cc cc 48 8b 01 48 8b 48 18 48 ff a1 a0 13 00
0x00007ffcd6d3f9ed:   00 cc cc 40 53 48 8b 01 41 8b d8 4c 8b 44 24 30
0x00007ffcd6d3f9fd:   41 8b d1 44 8b 4c 24 38 8b cb 4c 8b 50 18 5b 49
0x00007ffcd6d3fa0d:   ff a2 a8 13 00 00 cc cc cc cc cc cc cc cc cc cc
0x00007ffcd6d3fa1d:   cc cc cc 40 53 48 83 ec 40 48 8b 01 41 8b d8 44
0x00007ffcd6d3fa2d:   8b 44 24 70 41 8b d1 4c 8b 4c 24 78 8b cb 4c 8b
0x00007ffcd6d3fa3d:   50 18 48 8b 84 24 90 00 00 00 48 89 44 24 30 48
0x00007ffcd6d3fa4d:   8b 84 24 88 00 00 00 48 89 44 24 28 48 8b 84 24
0x00007ffcd6d3fa5d:   80 00 00 00 48 89 44 24 20 41 ff 92 b0 13 00 00
0x00007ffcd6d3fa6d:   48 83 c4 40 5b c3 cc cc cc cc cc cc cc cc cc cc
0x00007ffcd6d3fa7d:   cc cc cc 48 8b 01 41 8b c8 48 8b 50 18 48 ff a2
0x00007ffcd6d3fa8d:   b8 13 00 00 cc cc cc cc cc cc cc cc cc cc cc cc
0x00007ffcd6d3fa9d:   cc cc cc 48 8b 01 49 8b d1 41 8b c8 4c 8b 50 18
0x00007ffcd6d3faad:   49 ff a2 c0 13 00 00 cc cc cc cc cc cc cc cc cc
0x00007ffcd6d3fabd:   cc cc cc 48 8b 01 49 8b d1 41 8b c8 4c 8b 50 18
0x00007ffcd6d3facd:   49 ff a2 c8 13 00 00 cc cc cc cc cc cc cc cc cc
0x00007ffcd6d3fadd:   cc cc cc 48 8b 01 48 8b 48 18 48 8b 81 d0 13 00
0x00007ffcd6d3faed:   00 41 8b c8 48 ff e0 cc cc cc cc cc cc cc cc cc
0x00007ffcd6d3fafd:   cc cc cc 40 53 48 8b 01 41 8b d8 44 8b 44 24 30
0x00007ffcd6d3fb0d:   41 8b d1 44 8b 4c 24 38 8b cb 4c 8b 50 18 5b 49
0x00007ffcd6d3fb1d:   ff a2 d8 13 00 00 cc cc cc cc cc cc cc cc cc cc
0x00007ffcd6d3fb2d:   cc cc cc 40 53 48 8b 01 41 8b d8 44 8b 44 24 30
0x00007ffcd6d3fb3d:   41 8b d1 4c 8b 4c 24 38 8b cb 4c 8b 50 18 8b 44
0x00007ffcd6d3fb4d:   24 40 89 44 24 30 5b 49 ff a2 e0 13 00 00 cc cc
0x00007ffcd6d3fb5d:   cc cc cc 40 53 48 8b 01 41 8b d8 4c 8b 44 24 30
0x00007ffcd6d3fb6d:   41 8b d1 4c 8b 4c 24 38 8b cb 4c 8b 50 18 48 8b
0x00007ffcd6d3fb7d:   44 24 40 48 89 44 24 30 5b 49 ff a2 e8 13 00 00
0x00007ffcd6d3fb8d:   cc cc cc 48 8b 01 41 8b c8 48 8b 50 18 48 ff a2
0x00007ffcd6d3fb9d:   f0 13 00 00 cc cc cc cc cc cc cc cc cc cc cc cc
0x00007ffcd6d3fbad:   cc cc cc 48 8b 01 45 8b d8 44 8b 44 24 28 41 8b
0x00007ffcd6d3fbbd:   d1 41 8b cb 4c 8b 50 18 49 ff a2 f8 13 00 00 cc 


Stack slot to memory mapping:
stack at sp + 0 slots: 0x0000023d8818f177 is at code_begin+1047 in an Interpreter codelet
method entry point (kind = native)  [0x0000023d8818ed60, 0x0000023d8818f7e0]  2688 bytes
stack at sp + 1 slots: 0x0000023d88189c90 is at code_begin+1040 in an Interpreter codelet
invoke return entry points  [0x0000023d88189880, 0x0000023d8818a280]  2560 bytes
stack at sp + 2 slots: 0x0000023d8818ee72 is at code_begin+274 in an Interpreter codelet
method entry point (kind = native)  [0x0000023d8818ed60, 0x0000023d8818f7e0]  2688 bytes
stack at sp + 3 slots: {method} {0x0000023da4677f18} 'nglGenVertexArrays' '(IJ)V' in 'org/lwjgl/opengl/GL30C'
stack at sp + 4 slots: 0x0000023da4386bd8 is pointing into metadata
stack at sp + 5 slots: 0x000000ac807fef58 is pointing into the stack for thread: 0x0000023dfd7236f0
stack at sp + 6 slots: 0x0000023d88189c90 is at code_begin+1040 in an Interpreter codelet
invoke return entry points  [0x0000023d88189880, 0x0000023d8818a280]  2560 bytes
stack at sp + 7 slots: 0x0000023d8818ee16 is at code_begin+182 in an Interpreter codelet
method entry point (kind = native)  [0x0000023d8818ed60, 0x0000023d8818f7e0]  2688 bytes


---------------  P R O C E S S  ---------------

Threads class SMR info:
_java_thread_list=0x0000023da4bc2110, length=11, elements={
0x0000023dfd7236f0, 0x0000023da4a558a0, 0x0000023da4a56470, 0x0000023da4a72630,
0x0000023da4a72ff0, 0x0000023da4a76ac0, 0x0000023da4a7b7c0, 0x0000023da4a8dd00,
0x0000023da4a8f2e0, 0x0000023da4bb4fa0, 0x0000023da4bc77a0
}

Java Threads: ( => current thread )
=>0x0000023dfd7236f0 JavaThread "main" [_thread_in_native, id=28868, stack(0x000000ac80700000,0x000000ac80800000)]
  0x0000023da4a558a0 JavaThread "Reference Handler" daemon [_thread_blocked, id=6780, stack(0x000000ac80e00000,0x000000ac80f00000)]
  0x0000023da4a56470 JavaThread "Finalizer" daemon [_thread_blocked, id=27892, stack(0x000000ac80f00000,0x000000ac81000000)]
  0x0000023da4a72630 JavaThread "Signal Dispatcher" daemon [_thread_blocked, id=20580, stack(0x000000ac81000000,0x000000ac81100000)]
  0x0000023da4a72ff0 JavaThread "Attach Listener" daemon [_thread_blocked, id=44268, stack(0x000000ac81100000,0x000000ac81200000)]
  0x0000023da4a76ac0 JavaThread "Service Thread" daemon [_thread_blocked, id=42032, stack(0x000000ac81200000,0x000000ac81300000)]
  0x0000023da4a7b7c0 JavaThread "C2 CompilerThread0" daemon [_thread_blocked, id=46900, stack(0x000000ac81300000,0x000000ac81400000)]
  0x0000023da4a8dd00 JavaThread "C1 CompilerThread0" daemon [_thread_blocked, id=28572, stack(0x000000ac81400000,0x000000ac81500000)]
  0x0000023da4a8f2e0 JavaThread "Sweeper thread" daemon [_thread_blocked, id=42696, stack(0x000000ac81500000,0x000000ac81600000)]
  0x0000023da4bb4fa0 JavaThread "Notification Thread" daemon [_thread_blocked, id=7928, stack(0x000000ac81600000,0x000000ac81700000)]
  0x0000023da4bc77a0 JavaThread "Common-Cleaner" daemon [_thread_blocked, id=37188, stack(0x000000ac81800000,0x000000ac81900000)]

Other Threads:
  0x0000023da4a54110 VMThread "VM Thread" [stack: 0x000000ac80d00000,0x000000ac80e00000] [id=6560]
  0x0000023da4bc5480 WatcherThread [stack: 0x000000ac81700000,0x000000ac81800000] [id=15004]
  0x0000023dfd77ff10 GCTaskThread "GC Thread#0" [stack: 0x000000ac80800000,0x000000ac80900000] [id=46936]
  0x0000023dfd790f90 ConcurrentGCThread "G1 Main Marker" [stack: 0x000000ac80900000,0x000000ac80a00000] [id=15284]
  0x0000023dfd792320 ConcurrentGCThread "G1 Conc#0" [stack: 0x000000ac80a00000,0x000000ac80b00000] [id=3732]
  0x0000023dfd7edef0 ConcurrentGCThread "G1 Refine#0" [stack: 0x000000ac80b00000,0x000000ac80c00000] [id=40424]
  0x0000023dfd7ee830 ConcurrentGCThread "G1 Young RemSet Sampling" [stack: 0x000000ac80c00000,0x000000ac80d00000] [id=46824]

Threads with active compile tasks:

VM state: not at safepoint (normal execution)

VM Mutex/Monitor currently owned by a thread: None

Heap address: 0x0000000702200000, size: 4062 MB, Compressed Oops mode: Zero based, Oop shift amount: 3
CDS archive(s) mapped at: [0x0000000800000000-0x0000000800b50000-0x0000000800b50000), size 11862016, SharedBaseAddress: 0x0000000800000000, ArchiveRelocationMode: 0.
Compressed class space mapped at: 0x0000000800b50000-0x0000000840b50000, size: 1073741824
Narrow klass base: 0x0000000800000000, Narrow klass shift: 3, Narrow klass range: 0x100000000

GC Precious Log:
 CPUs: 12 total, 12 available
 Memory: 16245M
 Large Page Support: Disabled
 NUMA Support: Disabled
 Compressed Oops: Enabled (Zero based)
 Heap Region Size: 2M
 Heap Min Capacity: 8M
 Heap Initial Capacity: 254M
 Heap Max Capacity: 4062M
 Pre-touch: Disabled
 Parallel Workers: 10
 Concurrent Workers: 3
 Concurrent Refinement Workers: 10
 Periodic GC: Disabled

Heap:
 garbage-first heap   total 260096K, used 4096K [0x0000000702200000, 0x0000000800000000)
  region size 2048K, 3 young (6144K), 0 survivors (0K)
 Metaspace       used 2383K, capacity 5543K, committed 5632K, reserved 1056768K
  class space    used 190K, capacity 483K, committed 512K, reserved 1048576K

Heap Regions: E=young(eden), S=young(survivor), O=old, HS=humongous(starts), HC=humongous(continues), CS=collection set, F=free, OA=open archive, CA=closed archive, TAMS=top-at-mark-start (previous, next)
|   0|0x0000000702200000, 0x0000000702200000, 0x0000000702400000|  0%| F|  |TAMS 0x0000000702200000, 0x0000000702200000| Untracked 
|   1|0x0000000702400000, 0x0000000702400000, 0x0000000702600000|  0%| F|  |TAMS 0x0000000702400000, 0x0000000702400000| Untracked 
|   2|0x0000000702600000, 0x0000000702600000, 0x0000000702800000|  0%| F|  |TAMS 0x0000000702600000, 0x0000000702600000| Untracked 
|   3|0x0000000702800000, 0x0000000702800000, 0x0000000702a00000|  0%| F|  |TAMS 0x0000000702800000, 0x0000000702800000| Untracked 
|   4|0x0000000702a00000, 0x0000000702a00000, 0x0000000702c00000|  0%| F|  |TAMS 0x0000000702a00000, 0x0000000702a00000| Untracked 
|   5|0x0000000702c00000, 0x0000000702c00000, 0x0000000702e00000|  0%| F|  |TAMS 0x0000000702c00000, 0x0000000702c00000| Untracked 
|   6|0x0000000702e00000, 0x0000000702e00000, 0x0000000703000000|  0%| F|  |TAMS 0x0000000702e00000, 0x0000000702e00000| Untracked 
|   7|0x0000000703000000, 0x0000000703000000, 0x0000000703200000|  0%| F|  |TAMS 0x0000000703000000, 0x0000000703000000| Untracked 
|   8|0x0000000703200000, 0x0000000703200000, 0x0000000703400000|  0%| F|  |TAMS 0x0000000703200000, 0x0000000703200000| Untracked 
|   9|0x0000000703400000, 0x0000000703400000, 0x0000000703600000|  0%| F|  |TAMS 0x0000000703400000, 0x0000000703400000| Untracked 
|  10|0x0000000703600000, 0x0000000703600000, 0x0000000703800000|  0%| F|  |TAMS 0x0000000703600000, 0x0000000703600000| Untracked 
|  11|0x0000000703800000, 0x0000000703800000, 0x0000000703a00000|  0%| F|  |TAMS 0x0000000703800000, 0x0000000703800000| Untracked 
|  12|0x0000000703a00000, 0x0000000703a00000, 0x0000000703c00000|  0%| F|  |TAMS 0x0000000703a00000, 0x0000000703a00000| Untracked 
|  13|0x0000000703c00000, 0x0000000703c00000, 0x0000000703e00000|  0%| F|  |TAMS 0x0000000703c00000, 0x0000000703c00000| Untracked 
|  14|0x0000000703e00000, 0x0000000703e00000, 0x0000000704000000|  0%| F|  |TAMS 0x0000000703e00000, 0x0000000703e00000| Untracked 
|  15|0x0000000704000000, 0x0000000704000000, 0x0000000704200000|  0%| F|  |TAMS 0x0000000704000000, 0x0000000704000000| Untracked 
|  16|0x0000000704200000, 0x0000000704200000, 0x0000000704400000|  0%| F|  |TAMS 0x0000000704200000, 0x0000000704200000| Untracked 
|  17|0x0000000704400000, 0x0000000704400000, 0x0000000704600000|  0%| F|  |TAMS 0x0000000704400000, 0x0000000704400000| Untracked 
|  18|0x0000000704600000, 0x0000000704600000, 0x0000000704800000|  0%| F|  |TAMS 0x0000000704600000, 0x0000000704600000| Untracked 
|  19|0x0000000704800000, 0x0000000704800000, 0x0000000704a00000|  0%| F|  |TAMS 0x0000000704800000, 0x0000000704800000| Untracked 
|  20|0x0000000704a00000, 0x0000000704a00000, 0x0000000704c00000|  0%| F|  |TAMS 0x0000000704a00000, 0x0000000704a00000| Untracked 
|  21|0x0000000704c00000, 0x0000000704c00000, 0x0000000704e00000|  0%| F|  |TAMS 0x0000000704c00000, 0x0000000704c00000| Untracked 
|  22|0x0000000704e00000, 0x0000000704e00000, 0x0000000705000000|  0%| F|  |TAMS 0x0000000704e00000, 0x0000000704e00000| Untracked 
|  23|0x0000000705000000, 0x0000000705000000, 0x0000000705200000|  0%| F|  |TAMS 0x0000000705000000, 0x0000000705000000| Untracked 
|  24|0x0000000705200000, 0x0000000705200000, 0x0000000705400000|  0%| F|  |TAMS 0x0000000705200000, 0x0000000705200000| Untracked 
|  25|0x0000000705400000, 0x0000000705400000, 0x0000000705600000|  0%| F|  |TAMS 0x0000000705400000, 0x0000000705400000| Untracked 
|  26|0x0000000705600000, 0x0000000705600000, 0x0000000705800000|  0%| F|  |TAMS 0x0000000705600000, 0x0000000705600000| Untracked 
|  27|0x0000000705800000, 0x0000000705800000, 0x0000000705a00000|  0%| F|  |TAMS 0x0000000705800000, 0x0000000705800000| Untracked 
|  28|0x0000000705a00000, 0x0000000705a00000, 0x0000000705c00000|  0%| F|  |TAMS 0x0000000705a00000, 0x0000000705a00000| Untracked 
|  29|0x0000000705c00000, 0x0000000705c00000, 0x0000000705e00000|  0%| F|  |TAMS 0x0000000705c00000, 0x0000000705c00000| Untracked 
|  30|0x0000000705e00000, 0x0000000705e00000, 0x0000000706000000|  0%| F|  |TAMS 0x0000000705e00000, 0x0000000705e00000| Untracked 
|  31|0x0000000706000000, 0x0000000706000000, 0x0000000706200000|  0%| F|  |TAMS 0x0000000706000000, 0x0000000706000000| Untracked 
|  32|0x0000000706200000, 0x0000000706200000, 0x0000000706400000|  0%| F|  |TAMS 0x0000000706200000, 0x0000000706200000| Untracked 
|  33|0x0000000706400000, 0x0000000706400000, 0x0000000706600000|  0%| F|  |TAMS 0x0000000706400000, 0x0000000706400000| Untracked 
|  34|0x0000000706600000, 0x0000000706600000, 0x0000000706800000|  0%| F|  |TAMS 0x0000000706600000, 0x0000000706600000| Untracked 
|  35|0x0000000706800000, 0x0000000706800000, 0x0000000706a00000|  0%| F|  |TAMS 0x0000000706800000, 0x0000000706800000| Untracked 
|  36|0x0000000706a00000, 0x0000000706a00000, 0x0000000706c00000|  0%| F|  |TAMS 0x0000000706a00000, 0x0000000706a00000| Untracked 
|  37|0x0000000706c00000, 0x0000000706c00000, 0x0000000706e00000|  0%| F|  |TAMS 0x0000000706c00000, 0x0000000706c00000| Untracked 
|  38|0x0000000706e00000, 0x0000000706e00000, 0x0000000707000000|  0%| F|  |TAMS 0x0000000706e00000, 0x0000000706e00000| Untracked 
|  39|0x0000000707000000, 0x0000000707000000, 0x0000000707200000|  0%| F|  |TAMS 0x0000000707000000, 0x0000000707000000| Untracked 
|  40|0x0000000707200000, 0x0000000707200000, 0x0000000707400000|  0%| F|  |TAMS 0x0000000707200000, 0x0000000707200000| Untracked 
|  41|0x0000000707400000, 0x0000000707400000, 0x0000000707600000|  0%| F|  |TAMS 0x0000000707400000, 0x0000000707400000| Untracked 
|  42|0x0000000707600000, 0x0000000707600000, 0x0000000707800000|  0%| F|  |TAMS 0x0000000707600000, 0x0000000707600000| Untracked 
|  43|0x0000000707800000, 0x0000000707800000, 0x0000000707a00000|  0%| F|  |TAMS 0x0000000707800000, 0x0000000707800000| Untracked 
|  44|0x0000000707a00000, 0x0000000707a00000, 0x0000000707c00000|  0%| F|  |TAMS 0x0000000707a00000, 0x0000000707a00000| Untracked 
|  45|0x0000000707c00000, 0x0000000707c00000, 0x0000000707e00000|  0%| F|  |TAMS 0x0000000707c00000, 0x0000000707c00000| Untracked 
|  46|0x0000000707e00000, 0x0000000707e00000, 0x0000000708000000|  0%| F|  |TAMS 0x0000000707e00000, 0x0000000707e00000| Untracked 
|  47|0x0000000708000000, 0x0000000708000000, 0x0000000708200000|  0%| F|  |TAMS 0x0000000708000000, 0x0000000708000000| Untracked 
|  48|0x0000000708200000, 0x0000000708200000, 0x0000000708400000|  0%| F|  |TAMS 0x0000000708200000, 0x0000000708200000| Untracked 
|  49|0x0000000708400000, 0x0000000708400000, 0x0000000708600000|  0%| F|  |TAMS 0x0000000708400000, 0x0000000708400000| Untracked 
|  50|0x0000000708600000, 0x0000000708600000, 0x0000000708800000|  0%| F|  |TAMS 0x0000000708600000, 0x0000000708600000| Untracked 
|  51|0x0000000708800000, 0x0000000708800000, 0x0000000708a00000|  0%| F|  |TAMS 0x0000000708800000, 0x0000000708800000| Untracked 
|  52|0x0000000708a00000, 0x0000000708a00000, 0x0000000708c00000|  0%| F|  |TAMS 0x0000000708a00000, 0x0000000708a00000| Untracked 
|  53|0x0000000708c00000, 0x0000000708c00000, 0x0000000708e00000|  0%| F|  |TAMS 0x0000000708c00000, 0x0000000708c00000| Untracked 
|  54|0x0000000708e00000, 0x0000000708e00000, 0x0000000709000000|  0%| F|  |TAMS 0x0000000708e00000, 0x0000000708e00000| Untracked 
|  55|0x0000000709000000, 0x0000000709000000, 0x0000000709200000|  0%| F|  |TAMS 0x0000000709000000, 0x0000000709000000| Untracked 
|  56|0x0000000709200000, 0x0000000709200000, 0x0000000709400000|  0%| F|  |TAMS 0x0000000709200000, 0x0000000709200000| Untracked 
|  57|0x0000000709400000, 0x0000000709400000, 0x0000000709600000|  0%| F|  |TAMS 0x0000000709400000, 0x0000000709400000| Untracked 
|  58|0x0000000709600000, 0x0000000709600000, 0x0000000709800000|  0%| F|  |TAMS 0x0000000709600000, 0x0000000709600000| Untracked 
|  59|0x0000000709800000, 0x0000000709800000, 0x0000000709a00000|  0%| F|  |TAMS 0x0000000709800000, 0x0000000709800000| Untracked 
|  60|0x0000000709a00000, 0x0000000709a00000, 0x0000000709c00000|  0%| F|  |TAMS 0x0000000709a00000, 0x0000000709a00000| Untracked 
|  61|0x0000000709c00000, 0x0000000709c00000, 0x0000000709e00000|  0%| F|  |TAMS 0x0000000709c00000, 0x0000000709c00000| Untracked 
|  62|0x0000000709e00000, 0x0000000709e00000, 0x000000070a000000|  0%| F|  |TAMS 0x0000000709e00000, 0x0000000709e00000| Untracked 
|  63|0x000000070a000000, 0x000000070a000000, 0x000000070a200000|  0%| F|  |TAMS 0x000000070a000000, 0x000000070a000000| Untracked 
|  64|0x000000070a200000, 0x000000070a200000, 0x000000070a400000|  0%| F|  |TAMS 0x000000070a200000, 0x000000070a200000| Untracked 
|  65|0x000000070a400000, 0x000000070a400000, 0x000000070a600000|  0%| F|  |TAMS 0x000000070a400000, 0x000000070a400000| Untracked 
|  66|0x000000070a600000, 0x000000070a600000, 0x000000070a800000|  0%| F|  |TAMS 0x000000070a600000, 0x000000070a600000| Untracked 
|  67|0x000000070a800000, 0x000000070a800000, 0x000000070aa00000|  0%| F|  |TAMS 0x000000070a800000, 0x000000070a800000| Untracked 
|  68|0x000000070aa00000, 0x000000070aa00000, 0x000000070ac00000|  0%| F|  |TAMS 0x000000070aa00000, 0x000000070aa00000| Untracked 
|  69|0x000000070ac00000, 0x000000070ac00000, 0x000000070ae00000|  0%| F|  |TAMS 0x000000070ac00000, 0x000000070ac00000| Untracked 
|  70|0x000000070ae00000, 0x000000070ae00000, 0x000000070b000000|  0%| F|  |TAMS 0x000000070ae00000, 0x000000070ae00000| Untracked 
|  71|0x000000070b000000, 0x000000070b000000, 0x000000070b200000|  0%| F|  |TAMS 0x000000070b000000, 0x000000070b000000| Untracked 
|  72|0x000000070b200000, 0x000000070b200000, 0x000000070b400000|  0%| F|  |TAMS 0x000000070b200000, 0x000000070b200000| Untracked 
|  73|0x000000070b400000, 0x000000070b400000, 0x000000070b600000|  0%| F|  |TAMS 0x000000070b400000, 0x000000070b400000| Untracked 
|  74|0x000000070b600000, 0x000000070b600000, 0x000000070b800000|  0%| F|  |TAMS 0x000000070b600000, 0x000000070b600000| Untracked 
|  75|0x000000070b800000, 0x000000070b800000, 0x000000070ba00000|  0%| F|  |TAMS 0x000000070b800000, 0x000000070b800000| Untracked 
|  76|0x000000070ba00000, 0x000000070ba00000, 0x000000070bc00000|  0%| F|  |TAMS 0x000000070ba00000, 0x000000070ba00000| Untracked 
|  77|0x000000070bc00000, 0x000000070bc00000, 0x000000070be00000|  0%| F|  |TAMS 0x000000070bc00000, 0x000000070bc00000| Untracked 
|  78|0x000000070be00000, 0x000000070be00000, 0x000000070c000000|  0%| F|  |TAMS 0x000000070be00000, 0x000000070be00000| Untracked 
|  79|0x000000070c000000, 0x000000070c000000, 0x000000070c200000|  0%| F|  |TAMS 0x000000070c000000, 0x000000070c000000| Untracked 
|  80|0x000000070c200000, 0x000000070c200000, 0x000000070c400000|  0%| F|  |TAMS 0x000000070c200000, 0x000000070c200000| Untracked 
|  81|0x000000070c400000, 0x000000070c400000, 0x000000070c600000|  0%| F|  |TAMS 0x000000070c400000, 0x000000070c400000| Untracked 
|  82|0x000000070c600000, 0x000000070c600000, 0x000000070c800000|  0%| F|  |TAMS 0x000000070c600000, 0x000000070c600000| Untracked 
|  83|0x000000070c800000, 0x000000070c800000, 0x000000070ca00000|  0%| F|  |TAMS 0x000000070c800000, 0x000000070c800000| Untracked 
|  84|0x000000070ca00000, 0x000000070ca00000, 0x000000070cc00000|  0%| F|  |TAMS 0x000000070ca00000, 0x000000070ca00000| Untracked 
|  85|0x000000070cc00000, 0x000000070cc00000, 0x000000070ce00000|  0%| F|  |TAMS 0x000000070cc00000, 0x000000070cc00000| Untracked 
|  86|0x000000070ce00000, 0x000000070ce00000, 0x000000070d000000|  0%| F|  |TAMS 0x000000070ce00000, 0x000000070ce00000| Untracked 
|  87|0x000000070d000000, 0x000000070d000000, 0x000000070d200000|  0%| F|  |TAMS 0x000000070d000000, 0x000000070d000000| Untracked 
|  88|0x000000070d200000, 0x000000070d200000, 0x000000070d400000|  0%| F|  |TAMS 0x000000070d200000, 0x000000070d200000| Untracked 
|  89|0x000000070d400000, 0x000000070d400000, 0x000000070d600000|  0%| F|  |TAMS 0x000000070d400000, 0x000000070d400000| Untracked 
|  90|0x000000070d600000, 0x000000070d600000, 0x000000070d800000|  0%| F|  |TAMS 0x000000070d600000, 0x000000070d600000| Untracked 
|  91|0x000000070d800000, 0x000000070d800000, 0x000000070da00000|  0%| F|  |TAMS 0x000000070d800000, 0x000000070d800000| Untracked 
|  92|0x000000070da00000, 0x000000070da00000, 0x000000070dc00000|  0%| F|  |TAMS 0x000000070da00000, 0x000000070da00000| Untracked 
|  93|0x000000070dc00000, 0x000000070dc00000, 0x000000070de00000|  0%| F|  |TAMS 0x000000070dc00000, 0x000000070dc00000| Untracked 
|  94|0x000000070de00000, 0x000000070de00000, 0x000000070e000000|  0%| F|  |TAMS 0x000000070de00000, 0x000000070de00000| Untracked 
|  95|0x000000070e000000, 0x000000070e000000, 0x000000070e200000|  0%| F|  |TAMS 0x000000070e000000, 0x000000070e000000| Untracked 
|  96|0x000000070e200000, 0x000000070e200000, 0x000000070e400000|  0%| F|  |TAMS 0x000000070e200000, 0x000000070e200000| Untracked 
|  97|0x000000070e400000, 0x000000070e400000, 0x000000070e600000|  0%| F|  |TAMS 0x000000070e400000, 0x000000070e400000| Untracked 
|  98|0x000000070e600000, 0x000000070e600000, 0x000000070e800000|  0%| F|  |TAMS 0x000000070e600000, 0x000000070e600000| Untracked 
|  99|0x000000070e800000, 0x000000070e800000, 0x000000070ea00000|  0%| F|  |TAMS 0x000000070e800000, 0x000000070e800000| Untracked 
| 100|0x000000070ea00000, 0x000000070ea00000, 0x000000070ec00000|  0%| F|  |TAMS 0x000000070ea00000, 0x000000070ea00000| Untracked 
| 101|0x000000070ec00000, 0x000000070ec00000, 0x000000070ee00000|  0%| F|  |TAMS 0x000000070ec00000, 0x000000070ec00000| Untracked 
| 102|0x000000070ee00000, 0x000000070ee00000, 0x000000070f000000|  0%| F|  |TAMS 0x000000070ee00000, 0x000000070ee00000| Untracked 
| 103|0x000000070f000000, 0x000000070f000000, 0x000000070f200000|  0%| F|  |TAMS 0x000000070f000000, 0x000000070f000000| Untracked 
| 104|0x000000070f200000, 0x000000070f200000, 0x000000070f400000|  0%| F|  |TAMS 0x000000070f200000, 0x000000070f200000| Untracked 
| 105|0x000000070f400000, 0x000000070f400000, 0x000000070f600000|  0%| F|  |TAMS 0x000000070f400000, 0x000000070f400000| Untracked 
| 106|0x000000070f600000, 0x000000070f600000, 0x000000070f800000|  0%| F|  |TAMS 0x000000070f600000, 0x000000070f600000| Untracked 
| 107|0x000000070f800000, 0x000000070f800000, 0x000000070fa00000|  0%| F|  |TAMS 0x000000070f800000, 0x000000070f800000| Untracked 
| 108|0x000000070fa00000, 0x000000070fa00000, 0x000000070fc00000|  0%| F|  |TAMS 0x000000070fa00000, 0x000000070fa00000| Untracked 
| 109|0x000000070fc00000, 0x000000070fc00000, 0x000000070fe00000|  0%| F|  |TAMS 0x000000070fc00000, 0x000000070fc00000| Untracked 
| 110|0x000000070fe00000, 0x000000070fe00000, 0x0000000710000000|  0%| F|  |TAMS 0x000000070fe00000, 0x000000070fe00000| Untracked 
| 111|0x0000000710000000, 0x0000000710000000, 0x0000000710200000|  0%| F|  |TAMS 0x0000000710000000, 0x0000000710000000| Untracked 
| 112|0x0000000710200000, 0x0000000710200000, 0x0000000710400000|  0%| F|  |TAMS 0x0000000710200000, 0x0000000710200000| Untracked 
| 113|0x0000000710400000, 0x0000000710400000, 0x0000000710600000|  0%| F|  |TAMS 0x0000000710400000, 0x0000000710400000| Untracked 
| 114|0x0000000710600000, 0x0000000710600000, 0x0000000710800000|  0%| F|  |TAMS 0x0000000710600000, 0x0000000710600000| Untracked 
| 115|0x0000000710800000, 0x0000000710800000, 0x0000000710a00000|  0%| F|  |TAMS 0x0000000710800000, 0x0000000710800000| Untracked 
| 116|0x0000000710a00000, 0x0000000710a00000, 0x0000000710c00000|  0%| F|  |TAMS 0x0000000710a00000, 0x0000000710a00000| Untracked 
| 117|0x0000000710c00000, 0x0000000710c00000, 0x0000000710e00000|  0%| F|  |TAMS 0x0000000710c00000, 0x0000000710c00000| Untracked 
| 118|0x0000000710e00000, 0x0000000710e00000, 0x0000000711000000|  0%| F|  |TAMS 0x0000000710e00000, 0x0000000710e00000| Untracked 
| 119|0x0000000711000000, 0x0000000711000000, 0x0000000711200000|  0%| F|  |TAMS 0x0000000711000000, 0x0000000711000000| Untracked 
| 120|0x0000000711200000, 0x0000000711200000, 0x0000000711400000|  0%| F|  |TAMS 0x0000000711200000, 0x0000000711200000| Untracked 
| 121|0x0000000711400000, 0x0000000711400000, 0x0000000711600000|  0%| F|  |TAMS 0x0000000711400000, 0x0000000711400000| Untracked 
| 122|0x0000000711600000, 0x0000000711600000, 0x0000000711800000|  0%| F|  |TAMS 0x0000000711600000, 0x0000000711600000| Untracked 
| 123|0x0000000711800000, 0x0000000711800000, 0x0000000711a00000|  0%| F|  |TAMS 0x0000000711800000, 0x0000000711800000| Untracked 
| 124|0x0000000711a00000, 0x0000000711beb928, 0x0000000711c00000| 96%| E|  |TAMS 0x0000000711a00000, 0x0000000711a00000| Complete 
| 125|0x0000000711c00000, 0x0000000711e00000, 0x0000000711e00000|100%| E|CS|TAMS 0x0000000711c00000, 0x0000000711c00000| Complete 
| 126|0x0000000711e00000, 0x0000000712000000, 0x0000000712000000|100%| E|CS|TAMS 0x0000000711e00000, 0x0000000711e00000| Complete 

Card table byte_map: [0x0000023d98620000,0x0000023d98e10000] _byte_map_base: 0x0000023d94e0f000

Marking Bits (Prev, Next): (CMBitMap*) 0x0000023dfd780700, (CMBitMap*) 0x0000023dfd780740
 Prev Bits: [0x0000023d99600000, 0x0000023d9d578000)
 Next Bits: [0x0000023d9d580000, 0x0000023da14f8000)

Polling page: 0x0000023d80000000

Metaspace:

Usage:
  Non-class:      4.94 MB capacity,     2.14 MB ( 43%) used,     2.80 MB ( 57%) free+waste,     4.44 KB ( <1%) overhead. 
      Class:    483.00 KB capacity,   190.52 KB ( 39%) used,   290.35 KB ( 60%) free+waste,     2.12 KB ( <1%) overhead. 
       Both:      5.41 MB capacity,     2.33 MB ( 43%) used,     3.08 MB ( 57%) free+waste,     6.56 KB ( <1%) overhead. 

Virtual space:
  Non-class space:        8.00 MB reserved,       5.00 MB ( 62%) committed 
      Class space:        1.00 GB reserved,     512.00 KB ( <1%) committed 
             Both:        1.01 GB reserved,       5.50 MB ( <1%) committed 

Chunk freelists:
   Non-Class:  60.00 KB
       Class:  0 bytes
        Both:  60.00 KB

MaxMetaspaceSize: 17179869184.00 GB
CompressedClassSpaceSize: 1.00 GB

CodeHeap 'non-profiled nmethods': size=120000Kb used=134Kb max_used=134Kb free=119865Kb
 bounds [0x0000023d8fc50000, 0x0000023d8fec0000, 0x0000023d97180000]
CodeHeap 'profiled nmethods': size=120000Kb used=649Kb max_used=649Kb free=119351Kb
 bounds [0x0000023d88720000, 0x0000023d88990000, 0x0000023d8fc50000]
CodeHeap 'non-nmethods': size=5760Kb used=1173Kb max_used=1187Kb free=4587Kb
 bounds [0x0000023d88180000, 0x0000023d883f0000, 0x0000023d88720000]
 total_blobs=885 nmethods=453 adapters=345
 compilation: enabled
              stopped_count=0, restarted_count=0
 full_count=0

Compilation events (20 events):
Event: 0.183 Thread 0x0000023da4a8dd00 nmethod 440 0x0000023d887ba790 code [0x0000023d887ba920, 0x0000023d887ba9f8]
Event: 0.183 Thread 0x0000023da4a8dd00  441   !   3       jdk.internal.loader.BuiltinClassLoader::loadClassOrNull (143 bytes)
Event: 0.184 Thread 0x0000023da4a7b7c0 nmethod 432 0x0000023d8fc70590 code [0x0000023d8fc70720, 0x0000023d8fc70c38]
Event: 0.184 Thread 0x0000023da4a8dd00 nmethod 441 0x0000023d887baa90 code [0x0000023d887badc0, 0x0000023d887bc358]
Event: 0.184 Thread 0x0000023da4a8dd00  442   !   3       jdk.internal.loader.URLClassPath$JarLoader::getResource (65 bytes)
Event: 0.185 Thread 0x0000023da4a8dd00 nmethod 442 0x0000023d887bcb90 code [0x0000023d887bcde0, 0x0000023d887bd848]
Event: 0.185 Thread 0x0000023da4a8dd00  443       1       java.util.Formatter$Flags::valueOf (5 bytes)
Event: 0.185 Thread 0x0000023da4a8dd00 nmethod 443 0x0000023d8fc70e90 code [0x0000023d8fc71020, 0x0000023d8fc710d8]
Event: 0.185 Thread 0x0000023da4a8dd00  444       1       java.nio.HeapByteBuffer::isDirect (2 bytes)
Event: 0.185 Thread 0x0000023da4a8dd00 nmethod 444 0x0000023d8fc71190 code [0x0000023d8fc71320, 0x0000023d8fc713d8]
Event: 0.185 Thread 0x0000023da4a8dd00  448       3       org.lwjgl.system.MemoryUtil::memPutAddress (29 bytes)
Event: 0.185 Thread 0x0000023da4a8dd00 nmethod 448 0x0000023d887bdb90 code [0x0000023d887bdd40, 0x0000023d887bdf38]
Event: 0.185 Thread 0x0000023da4a8dd00  446       3       java.lang.Integer::toUnsignedLong (7 bytes)
Event: 0.185 Thread 0x0000023da4a8dd00 nmethod 446 0x0000023d887be010 code [0x0000023d887be1a0, 0x0000023d887be298]
Event: 0.185 Thread 0x0000023da4a8dd00  447       3       sun.misc.Unsafe::putLong (11 bytes)
Event: 0.185 Thread 0x0000023da4a8dd00 nmethod 447 0x0000023d887be310 code [0x0000023d887be4a0, 0x0000023d887be598]
Event: 0.185 Thread 0x0000023da4a7b7c0  449       4       java.util.concurrent.ConcurrentHashMap::casTabAt (21 bytes)
Event: 0.185 Thread 0x0000023da4a8dd00  450       3       java.lang.StringConcatHelper::initialCoder (14 bytes)
Event: 0.186 Thread 0x0000023da4a8dd00 nmethod 450 0x0000023d887be610 code [0x0000023d887be7a0, 0x0000023d887be8b8]
Event: 0.186 Thread 0x0000023da4a8dd00  451       3       java.lang.String::concat (15 bytes)

GC Heap History (0 events):
No events

Deoptimization events (6 events):
Event: 0.051 Thread 0x0000023dfd7236f0 Uncommon trap: trap_request=0xffffff45 fr.pc=0x0000023d8fc54044 relative=0x0000000000000224
Event: 0.051 Thread 0x0000023dfd7236f0 Uncommon trap: reason=unstable_if action=reinterpret pc=0x0000023d8fc54044 method=java.lang.String.hashCode()I @ 13 c2
Event: 0.051 Thread 0x0000023dfd7236f0 DEOPT PACKING pc=0x0000023d8fc54044 sp=0x000000ac807fdea0
Event: 0.051 Thread 0x0000023dfd7236f0 DEOPT UNPACKING pc=0x0000023d881ce42f sp=0x000000ac807fde30 mode 2
Event: 0.177 Thread 0x0000023dfd7236f0 DEOPT PACKING pc=0x0000023d887480df sp=0x000000ac807faa40
Event: 0.177 Thread 0x0000023dfd7236f0 DEOPT UNPACKING pc=0x0000023d881ce23f sp=0x000000ac807f9eb8 mode 0

Classes unloaded (0 events):
No events

Classes redefined (0 events):
No events

Internal exceptions (19 events):
Event: 0.095 Thread 0x0000023dfd7236f0 Exception <a 'java/lang/NoSuchMethodError'{0x0000000711cbde10}: 'void java.lang.invoke.DirectMethodHandle$Holder.invokeStatic(java.lang.Object, java.lang.Object)'> (0x0000000711cbde10) 
thrown [./open/src/hotspot/share/interpreter/linkResolver.cpp, line 782]
Event: 0.098 Thread 0x0000023dfd7236f0 Exception <a 'java/lang/NoSuchMethodError'{0x0000000711cca6a0}: 'void java.lang.invoke.DirectMethodHandle$Holder.invokeSpecial(java.lang.Object, java.lang.Object, java.lang.Object)'> (0x0000000711cca6a0) 
thrown [./open/src/hotspot/share/interpreter/linkResolver.cpp, line 782]
Event: 0.102 Thread 0x0000023dfd7236f0 Exception <a 'java/lang/NoSuchMethodError'{0x0000000711ce0608}: 'java.lang.Object java.lang.invoke.DirectMethodHandle$Holder.invokeStatic(java.lang.Object, java.lang.Object, int)'> (0x0000000711ce0608) 
thrown [./open/src/hotspot/share/interpreter/linkResolver.cpp, line 782]
Event: 0.103 Thread 0x0000023dfd7236f0 Exception <a 'java/lang/NoSuchMethodError'{0x0000000711cec8d0}: 'void java.lang.invoke.DelegatingMethodHandle$Holder.delegate(java.lang.Object, java.lang.Object, int, java.lang.Object)'> (0x0000000711cec8d0) 
thrown [./open/src/hotspot/share/interpreter/linkResolver.cpp, line 782]
Event: 0.103 Thread 0x0000023dfd7236f0 Exception <a 'java/lang/NoSuchMethodError'{0x0000000711cf0c18}: 'int java.lang.invoke.DirectMethodHandle$Holder.invokeSpecial(java.lang.Object, java.lang.Object, java.lang.Object)'> (0x0000000711cf0c18) 
thrown [./open/src/hotspot/share/interpreter/linkResolver.cpp, line 782]
Event: 0.135 Thread 0x0000023dfd7236f0 Exception <a 'sun/nio/fs/WindowsException'{0x0000000711db0e30}> (0x0000000711db0e30) 
thrown [./open/src/hotspot/share/prims/jni.cpp, line 578]
Event: 0.135 Thread 0x0000023dfd7236f0 Exception <a 'sun/nio/fs/WindowsException'{0x0000000711db1380}> (0x0000000711db1380) 
thrown [./open/src/hotspot/share/prims/jni.cpp, line 578]
Event: 0.159 Thread 0x0000023dfd7236f0 Exception <a 'sun/nio/fs/WindowsException'{0x0000000711ac48f8}> (0x0000000711ac48f8) 
thrown [./open/src/hotspot/share/prims/jni.cpp, line 578]
Event: 0.159 Thread 0x0000023dfd7236f0 Exception <a 'sun/nio/fs/WindowsException'{0x0000000711ac4ca0}> (0x0000000711ac4ca0) 
thrown [./open/src/hotspot/share/prims/jni.cpp, line 578]
Event: 0.163 Thread 0x0000023dfd7236f0 Exception <a 'sun/nio/fs/WindowsException'{0x0000000711ad2760}> (0x0000000711ad2760) 
thrown [./open/src/hotspot/share/prims/jni.cpp, line 578]
Event: 0.163 Thread 0x0000023dfd7236f0 Exception <a 'sun/nio/fs/WindowsException'{0x0000000711ad2a40}> (0x0000000711ad2a40) 
thrown [./open/src/hotspot/share/prims/jni.cpp, line 578]
Event: 0.166 Thread 0x0000023dfd7236f0 Exception <a 'java/lang/NoSuchMethodError'{0x0000000711ae7040}: 'java.lang.Object java.lang.invoke.DirectMethodHandle$Holder.invokeStatic(java.lang.Object)'> (0x0000000711ae7040) 
thrown [./open/src/hotspot/share/interpreter/linkResolver.cpp, line 782]
Event: 0.166 Thread 0x0000023dfd7236f0 Exception <a 'java/lang/NoSuchMethodError'{0x0000000711b0aa78}: 'java.lang.Object java.lang.invoke.DirectMethodHandle$Holder.invokeStaticInit(java.lang.Object)'> (0x0000000711b0aa78) 
thrown [./open/src/hotspot/share/interpreter/linkResolver.cpp, line 782]
Event: 0.170 Thread 0x0000023dfd7236f0 Exception <a 'java/lang/NoSuchMethodError'{0x0000000711b27a60}: 'int java.lang.invoke.DirectMethodHandle$Holder.invokeStaticInit(java.lang.Object, java.lang.Object, int, long)'> (0x0000000711b27a60) 
thrown [./open/src/hotspot/share/interpreter/linkResolver.cpp, line 782]
Event: 0.171 Thread 0x0000023dfd7236f0 Exception <a 'java/lang/NoSuchMethodError'{0x0000000711b2d7d8}: 'java.lang.Object java.lang.invoke.DirectMethodHandle$Holder.newInvokeSpecial(java.lang.Object, java.lang.Object, int)'> (0x0000000711b2d7d8) 
thrown [./open/src/hotspot/share/interpreter/linkResolver.cpp, line 782]
Event: 0.172 Thread 0x0000023dfd7236f0 Exception <a 'java/lang/NoSuchMethodError'{0x0000000711b3cbc8}: 'int java.lang.invoke.DirectMethodHandle$Holder.invokeStaticInit(java.lang.Object, java.lang.Object, long, long)'> (0x0000000711b3cbc8) 
thrown [./open/src/hotspot/share/interpreter/linkResolver.cpp, line 782]
Event: 0.173 Thread 0x0000023dfd7236f0 Exception <a 'java/lang/NoSuchMethodError'{0x0000000711b432f0}: 'java.lang.Object java.lang.invoke.DirectMethodHandle$Holder.newInvokeSpecial(java.lang.Object, java.lang.Object, long)'> (0x0000000711b432f0) 
thrown [./open/src/hotspot/share/interpreter/linkResolver.cpp, line 782]
Event: 0.173 Thread 0x0000023dfd7236f0 Exception <a 'java/lang/NoSuchMethodError'{0x0000000711b476e0}: 'java.lang.Object java.lang.invoke.Invokers$Holder.linkToTargetMethod(java.lang.Object, long, java.lang.Object)'> (0x0000000711b476e0) 
thrown [./open/src/hotspot/share/interpreter/linkResolver.cpp, line 782]
Event: 0.174 Thread 0x0000023dfd7236f0 Exception <a 'java/lang/NoSuchMethodError'{0x0000000711b4f0c0}: 'int java.lang.invoke.DirectMethodHandle$Holder.invokeStaticInit(java.lang.Object, java.lang.Object, java.lang.Object, long)'> (0x0000000711b4f0c0) 
thrown [./open/src/hotspot/share/interpreter/linkResolver.cpp, line 782]

Events (20 events):
Event: 0.168 loading class sun/misc/Unsafe
Event: 0.168 loading class sun/misc/Unsafe done
Event: 0.169 loading class jdk/internal/reflect/UnsafeFieldAccessorFactory
Event: 0.169 loading class jdk/internal/reflect/UnsafeFieldAccessorFactory done
Event: 0.169 loading class jdk/internal/reflect/UnsafeQualifiedStaticObjectFieldAccessorImpl
Event: 0.169 loading class jdk/internal/reflect/UnsafeQualifiedStaticFieldAccessorImpl
Event: 0.169 loading class jdk/internal/reflect/UnsafeQualifiedStaticFieldAccessorImpl done
Event: 0.169 loading class jdk/internal/reflect/UnsafeQualifiedStaticObjectFieldAccessorImpl done
Event: 0.170 loading class java/util/function/LongPredicate
Event: 0.170 loading class java/util/function/LongPredicate done
Event: 0.171 loading class jdk/internal/access/foreign/MemorySegmentProxy
Event: 0.171 loading class jdk/internal/access/foreign/MemorySegmentProxy done
Event: 0.176 loading class java/math/MutableBigInteger
Event: 0.176 loading class java/math/MutableBigInteger done
Event: 0.177 loading class java/nio/InvalidMarkException
Event: 0.177 loading class java/nio/InvalidMarkException done
Event: 0.177 loading class java/nio/BufferUnderflowException
Event: 0.177 loading class java/nio/BufferUnderflowException done
Event: 0.178 loading class java/lang/IndexOutOfBoundsException
Event: 0.178 loading class java/lang/IndexOutOfBoundsException done


Dynamic libraries:
0x00007ff60d3f0000 - 0x00007ff60d3ff000 	C:\Program Files\Java\jdk-15.0.1\bin\java.exe
0x00007ffce9cb0000 - 0x00007ffce9ec4000 	C:\WINDOWS\SYSTEM32\ntdll.dll
0x00007ffce8880000 - 0x00007ffce8942000 	C:\WINDOWS\System32\KERNEL32.DLL
0x00007ffce73b0000 - 0x00007ffce7753000 	C:\WINDOWS\System32\KERNELBASE.dll
0x00007ffce7290000 - 0x00007ffce73a1000 	C:\WINDOWS\System32\ucrtbase.dll
0x00007ffcdb550000 - 0x00007ffcdb568000 	C:\Program Files\Java\jdk-15.0.1\bin\jli.dll
0x00007ffcdb0a0000 - 0x00007ffcdb0b9000 	C:\Program Files\Java\jdk-15.0.1\bin\VCRUNTIME140.dll
0x00007ffce9630000 - 0x00007ffce96de000 	C:\WINDOWS\System32\ADVAPI32.dll
0x00007ffce8da0000 - 0x00007ffce8e47000 	C:\WINDOWS\System32\msvcrt.dll
0x00007ffce7ad0000 - 0x00007ffce7b74000 	C:\WINDOWS\System32\sechost.dll
0x00007ffce9250000 - 0x00007ffce9367000 	C:\WINDOWS\System32\RPCRT4.dll
0x00007ffce8500000 - 0x00007ffce86ab000 	C:\WINDOWS\System32\USER32.dll
0x00007ffce78d0000 - 0x00007ffce78f6000 	C:\WINDOWS\System32\win32u.dll
0x00007ffcd0170000 - 0x00007ffcd03fe000 	C:\WINDOWS\WinSxS\amd64_microsoft.windows.common-controls_6595b64144ccf1df_6.0.22621.1635_none_270f70857386168e\COMCTL32.dll
0x00007ffce9570000 - 0x00007ffce9599000 	C:\WINDOWS\System32\GDI32.dll
0x00007ffce70d0000 - 0x00007ffce71e8000 	C:\WINDOWS\System32\gdi32full.dll
0x00007ffce71f0000 - 0x00007ffce728a000 	C:\WINDOWS\System32\msvcp_win.dll
0x00007ffcdd840000 - 0x00007ffcdd84a000 	C:\WINDOWS\SYSTEM32\VERSION.dll
0x00007ffce9000000 - 0x00007ffce9031000 	C:\WINDOWS\System32\IMM32.DLL
0x00007ffcdb5f0000 - 0x00007ffcdb5fc000 	C:\Program Files\Java\jdk-15.0.1\bin\vcruntime140_1.dll
0x00007ffcd5030000 - 0x00007ffcd50c1000 	C:\Program Files\Java\jdk-15.0.1\bin\msvcp140.dll
0x00007ffc38630000 - 0x00007ffc3918e000 	C:\Program Files\Java\jdk-15.0.1\bin\server\jvm.dll
0x00007ffce9c60000 - 0x00007ffce9c68000 	C:\WINDOWS\System32\PSAPI.DLL
0x00007ffcde4e0000 - 0x00007ffcde514000 	C:\WINDOWS\SYSTEM32\WINMM.dll
0x00007ffccabe0000 - 0x00007ffccabe9000 	C:\WINDOWS\SYSTEM32\WSOCK32.dll
0x00007ffce9090000 - 0x00007ffce9101000 	C:\WINDOWS\System32\WS2_32.dll
0x00007ffce6210000 - 0x00007ffce6228000 	C:\WINDOWS\SYSTEM32\kernel.appcore.dll
0x00007ffcdb540000 - 0x00007ffcdb54a000 	C:\Program Files\Java\jdk-15.0.1\bin\jimage.dll
0x00007ffce4350000 - 0x00007ffce457e000 	C:\WINDOWS\SYSTEM32\DBGHELP.DLL
0x00007ffce8960000 - 0x00007ffce8ce9000 	C:\WINDOWS\System32\combase.dll
0x00007ffce9170000 - 0x00007ffce9247000 	C:\WINDOWS\System32\OLEAUT32.dll
0x00007ffccbe30000 - 0x00007ffccbe62000 	C:\WINDOWS\SYSTEM32\dbgcore.DLL
0x00007ffce7a30000 - 0x00007ffce7aab000 	C:\WINDOWS\System32\bcryptPrimitives.dll
0x00007ffcd79c0000 - 0x00007ffcd79e5000 	C:\Program Files\Java\jdk-15.0.1\bin\java.dll
0x00007ffce7b80000 - 0x00007ffce837a000 	C:\WINDOWS\System32\SHELL32.dll
0x00007ffce50e0000 - 0x00007ffce59ae000 	C:\WINDOWS\SYSTEM32\windows.storage.dll
0x00007ffce4fa0000 - 0x00007ffce50de000 	C:\WINDOWS\SYSTEM32\wintypes.dll
0x00007ffce96e0000 - 0x00007ffce97d1000 	C:\WINDOWS\System32\SHCORE.dll
0x00007ffce9510000 - 0x00007ffce956e000 	C:\WINDOWS\System32\shlwapi.dll
0x00007ffce7000000 - 0x00007ffce7021000 	C:\WINDOWS\SYSTEM32\profapi.dll
0x00007ffcd78a0000 - 0x00007ffcd78b9000 	C:\Program Files\Java\jdk-15.0.1\bin\net.dll
0x00007ffce06d0000 - 0x00007ffce0807000 	C:\WINDOWS\SYSTEM32\WINHTTP.dll
0x00007ffce6680000 - 0x00007ffce66e9000 	C:\WINDOWS\system32\mswsock.dll
0x00007ffcd7570000 - 0x00007ffcd7582000 	C:\Program Files\Java\jdk-15.0.1\bin\nio.dll
0x00007ffcd7550000 - 0x00007ffcd7568000 	C:\Program Files\Java\jdk-15.0.1\bin\zip.dll
0x00007ffcd3c60000 - 0x00007ffcd3cd5000 	C:\Users\elite\AppData\Local\Temp\lwjglelite\3.3.1-1.86.10\lwjgl.dll
0x00007ffcd6d30000 - 0x00007ffcd6d8d000 	C:\Users\elite\AppData\Local\Temp\lwjglelite\3.3.1-1.86.10\lwjgl_opengl.dll
0x00007ffcd1a10000 - 0x00007ffcd1b10000 	C:\WINDOWS\SYSTEM32\opengl32.dll
0x00007ffcd2860000 - 0x00007ffcd288d000 	C:\WINDOWS\SYSTEM32\GLU32.dll
0x00007ffce47f0000 - 0x00007ffce4826000 	C:\WINDOWS\SYSTEM32\dxcore.dll

dbghelp: loaded successfully - version: 4.0.5 - missing functions: none
symbol engine: initialized successfully - sym options: 0x614 - pdb path: .;C:\Program Files\Java\jdk-15.0.1\bin;C:\WINDOWS\SYSTEM32;C:\WINDOWS\WinSxS\amd64_microsoft.windows.common-controls_6595b64144ccf1df_6.0.22621.1635_none_270f70857386168e;C:\Program Files\Java\jdk-15.0.1\bin\server;C:\Users\elite\AppData\Local\Temp\lwjglelite\3.3.1-1.86.10

VM Arguments:
jvm_args: -XX:+ShowCodeDetailsInExceptionMessages 
java_command: Main
java_class_path (initial): C:\Users\elite\AppData\Roaming\Code\User\workspaceStorage\324dc56328435073811ea3739a37b381\redhat.java\jdt_ws\svo-raytracer_29718bbc\bin;c:\Users\elite\Documents\GitHub\svo-raytracer\lib\lwjgl-opencl.jar;c:\Users\elite\Documents\GitHub\svo-raytracer\lib\lwjgl-opengl-javadoc.jar;c:\Users\elite\Documents\GitHub\svo-raytracer\lib\imgui-app-1.86.10-all.jar;c:\Users\elite\Documents\GitHub\svo-raytracer\lib\joml-1.10.1.jar;c:\Users\elite\Documents\GitHub\svo-raytracer\lib\lwjgl-stb-javadoc.jar;c:\Users\elite\Documents\GitHub\svo-raytracer\lib\imgui-lwjgl3-1.86.10.jar;c:\Users\elite\Documents\GitHub\svo-raytracer\lib\lwjgl-opencl-javadoc.jar;c:\Users\elite\Documents\GitHub\svo-raytracer\lib\lwjgl-openal-javadoc.jar;c:\Users\elite\Documents\GitHub\svo-raytracer\lib\lwjgl-assimp-javadoc.jar;c:\Users\elite\Documents\GitHub\svo-raytracer\lib\lwjgl-opengl-natives-windows.jar;c:\Users\elite\Documents\GitHub\svo-raytracer\lib\imgui-app-1.86.10-javadoc.jar;c:\Users\elite\Documents\GitHub\svo-raytracer\lib\imgui-app-1.86.10.jar;c:\Users\elite\Documents\GitHub\svo-raytracer\lib\lwjgl-openal-natives-windows.jar;c:\Users\elite\Documents\GitHub\svo-raytracer\lib\joml-1.10.1-javadoc.jar;c:\Users\elite\Documents\GitHub\svo-raytracer\lib\lwjgl-cuda-javadoc.jar;c:\Users\elite\Documents\GitHub\svo-raytracer\lib\imgui-lwjgl3-1.86.10-javadoc.jar;c:\Users\elite\Documents\GitHub\svo-raytracer\lib\lwjgl-stb.jar;c:\Users\elite\Documents\GitHub\svo-raytracer\lib\imgui-binding-1.86.10-javadoc.jar;c:\Users\elite\Documents\GitHub\svo-raytracer\lib\lwjgl-natives-windows.jar;c:\Users\elite\Documents\GitHub\svo-raytracer\lib\lwjgl-glfw.jar;c:\Users\elite\Documents\GitHub\svo-raytracer\lib\lwjgl.jar;c:\Users\elite\Documents\GitHub\svo-raytracer\lib\lwjgl-assimp.jar;c:\Users\elite\Documents\GitHub\svo-raytracer\lib\imgui-binding-1.86.10.jar;c:\Users\elite\Documents\GitHub\svo-raytracer\lib\lwjgl-glfw-javadoc.jar;c:\Users\elite\Documents\GitHub\svo-raytracer\lib\lwjgl-javadoc.j
Launcher Type: SUN_STANDARD

[Global flags]
     intx CICompilerCount                          = 4                                         {product} {ergonomic}
     uint ConcGCThreads                            = 3                                         {product} {ergonomic}
     uint G1ConcRefinementThreads                  = 10                                        {product} {ergonomic}
   size_t G1HeapRegionSize                         = 2097152                                   {product} {ergonomic}
    uintx GCDrainStackTargetSize                   = 64                                        {product} {ergonomic}
   size_t InitialHeapSize                          = 266338304                                 {product} {ergonomic}
   size_t MarkStackSize                            = 4194304                                   {product} {ergonomic}
   size_t MaxHeapSize                              = 4259315712                                {product} {ergonomic}
   size_t MaxNewSize                               = 2554331136                                {product} {ergonomic}
   size_t MinHeapDeltaBytes                        = 2097152                                   {product} {ergonomic}
   size_t MinHeapSize                              = 8388608                                   {product} {ergonomic}
    uintx NonNMethodCodeHeapSize                   = 5839372                                {pd product} {ergonomic}
    uintx NonProfiledCodeHeapSize                  = 122909434                              {pd product} {ergonomic}
    uintx ProfiledCodeHeapSize                     = 122909434                              {pd product} {ergonomic}
    uintx ReservedCodeCacheSize                    = 251658240                              {pd product} {ergonomic}
     bool SegmentedCodeCache                       = true                                      {product} {ergonomic}
     bool ShowCodeDetailsInExceptionMessages       = true                                   {manageable} {command line}
   size_t SoftMaxHeapSize                          = 4259315712                             {manageable} {ergonomic}
     bool UseCompressedClassPointers               = true                                 {lp64_product} {ergonomic}
     bool UseCompressedOops                        = true                                 {lp64_product} {ergonomic}
     bool UseG1GC                                  = true                                      {product} {ergonomic}
     bool UseLargePagesIndividualAllocation        = false                                  {pd product} {ergonomic}

Logging:
Log output configuration:
 #0: stdout all=warning uptime,level,tags
 #1: stderr all=off uptime,level,tags

Environment Variables:
PATH=C:\Program Files\Git\mingw64\bin;C:\Program Files\Git\usr\bin;C:\Users\elite\bin;C:\Program Files\Common Files\Oracle\Java\javapath;C:\Program Files\AdoptOpenJDK\jdk-14.0.2.12-hotspot\bin;C:\Program Files (x86)\Razer Chroma SDK\bin;C:\Program Files\Razer Chroma SDK\bin;C:\Program Files (x86)\Razer\ChromaBroadcast\bin;C:\Program Files\Razer\ChromaBroadcast\bin;C:\Program Files\NVIDIA GPU Computing Toolkit\CUDA\v11.1\bin;C:\Program Files\NVIDIA GPU Computing Toolkit\CUDA\v11.1\libnvvp;C:\Windows\system32;C:\Windows;C:\Windows\System32\Wbem;C:\Windows\System32\WindowsPowerShell\v1.0;C:\Windows\System32\OpenSSH;C:\Program Files (x86)\NVIDIA Corporation\PhysX\Common;C:\Program Files\NVIDIA Corporation\NVIDIA NvDLISR;C:\Program Files\NVIDIA Corporation\Nsight Compute 2020.2.0;C:\Windows\system32\config\systemprofile\AppData\Local\Microsoft\WindowsApps;C:\Program Files\nodejs;C:\Program Files\Git\cmd;C:\Users\elite\AppData\Local\Programs\Python\Python39;C:\Program Files\CMake\bin;C:\WINDOWS\system32;C:\WINDOWS;C:\WINDOWS\System32\Wbem;C:\WINDOWS\System32\WindowsPowerShell\v1.0;C:\WINDOWS\System32\OpenSSH;C:\Program Files\LLVM\bin;C:\Program Files\MATLAB\R2021a\bin;C:\Program Files\dotnet;%SystemRoot%\system32;%SystemRoot%;%SystemRoot%\System32\Wbem;%SYSTEMROOT%\System32\WindowsPowerShell\v1.0;%SYSTEMROOT%\System32\OpenSSH;C:\Users\elite\AppData\Local\Microsoft\WindowsApps;C:\Users\elite\AppData\Local\GitHubDesktop\bin;C:\Users\elite\AppData\Local\Programs\Microsoft VS Code\bin;C:\Users\elite\AppData\Roaming\npm;C:\Program Files\heroku\bin;C:\texlive\2020\bin\win32;C:\Users\elite\.dotnet\tools
USERNAME=elite
LANG=en_US.UTF-8
OS=Windows_NT
PROCESSOR_IDENTIFIER=Intel64 Family 6 Model 165 Stepping 2, GenuineIntel



---------------  S Y S T E M  ---------------

OS:
 Windows 10 , 64 bit Build 22621 (10.0.22621.1635)
OS uptime: 11 days 7:11 hours

CPU: total 12 (initial active 12) (6 cores per cpu, 2 threads per core) family 6 model 165 stepping 2 microcode 0xe0, cmov, cx8, fxsr, mmx, sse, sse2, sse3, ssse3, sse4.1, sse4.2, popcnt, vzeroupper, avx, avx2, aes, clmul, erms, 3dnowpref, lzcnt, ht, tsc, tscinvbit, bmi1, bmi2, adx, fma, clflush, clflushopt

Memory: 4k page, system-wide physical 16245M (5277M free)
TotalPageFile size 25461M (AvailPageFile size 7330M)
current process WorkingSet (physical memory assigned to process): 43M, peak: 43M
current process commit charge ("private bytes"): 353M, peak: 353M

vm_info: Java HotSpot(TM) 64-Bit Server VM (15.0.1+9-18) for windows-amd64 JRE (15.0.1+9-18), built on Sep 15 2020 14:43:54 by "mach5one" with unknown MS VC++:1925

END.
