#
# A fatal error has been detected by the Java Runtime Environment:
#
#  EXCEPTION_ACCESS_VIOLATION (0xc0000005) at pc=0x00007ff8885fdff0, pid=16308, tid=13812
#
# JRE version: Java(TM) SE Runtime Environment (15.0.1+9) (build 15.0.1+9-18)
# Java VM: Java HotSpot(TM) 64-Bit Server VM (15.0.1+9-18, mixed mode, sharing, tiered, compressed oops, g1 gc, windows-amd64)
# Problematic frame:
# C  [nvoglv64.dll+0x113dff0]
#
# No core dump will be written. Minidumps are not enabled by default on client versions of Windows
#
# If you would like to submit a bug report, please visit:
#   https://bugreport.java.com/bugreport/crash.jsp
# The crash happened outside the Java Virtual Machine in native code.
# See problematic frame for where to report the bug.
#

---------------  S U M M A R Y ------------

Command Line: -XX:+ShowCodeDetailsInExceptionMessages -Dfile.encoding=UTF-8 Main

Host: Intel(R) Core(TM) i7-10750H CPU @ 2.60GHz, 12 cores, 15G,  Windows 10 , 64 bit Build 19041 (10.0.19041.928)
Time: Thu May 13 02:18:05 2021 Pacific Daylight Time elapsed time: 0.932573 seconds (0d 0h 0m 0s)

---------------  T H R E A D  ---------------

Current thread (0x000001c8433f8720):  JavaThread "main" [_thread_in_native, id=13812, stack(0x00000032b1300000,0x00000032b1400000)]

Stack: [0x00000032b1300000,0x00000032b1400000],  sp=0x00000032b13ff368,  free space=1020k
Native frames: (J=compiled Java code, j=interpreted, Vv=VM code, C=native code)
C  [nvoglv64.dll+0x113dff0]

Java frames: (J=compiled Java code, j=interpreted, Vv=VM code)
j  org.lwjgl.opengl.GL15C.nglBufferData(IJJI)V+0
j  org.lwjgl.opengl.GL15C.glBufferData(ILjava/nio/IntBuffer;I)V+15
j  Main.main([Ljava/lang/String;)V+589
v  ~StubRoutines::call_stub

siginfo: EXCEPTION_ACCESS_VIOLATION (0xc0000005), reading address 0x0000000000000010


Register to memory mapping:

RIP=0x00007ff8885fdff0 nvoglv64.dll
RAX=0x000001c86a2bbfa4 points into unknown readable memory: 00 00 00 00
RBX=0x0000000000000010 is an unknown value
RCX=0x00007ff8885fdff0 nvoglv64.dll
RDX=0x0000000000000010 is an unknown value
RSP=0x00000032b13ff368 is pointing into the stack for thread: 0x000001c8433f8720
RBP=0x0000000000001000 is an unknown value
RSI=0x000001c86a2bbfa4 points into unknown readable memory: 00 00 00 00
RDI=0x000000000000000c is an unknown value
R8 =0x000000000000000c is an unknown value
R9 =0x00007ff8874c0000 nvoglv64.dll
R10=0x0000000000000010 is an unknown value
R11=0x000001c86a2bbfa4 points into unknown readable memory: 00 00 00 00
R12=0x00000000000088e8 is an unknown value
R13=0x00000000000090d2 is an unknown value
R14=0x00000032b13ff500 is pointing into the stack for thread: 0x000001c8433f8720
R15=0x000001c8433f8720 is a thread


Registers:
RAX=0x000001c86a2bbfa4, RBX=0x0000000000000010, RCX=0x00007ff8885fdff0, RDX=0x0000000000000010
RSP=0x00000032b13ff368, RBP=0x0000000000001000, RSI=0x000001c86a2bbfa4, RDI=0x000000000000000c
R8 =0x000000000000000c, R9 =0x00007ff8874c0000, R10=0x0000000000000010, R11=0x000001c86a2bbfa4
R12=0x00000000000088e8, R13=0x00000000000090d2, R14=0x00000032b13ff500, R15=0x000001c8433f8720
RIP=0x00007ff8885fdff0, EFLAGS=0x0000000000010206

Top of Stack: (sp=0x00000032b13ff368)
0x00000032b13ff368:   00007ff888292e52 00000032b13ff480
0x00000032b13ff378:   00007ff8980fd0f8 00000032b13ff500
0x00000032b13ff388:   0000000000000000 0000000000000010
0x00000032b13ff398:   00007ff887c8d2a3 0000000000001000
0x00000032b13ff3a8:   000001c86b25f080 0000000000000010
0x00000032b13ff3b8:   00000000000088e8 000001c8433f8720
0x00000032b13ff3c8:   00007ff8980fa66d 0000e9f000000001
0x00000032b13ff3d8:   0000000000000000 0000003200000000
0x00000032b13ff3e8:   000001c86a2bbfa4 000001c870db1e30
0x00000032b13ff3f8:   0000000000000000 00000000000017f5
0x00000032b13ff408:   00000032b13ff4b8 000001c870db1e30
0x00000032b13ff418:   000001c84cdff177 0000000000000010
0x00000032b13ff428:   00000032b13ff500 000001c8433f8720
0x00000032b13ff438:   0000000000000000 0000000000000010
0x00000032b13ff448:   000001c8000088e8 0000000000000000
0x00000032b13ff458:   00000032b13ff470 00000032b13ff4d8 

Instructions: (pc=0x00007ff8885fdff0)
0x00007ff8885fdef0:   0f 10 02 42 0f 10 4c 02 f0 0f 11 01 42 0f 11 4c
0x00007ff8885fdf00:   01 f0 48 8b c1 c3 66 66 0f 1f 84 00 00 00 00 00
0x00007ff8885fdf10:   48 8b c1 4c 8d 0d e6 20 ec fe 43 8b 8c 81 10 1a
0x00007ff8885fdf20:   94 02 49 03 c9 ff e1 66 0f 1f 84 00 00 00 00 00
0x00007ff8885fdf30:   c3 0f b7 0a 66 89 08 c3 48 8b 0a 48 89 08 c3 0f
0x00007ff8885fdf40:   b7 0a 44 0f b6 42 02 66 89 08 44 88 40 02 c3 0f
0x00007ff8885fdf50:   b6 0a 88 08 c3 f3 0f 6f 02 f3 0f 7f 00 c3 66 90
0x00007ff8885fdf60:   4c 8b 02 0f b7 4a 08 44 0f b6 4a 0a 4c 89 00 66
0x00007ff8885fdf70:   89 48 08 44 88 48 0a c3 8b 0a 89 08 c3 0f 1f 00
0x00007ff8885fdf80:   8b 0a 44 0f b6 42 04 89 08 44 88 40 04 c3 66 90
0x00007ff8885fdf90:   8b 0a 44 0f b7 42 04 89 08 66 44 89 40 04 c3 90
0x00007ff8885fdfa0:   8b 0a 44 0f b7 42 04 44 0f b6 4a 06 89 08 66 44
0x00007ff8885fdfb0:   89 40 04 44 88 48 06 c3 4c 8b 02 8b 4a 08 44 0f
0x00007ff8885fdfc0:   b6 4a 0c 4c 89 00 89 48 08 44 88 48 0c c3 66 90
0x00007ff8885fdfd0:   4c 8b 02 0f b6 4a 08 4c 89 00 88 48 08 c3 66 90
0x00007ff8885fdfe0:   4c 8b 02 0f b7 4a 08 4c 89 00 66 89 48 08 c3 90
0x00007ff8885fdff0:   4c 8b 02 8b 4a 08 4c 89 00 89 48 08 c3 0f 1f 00
0x00007ff8885fe000:   4c 8b 02 8b 4a 08 44 0f b7 4a 0c 4c 89 00 89 48
0x00007ff8885fe010:   08 66 44 89 48 0c c3 66 0f 1f 84 00 00 00 00 00
0x00007ff8885fe020:   4c 8b 02 8b 4a 08 44 0f b7 4a 0c 44 0f b6 52 0e
0x00007ff8885fe030:   4c 89 00 89 48 08 66 44 89 48 0c 44 88 50 0e c3
0x00007ff8885fe040:   0f 10 04 11 4c 03 c1 48 83 c1 10 41 f6 c3 0f 74
0x00007ff8885fe050:   13 0f 28 c8 48 83 e1 f0 0f 10 04 11 48 83 c1 10
0x00007ff8885fe060:   41 0f 11 0b 4c 2b c1 4d 8b c8 49 c1 e9 07 0f 84
0x00007ff8885fe070:   88 00 00 00 0f 29 41 f0 4c 3b 0d b9 46 63 01 76
0x00007ff8885fe080:   17 e9 c2 00 00 00 66 66 0f 1f 84 00 00 00 00 00
0x00007ff8885fe090:   0f 29 41 e0 0f 29 49 f0 0f 10 04 11 0f 10 4c 11
0x00007ff8885fe0a0:   10 48 81 c1 80 00 00 00 0f 29 41 80 0f 29 49 90
0x00007ff8885fe0b0:   0f 10 44 11 a0 0f 10 4c 11 b0 49 ff c9 0f 29 41
0x00007ff8885fe0c0:   a0 0f 29 49 b0 0f 10 44 11 c0 0f 10 4c 11 d0 0f
0x00007ff8885fe0d0:   29 41 c0 0f 29 49 d0 0f 10 44 11 e0 0f 10 4c 11
0x00007ff8885fe0e0:   f0 75 ad 0f 29 41 e0 49 83 e0 7f 0f 28 c1 eb 0c 


Stack slot to memory mapping:
stack at sp + 0 slots: 0x00007ff888292e52 nvoglv64.dll
stack at sp + 1 slots: 0x00000032b13ff480 is pointing into the stack for thread: 0x000001c8433f8720
stack at sp + 2 slots: 0x00007ff8980fd0f8 jvm.dll
stack at sp + 3 slots: 0x00000032b13ff500 is pointing into the stack for thread: 0x000001c8433f8720
stack at sp + 4 slots: 0x0 is NULL
stack at sp + 5 slots: 0x0000000000000010 is an unknown value
stack at sp + 6 slots: 0x00007ff887c8d2a3 nvoglv64.dll
stack at sp + 7 slots: 0x0000000000001000 is an unknown value


---------------  P R O C E S S  ---------------

Threads class SMR info:
_java_thread_list=0x000001c86a02d440, length=13, elements={
0x000001c8433f8720, 0x000001c868e9e750, 0x000001c8696aa2e0, 0x000001c8696c67b0,
0x000001c8696cb090, 0x000001c8696cb950, 0x000001c8696cd6f0, 0x000001c8696e1f10,
0x000001c8696e3910, 0x000001c869801e80, 0x000001c869836a70, 0x000001c86fe11b00,
0x000001c8701bf800
}

Java Threads: ( => current thread )
=>0x000001c8433f8720 JavaThread "main" [_thread_in_native, id=13812, stack(0x00000032b1300000,0x00000032b1400000)]
  0x000001c868e9e750 JavaThread "Reference Handler" daemon [_thread_blocked, id=3640, stack(0x00000032b1a00000,0x00000032b1b00000)]
  0x000001c8696aa2e0 JavaThread "Finalizer" daemon [_thread_blocked, id=15516, stack(0x00000032b1b00000,0x00000032b1c00000)]
  0x000001c8696c67b0 JavaThread "Signal Dispatcher" daemon [_thread_blocked, id=20720, stack(0x00000032b1c00000,0x00000032b1d00000)]
  0x000001c8696cb090 JavaThread "Attach Listener" daemon [_thread_blocked, id=18344, stack(0x00000032b1d00000,0x00000032b1e00000)]
  0x000001c8696cb950 JavaThread "Service Thread" daemon [_thread_blocked, id=11548, stack(0x00000032b1e00000,0x00000032b1f00000)]
  0x000001c8696cd6f0 JavaThread "C2 CompilerThread0" daemon [_thread_blocked, id=8952, stack(0x00000032b1f00000,0x00000032b2000000)]
  0x000001c8696e1f10 JavaThread "C1 CompilerThread0" daemon [_thread_blocked, id=10584, stack(0x00000032b2000000,0x00000032b2100000)]
  0x000001c8696e3910 JavaThread "Sweeper thread" daemon [_thread_blocked, id=13000, stack(0x00000032b2100000,0x00000032b2200000)]
  0x000001c869801e80 JavaThread "Notification Thread" daemon [_thread_blocked, id=18240, stack(0x00000032b2200000,0x00000032b2300000)]
  0x000001c869836a70 JavaThread "Common-Cleaner" daemon [_thread_blocked, id=19384, stack(0x00000032b2400000,0x00000032b2500000)]
  0x000001c86fe11b00 JavaThread "C2 CompilerThread1" daemon [_thread_blocked, id=9604, stack(0x00000032b2b00000,0x00000032b2c00000)]
  0x000001c8701bf800 JavaThread "Thread-0" daemon [_thread_in_native, id=852, stack(0x00000032b2800000,0x00000032b2900000)]

Other Threads:
  0x000001c8696a99e0 VMThread "VM Thread" [stack: 0x00000032b1900000,0x00000032b1a00000] [id=15476]
  0x000001c869836350 WatcherThread [stack: 0x00000032b2300000,0x00000032b2400000] [id=17136]
  0x000001c843446e30 GCTaskThread "GC Thread#0" [stack: 0x00000032b1400000,0x00000032b1500000] [id=17072]
  0x000001c843457d50 ConcurrentGCThread "G1 Main Marker" [stack: 0x00000032b1500000,0x00000032b1600000] [id=21076]
  0x000001c843459d50 ConcurrentGCThread "G1 Conc#0" [stack: 0x00000032b1600000,0x00000032b1700000] [id=3084]
  0x000001c868d244e0 ConcurrentGCThread "G1 Refine#0" [stack: 0x00000032b1700000,0x00000032b1800000] [id=8736]
  0x000001c8434b8f60 ConcurrentGCThread "G1 Young RemSet Sampling" [stack: 0x00000032b1800000,0x00000032b1900000] [id=20828]

Threads with active compile tasks:

VM state: not at safepoint (normal execution)

VM Mutex/Monitor currently owned by a thread: None

Heap address: 0x0000000702200000, size: 4062 MB, Compressed Oops mode: Zero based, Oop shift amount: 3
CDS archive(s) mapped at: [0x0000000800000000-0x0000000800b50000-0x0000000800b50000), size 11862016, SharedBaseAddress: 0x0000000800000000, ArchiveRelocationMode: 0.
Compressed class space mapped at: 0x0000000800b50000-0x0000000840b50000, size: 1073741824
Narrow klass base: 0x0000000800000000, Narrow klass shift: 3, Narrow klass range: 0x100000000

GC Precious Log:
 CPUs: 12 total, 12 available
 Memory: 16245M
 Large Page Support: Disabled
 NUMA Support: Disabled
 Compressed Oops: Enabled (Zero based)
 Heap Region Size: 2M
 Heap Min Capacity: 8M
 Heap Initial Capacity: 254M
 Heap Max Capacity: 4062M
 Pre-touch: Disabled
 Parallel Workers: 10
 Concurrent Workers: 3
 Concurrent Refinement Workers: 10
 Periodic GC: Disabled

Heap:
 garbage-first heap   total 260096K, used 16384K [0x0000000702200000, 0x0000000800000000)
  region size 2048K, 9 young (18432K), 0 survivors (0K)
 Metaspace       used 6032K, capacity 8930K, committed 9088K, reserved 1058816K
  class space    used 291K, capacity 571K, committed 640K, reserved 1048576K

Heap Regions: E=young(eden), S=young(survivor), O=old, HS=humongous(starts), HC=humongous(continues), CS=collection set, F=free, OA=open archive, CA=closed archive, TAMS=top-at-mark-start (previous, next)
|   0|0x0000000702200000, 0x0000000702200000, 0x0000000702400000|  0%| F|  |TAMS 0x0000000702200000, 0x0000000702200000| Untracked 
|   1|0x0000000702400000, 0x0000000702400000, 0x0000000702600000|  0%| F|  |TAMS 0x0000000702400000, 0x0000000702400000| Untracked 
|   2|0x0000000702600000, 0x0000000702600000, 0x0000000702800000|  0%| F|  |TAMS 0x0000000702600000, 0x0000000702600000| Untracked 
|   3|0x0000000702800000, 0x0000000702800000, 0x0000000702a00000|  0%| F|  |TAMS 0x0000000702800000, 0x0000000702800000| Untracked 
|   4|0x0000000702a00000, 0x0000000702a00000, 0x0000000702c00000|  0%| F|  |TAMS 0x0000000702a00000, 0x0000000702a00000| Untracked 
|   5|0x0000000702c00000, 0x0000000702c00000, 0x0000000702e00000|  0%| F|  |TAMS 0x0000000702c00000, 0x0000000702c00000| Untracked 
|   6|0x0000000702e00000, 0x0000000702e00000, 0x0000000703000000|  0%| F|  |TAMS 0x0000000702e00000, 0x0000000702e00000| Untracked 
|   7|0x0000000703000000, 0x0000000703000000, 0x0000000703200000|  0%| F|  |TAMS 0x0000000703000000, 0x0000000703000000| Untracked 
|   8|0x0000000703200000, 0x0000000703200000, 0x0000000703400000|  0%| F|  |TAMS 0x0000000703200000, 0x0000000703200000| Untracked 
|   9|0x0000000703400000, 0x0000000703400000, 0x0000000703600000|  0%| F|  |TAMS 0x0000000703400000, 0x0000000703400000| Untracked 
|  10|0x0000000703600000, 0x0000000703600000, 0x0000000703800000|  0%| F|  |TAMS 0x0000000703600000, 0x0000000703600000| Untracked 
|  11|0x0000000703800000, 0x0000000703800000, 0x0000000703a00000|  0%| F|  |TAMS 0x0000000703800000, 0x0000000703800000| Untracked 
|  12|0x0000000703a00000, 0x0000000703a00000, 0x0000000703c00000|  0%| F|  |TAMS 0x0000000703a00000, 0x0000000703a00000| Untracked 
|  13|0x0000000703c00000, 0x0000000703c00000, 0x0000000703e00000|  0%| F|  |TAMS 0x0000000703c00000, 0x0000000703c00000| Untracked 
|  14|0x0000000703e00000, 0x0000000703e00000, 0x0000000704000000|  0%| F|  |TAMS 0x0000000703e00000, 0x0000000703e00000| Untracked 
|  15|0x0000000704000000, 0x0000000704000000, 0x0000000704200000|  0%| F|  |TAMS 0x0000000704000000, 0x0000000704000000| Untracked 
|  16|0x0000000704200000, 0x0000000704200000, 0x0000000704400000|  0%| F|  |TAMS 0x0000000704200000, 0x0000000704200000| Untracked 
|  17|0x0000000704400000, 0x0000000704400000, 0x0000000704600000|  0%| F|  |TAMS 0x0000000704400000, 0x0000000704400000| Untracked 
|  18|0x0000000704600000, 0x0000000704600000, 0x0000000704800000|  0%| F|  |TAMS 0x0000000704600000, 0x0000000704600000| Untracked 
|  19|0x0000000704800000, 0x0000000704800000, 0x0000000704a00000|  0%| F|  |TAMS 0x0000000704800000, 0x0000000704800000| Untracked 
|  20|0x0000000704a00000, 0x0000000704a00000, 0x0000000704c00000|  0%| F|  |TAMS 0x0000000704a00000, 0x0000000704a00000| Untracked 
|  21|0x0000000704c00000, 0x0000000704c00000, 0x0000000704e00000|  0%| F|  |TAMS 0x0000000704c00000, 0x0000000704c00000| Untracked 
|  22|0x0000000704e00000, 0x0000000704e00000, 0x0000000705000000|  0%| F|  |TAMS 0x0000000704e00000, 0x0000000704e00000| Untracked 
|  23|0x0000000705000000, 0x0000000705000000, 0x0000000705200000|  0%| F|  |TAMS 0x0000000705000000, 0x0000000705000000| Untracked 
|  24|0x0000000705200000, 0x0000000705200000, 0x0000000705400000|  0%| F|  |TAMS 0x0000000705200000, 0x0000000705200000| Untracked 
|  25|0x0000000705400000, 0x0000000705400000, 0x0000000705600000|  0%| F|  |TAMS 0x0000000705400000, 0x0000000705400000| Untracked 
|  26|0x0000000705600000, 0x0000000705600000, 0x0000000705800000|  0%| F|  |TAMS 0x0000000705600000, 0x0000000705600000| Untracked 
|  27|0x0000000705800000, 0x0000000705800000, 0x0000000705a00000|  0%| F|  |TAMS 0x0000000705800000, 0x0000000705800000| Untracked 
|  28|0x0000000705a00000, 0x0000000705a00000, 0x0000000705c00000|  0%| F|  |TAMS 0x0000000705a00000, 0x0000000705a00000| Untracked 
|  29|0x0000000705c00000, 0x0000000705c00000, 0x0000000705e00000|  0%| F|  |TAMS 0x0000000705c00000, 0x0000000705c00000| Untracked 
|  30|0x0000000705e00000, 0x0000000705e00000, 0x0000000706000000|  0%| F|  |TAMS 0x0000000705e00000, 0x0000000705e00000| Untracked 
|  31|0x0000000706000000, 0x0000000706000000, 0x0000000706200000|  0%| F|  |TAMS 0x0000000706000000, 0x0000000706000000| Untracked 
|  32|0x0000000706200000, 0x0000000706200000, 0x0000000706400000|  0%| F|  |TAMS 0x0000000706200000, 0x0000000706200000| Untracked 
|  33|0x0000000706400000, 0x0000000706400000, 0x0000000706600000|  0%| F|  |TAMS 0x0000000706400000, 0x0000000706400000| Untracked 
|  34|0x0000000706600000, 0x0000000706600000, 0x0000000706800000|  0%| F|  |TAMS 0x0000000706600000, 0x0000000706600000| Untracked 
|  35|0x0000000706800000, 0x0000000706800000, 0x0000000706a00000|  0%| F|  |TAMS 0x0000000706800000, 0x0000000706800000| Untracked 
|  36|0x0000000706a00000, 0x0000000706a00000, 0x0000000706c00000|  0%| F|  |TAMS 0x0000000706a00000, 0x0000000706a00000| Untracked 
|  37|0x0000000706c00000, 0x0000000706c00000, 0x0000000706e00000|  0%| F|  |TAMS 0x0000000706c00000, 0x0000000706c00000| Untracked 
|  38|0x0000000706e00000, 0x0000000706e00000, 0x0000000707000000|  0%| F|  |TAMS 0x0000000706e00000, 0x0000000706e00000| Untracked 
|  39|0x0000000707000000, 0x0000000707000000, 0x0000000707200000|  0%| F|  |TAMS 0x0000000707000000, 0x0000000707000000| Untracked 
|  40|0x0000000707200000, 0x0000000707200000, 0x0000000707400000|  0%| F|  |TAMS 0x0000000707200000, 0x0000000707200000| Untracked 
|  41|0x0000000707400000, 0x0000000707400000, 0x0000000707600000|  0%| F|  |TAMS 0x0000000707400000, 0x0000000707400000| Untracked 
|  42|0x0000000707600000, 0x0000000707600000, 0x0000000707800000|  0%| F|  |TAMS 0x0000000707600000, 0x0000000707600000| Untracked 
|  43|0x0000000707800000, 0x0000000707800000, 0x0000000707a00000|  0%| F|  |TAMS 0x0000000707800000, 0x0000000707800000| Untracked 
|  44|0x0000000707a00000, 0x0000000707a00000, 0x0000000707c00000|  0%| F|  |TAMS 0x0000000707a00000, 0x0000000707a00000| Untracked 
|  45|0x0000000707c00000, 0x0000000707c00000, 0x0000000707e00000|  0%| F|  |TAMS 0x0000000707c00000, 0x0000000707c00000| Untracked 
|  46|0x0000000707e00000, 0x0000000707e00000, 0x0000000708000000|  0%| F|  |TAMS 0x0000000707e00000, 0x0000000707e00000| Untracked 
|  47|0x0000000708000000, 0x0000000708000000, 0x0000000708200000|  0%| F|  |TAMS 0x0000000708000000, 0x0000000708000000| Untracked 
|  48|0x0000000708200000, 0x0000000708200000, 0x0000000708400000|  0%| F|  |TAMS 0x0000000708200000, 0x0000000708200000| Untracked 
|  49|0x0000000708400000, 0x0000000708400000, 0x0000000708600000|  0%| F|  |TAMS 0x0000000708400000, 0x0000000708400000| Untracked 
|  50|0x0000000708600000, 0x0000000708600000, 0x0000000708800000|  0%| F|  |TAMS 0x0000000708600000, 0x0000000708600000| Untracked 
|  51|0x0000000708800000, 0x0000000708800000, 0x0000000708a00000|  0%| F|  |TAMS 0x0000000708800000, 0x0000000708800000| Untracked 
|  52|0x0000000708a00000, 0x0000000708a00000, 0x0000000708c00000|  0%| F|  |TAMS 0x0000000708a00000, 0x0000000708a00000| Untracked 
|  53|0x0000000708c00000, 0x0000000708c00000, 0x0000000708e00000|  0%| F|  |TAMS 0x0000000708c00000, 0x0000000708c00000| Untracked 
|  54|0x0000000708e00000, 0x0000000708e00000, 0x0000000709000000|  0%| F|  |TAMS 0x0000000708e00000, 0x0000000708e00000| Untracked 
|  55|0x0000000709000000, 0x0000000709000000, 0x0000000709200000|  0%| F|  |TAMS 0x0000000709000000, 0x0000000709000000| Untracked 
|  56|0x0000000709200000, 0x0000000709200000, 0x0000000709400000|  0%| F|  |TAMS 0x0000000709200000, 0x0000000709200000| Untracked 
|  57|0x0000000709400000, 0x0000000709400000, 0x0000000709600000|  0%| F|  |TAMS 0x0000000709400000, 0x0000000709400000| Untracked 
|  58|0x0000000709600000, 0x0000000709600000, 0x0000000709800000|  0%| F|  |TAMS 0x0000000709600000, 0x0000000709600000| Untracked 
|  59|0x0000000709800000, 0x0000000709800000, 0x0000000709a00000|  0%| F|  |TAMS 0x0000000709800000, 0x0000000709800000| Untracked 
|  60|0x0000000709a00000, 0x0000000709a00000, 0x0000000709c00000|  0%| F|  |TAMS 0x0000000709a00000, 0x0000000709a00000| Untracked 
|  61|0x0000000709c00000, 0x0000000709c00000, 0x0000000709e00000|  0%| F|  |TAMS 0x0000000709c00000, 0x0000000709c00000| Untracked 
|  62|0x0000000709e00000, 0x0000000709e00000, 0x000000070a000000|  0%| F|  |TAMS 0x0000000709e00000, 0x0000000709e00000| Untracked 
|  63|0x000000070a000000, 0x000000070a000000, 0x000000070a200000|  0%| F|  |TAMS 0x000000070a000000, 0x000000070a000000| Untracked 
|  64|0x000000070a200000, 0x000000070a200000, 0x000000070a400000|  0%| F|  |TAMS 0x000000070a200000, 0x000000070a200000| Untracked 
|  65|0x000000070a400000, 0x000000070a400000, 0x000000070a600000|  0%| F|  |TAMS 0x000000070a400000, 0x000000070a400000| Untracked 
|  66|0x000000070a600000, 0x000000070a600000, 0x000000070a800000|  0%| F|  |TAMS 0x000000070a600000, 0x000000070a600000| Untracked 
|  67|0x000000070a800000, 0x000000070a800000, 0x000000070aa00000|  0%| F|  |TAMS 0x000000070a800000, 0x000000070a800000| Untracked 
|  68|0x000000070aa00000, 0x000000070aa00000, 0x000000070ac00000|  0%| F|  |TAMS 0x000000070aa00000, 0x000000070aa00000| Untracked 
|  69|0x000000070ac00000, 0x000000070ac00000, 0x000000070ae00000|  0%| F|  |TAMS 0x000000070ac00000, 0x000000070ac00000| Untracked 
|  70|0x000000070ae00000, 0x000000070ae00000, 0x000000070b000000|  0%| F|  |TAMS 0x000000070ae00000, 0x000000070ae00000| Untracked 
|  71|0x000000070b000000, 0x000000070b000000, 0x000000070b200000|  0%| F|  |TAMS 0x000000070b000000, 0x000000070b000000| Untracked 
|  72|0x000000070b200000, 0x000000070b200000, 0x000000070b400000|  0%| F|  |TAMS 0x000000070b200000, 0x000000070b200000| Untracked 
|  73|0x000000070b400000, 0x000000070b400000, 0x000000070b600000|  0%| F|  |TAMS 0x000000070b400000, 0x000000070b400000| Untracked 
|  74|0x000000070b600000, 0x000000070b600000, 0x000000070b800000|  0%| F|  |TAMS 0x000000070b600000, 0x000000070b600000| Untracked 
|  75|0x000000070b800000, 0x000000070b800000, 0x000000070ba00000|  0%| F|  |TAMS 0x000000070b800000, 0x000000070b800000| Untracked 
|  76|0x000000070ba00000, 0x000000070ba00000, 0x000000070bc00000|  0%| F|  |TAMS 0x000000070ba00000, 0x000000070ba00000| Untracked 
|  77|0x000000070bc00000, 0x000000070bc00000, 0x000000070be00000|  0%| F|  |TAMS 0x000000070bc00000, 0x000000070bc00000| Untracked 
|  78|0x000000070be00000, 0x000000070be00000, 0x000000070c000000|  0%| F|  |TAMS 0x000000070be00000, 0x000000070be00000| Untracked 
|  79|0x000000070c000000, 0x000000070c000000, 0x000000070c200000|  0%| F|  |TAMS 0x000000070c000000, 0x000000070c000000| Untracked 
|  80|0x000000070c200000, 0x000000070c200000, 0x000000070c400000|  0%| F|  |TAMS 0x000000070c200000, 0x000000070c200000| Untracked 
|  81|0x000000070c400000, 0x000000070c400000, 0x000000070c600000|  0%| F|  |TAMS 0x000000070c400000, 0x000000070c400000| Untracked 
|  82|0x000000070c600000, 0x000000070c600000, 0x000000070c800000|  0%| F|  |TAMS 0x000000070c600000, 0x000000070c600000| Untracked 
|  83|0x000000070c800000, 0x000000070c800000, 0x000000070ca00000|  0%| F|  |TAMS 0x000000070c800000, 0x000000070c800000| Untracked 
|  84|0x000000070ca00000, 0x000000070ca00000, 0x000000070cc00000|  0%| F|  |TAMS 0x000000070ca00000, 0x000000070ca00000| Untracked 
|  85|0x000000070cc00000, 0x000000070cc00000, 0x000000070ce00000|  0%| F|  |TAMS 0x000000070cc00000, 0x000000070cc00000| Untracked 
|  86|0x000000070ce00000, 0x000000070ce00000, 0x000000070d000000|  0%| F|  |TAMS 0x000000070ce00000, 0x000000070ce00000| Untracked 
|  87|0x000000070d000000, 0x000000070d000000, 0x000000070d200000|  0%| F|  |TAMS 0x000000070d000000, 0x000000070d000000| Untracked 
|  88|0x000000070d200000, 0x000000070d200000, 0x000000070d400000|  0%| F|  |TAMS 0x000000070d200000, 0x000000070d200000| Untracked 
|  89|0x000000070d400000, 0x000000070d400000, 0x000000070d600000|  0%| F|  |TAMS 0x000000070d400000, 0x000000070d400000| Untracked 
|  90|0x000000070d600000, 0x000000070d600000, 0x000000070d800000|  0%| F|  |TAMS 0x000000070d600000, 0x000000070d600000| Untracked 
|  91|0x000000070d800000, 0x000000070d800000, 0x000000070da00000|  0%| F|  |TAMS 0x000000070d800000, 0x000000070d800000| Untracked 
|  92|0x000000070da00000, 0x000000070da00000, 0x000000070dc00000|  0%| F|  |TAMS 0x000000070da00000, 0x000000070da00000| Untracked 
|  93|0x000000070dc00000, 0x000000070dc00000, 0x000000070de00000|  0%| F|  |TAMS 0x000000070dc00000, 0x000000070dc00000| Untracked 
|  94|0x000000070de00000, 0x000000070de00000, 0x000000070e000000|  0%| F|  |TAMS 0x000000070de00000, 0x000000070de00000| Untracked 
|  95|0x000000070e000000, 0x000000070e000000, 0x000000070e200000|  0%| F|  |TAMS 0x000000070e000000, 0x000000070e000000| Untracked 
|  96|0x000000070e200000, 0x000000070e200000, 0x000000070e400000|  0%| F|  |TAMS 0x000000070e200000, 0x000000070e200000| Untracked 
|  97|0x000000070e400000, 0x000000070e400000, 0x000000070e600000|  0%| F|  |TAMS 0x000000070e400000, 0x000000070e400000| Untracked 
|  98|0x000000070e600000, 0x000000070e600000, 0x000000070e800000|  0%| F|  |TAMS 0x000000070e600000, 0x000000070e600000| Untracked 
|  99|0x000000070e800000, 0x000000070e800000, 0x000000070ea00000|  0%| F|  |TAMS 0x000000070e800000, 0x000000070e800000| Untracked 
| 100|0x000000070ea00000, 0x000000070ea00000, 0x000000070ec00000|  0%| F|  |TAMS 0x000000070ea00000, 0x000000070ea00000| Untracked 
| 101|0x000000070ec00000, 0x000000070ec00000, 0x000000070ee00000|  0%| F|  |TAMS 0x000000070ec00000, 0x000000070ec00000| Untracked 
| 102|0x000000070ee00000, 0x000000070ee00000, 0x000000070f000000|  0%| F|  |TAMS 0x000000070ee00000, 0x000000070ee00000| Untracked 
| 103|0x000000070f000000, 0x000000070f000000, 0x000000070f200000|  0%| F|  |TAMS 0x000000070f000000, 0x000000070f000000| Untracked 
| 104|0x000000070f200000, 0x000000070f200000, 0x000000070f400000|  0%| F|  |TAMS 0x000000070f200000, 0x000000070f200000| Untracked 
| 105|0x000000070f400000, 0x000000070f400000, 0x000000070f600000|  0%| F|  |TAMS 0x000000070f400000, 0x000000070f400000| Untracked 
| 106|0x000000070f600000, 0x000000070f600000, 0x000000070f800000|  0%| F|  |TAMS 0x000000070f600000, 0x000000070f600000| Untracked 
| 107|0x000000070f800000, 0x000000070f800000, 0x000000070fa00000|  0%| F|  |TAMS 0x000000070f800000, 0x000000070f800000| Untracked 
| 108|0x000000070fa00000, 0x000000070fa00000, 0x000000070fc00000|  0%| F|  |TAMS 0x000000070fa00000, 0x000000070fa00000| Untracked 
| 109|0x000000070fc00000, 0x000000070fc00000, 0x000000070fe00000|  0%| F|  |TAMS 0x000000070fc00000, 0x000000070fc00000| Untracked 
| 110|0x000000070fe00000, 0x000000070fe00000, 0x0000000710000000|  0%| F|  |TAMS 0x000000070fe00000, 0x000000070fe00000| Untracked 
| 111|0x0000000710000000, 0x0000000710000000, 0x0000000710200000|  0%| F|  |TAMS 0x0000000710000000, 0x0000000710000000| Untracked 
| 112|0x0000000710200000, 0x0000000710200000, 0x0000000710400000|  0%| F|  |TAMS 0x0000000710200000, 0x0000000710200000| Untracked 
| 113|0x0000000710400000, 0x0000000710400000, 0x0000000710600000|  0%| F|  |TAMS 0x0000000710400000, 0x0000000710400000| Untracked 
| 114|0x0000000710600000, 0x0000000710600000, 0x0000000710800000|  0%| F|  |TAMS 0x0000000710600000, 0x0000000710600000| Untracked 
| 115|0x0000000710800000, 0x0000000710800000, 0x0000000710a00000|  0%| F|  |TAMS 0x0000000710800000, 0x0000000710800000| Untracked 
| 116|0x0000000710a00000, 0x0000000710a00000, 0x0000000710c00000|  0%| F|  |TAMS 0x0000000710a00000, 0x0000000710a00000| Untracked 
| 117|0x0000000710c00000, 0x0000000710c00000, 0x0000000710e00000|  0%| F|  |TAMS 0x0000000710c00000, 0x0000000710c00000| Untracked 
| 118|0x0000000710e00000, 0x0000000710e71248, 0x0000000711000000| 22%| E|  |TAMS 0x0000000710e00000, 0x0000000710e00000| Complete 
| 119|0x0000000711000000, 0x0000000711200000, 0x0000000711200000|100%| E|CS|TAMS 0x0000000711000000, 0x0000000711000000| Complete 
| 120|0x0000000711200000, 0x0000000711400000, 0x0000000711400000|100%| E|CS|TAMS 0x0000000711200000, 0x0000000711200000| Complete 
| 121|0x0000000711400000, 0x0000000711600000, 0x0000000711600000|100%| E|CS|TAMS 0x0000000711400000, 0x0000000711400000| Complete 
| 122|0x0000000711600000, 0x0000000711800000, 0x0000000711800000|100%| E|CS|TAMS 0x0000000711600000, 0x0000000711600000| Complete 
| 123|0x0000000711800000, 0x0000000711a00000, 0x0000000711a00000|100%| E|CS|TAMS 0x0000000711800000, 0x0000000711800000| Complete 
| 124|0x0000000711a00000, 0x0000000711c00000, 0x0000000711c00000|100%| E|CS|TAMS 0x0000000711a00000, 0x0000000711a00000| Complete 
| 125|0x0000000711c00000, 0x0000000711e00000, 0x0000000711e00000|100%| E|CS|TAMS 0x0000000711c00000, 0x0000000711c00000| Complete 
| 126|0x0000000711e00000, 0x0000000712000000, 0x0000000712000000|100%| E|CS|TAMS 0x0000000711e00000, 0x0000000711e00000| Complete 

Card table byte_map: [0x000001c85d270000,0x000001c85da60000] _byte_map_base: 0x000001c859a5f000

Marking Bits (Prev, Next): (CMBitMap*) 0x000001c843447620, (CMBitMap*) 0x000001c843447660
 Prev Bits: [0x000001c85e250000, 0x000001c8621c8000)
 Next Bits: [0x000001c8621d0000, 0x000001c866148000)

Polling page: 0x000001c8434c0000

Metaspace:

Usage:
  Non-class:      8.16 MB capacity,     5.61 MB ( 69%) used,     2.55 MB ( 31%) free+waste,     6.62 KB ( <1%) overhead. 
      Class:    571.00 KB capacity,   291.82 KB ( 51%) used,   277.37 KB ( 49%) free+waste,     1.81 KB ( <1%) overhead. 
       Both:      8.72 MB capacity,     5.89 MB ( 68%) used,     2.82 MB ( 32%) free+waste,     8.44 KB ( <1%) overhead. 

Virtual space:
  Non-class space:       10.00 MB reserved,       8.25 MB ( 82%) committed 
      Class space:        1.00 GB reserved,     640.00 KB ( <1%) committed 
             Both:        1.01 GB reserved,       8.88 MB ( <1%) committed 

Chunk freelists:
   Non-Class:  89.00 KB
       Class:  5.00 KB
        Both:  94.00 KB

MaxMetaspaceSize: 17179869184.00 GB
CompressedClassSpaceSize: 1.00 GB

CodeHeap 'non-profiled nmethods': size=120000Kb used=235Kb max_used=235Kb free=119764Kb
 bounds [0x000001c8548c0000, 0x000001c854b30000, 0x000001c85bdf0000]
CodeHeap 'profiled nmethods': size=120000Kb used=1216Kb max_used=1216Kb free=118783Kb
 bounds [0x000001c84d390000, 0x000001c84d600000, 0x000001c8548c0000]
CodeHeap 'non-nmethods': size=5760Kb used=1586Kb max_used=1605Kb free=4174Kb
 bounds [0x000001c84cdf0000, 0x000001c84d060000, 0x000001c84d390000]
 total_blobs=1708 nmethods=737 adapters=884
 compilation: enabled
              stopped_count=0, restarted_count=0
 full_count=0

Compilation events (20 events):
Event: 0.917 Thread 0x000001c8696e1f10  728       3       java.io.BufferedWriter::ensureOpen (18 bytes)
Event: 0.917 Thread 0x000001c8696e1f10 nmethod 728 0x000001c84d4bcc90 code [0x000001c84d4bce40, 0x000001c84d4bd048]
Event: 0.918 Thread 0x000001c8696e1f10  729       3       java.nio.CharBuffer::position (6 bytes)
Event: 0.918 Thread 0x000001c8696e1f10 nmethod 729 0x000001c84d4bd110 code [0x000001c84d4bd2c0, 0x000001c84d4bd468]
Event: 0.918 Thread 0x000001c8696e1f10  730       3       java.nio.CharBuffer::position (8 bytes)
Event: 0.918 Thread 0x000001c8696e1f10 nmethod 730 0x000001c84d4bd510 code [0x000001c84d4bd6c0, 0x000001c84d4bd808]
Event: 0.918 Thread 0x000001c8696e1f10  731       3       java.nio.ByteBuffer::array (35 bytes)
Event: 0.918 Thread 0x000001c8696e1f10 nmethod 731 0x000001c84d4bd890 code [0x000001c84d4bda60, 0x000001c84d4bdd38]
Event: 0.921 Thread 0x000001c8696e1f10  732       3       java.util.regex.Pattern$GroupHead::match (47 bytes)
Event: 0.921 Thread 0x000001c8696e1f10 nmethod 732 0x000001c84d4bde90 code [0x000001c84d4be040, 0x000001c84d4be2a8]
Event: 0.921 Thread 0x000001c8696e1f10  733       3       java.util.regex.Matcher::start (65 bytes)
Event: 0.922 Thread 0x000001c8696e1f10 nmethod 733 0x000001c84d4be490 code [0x000001c84d4be6e0, 0x000001c84d4bef68]
Event: 0.922 Thread 0x000001c8696e1f10  734       3       java.io.PrintStream::ensureOpen (18 bytes)
Event: 0.922 Thread 0x000001c8696e1f10 nmethod 734 0x000001c84d4bf310 code [0x000001c84d4bf4c0, 0x000001c84d4bf6c8]
Event: 0.924 Thread 0x000001c86fe11b00  735       4       java.nio.Buffer::checkIndex (22 bytes)
Event: 0.924 Thread 0x000001c8696e1f10  736       3       java.nio.HeapIntBuffer::put (21 bytes)
Event: 0.924 Thread 0x000001c8696e1f10 nmethod 736 0x000001c84d4bf790 code [0x000001c84d4bf960, 0x000001c84d4bfc08]
Event: 0.924 Thread 0x000001c8696e1f10  737       3       java.nio.HeapIntBuffer::ix (7 bytes)
Event: 0.924 Thread 0x000001c8696e1f10 nmethod 737 0x000001c84d4bfd90 code [0x000001c84d4bff20, 0x000001c84d4c0018]
Event: 0.924 Thread 0x000001c86fe11b00 nmethod 735 0x000001c8548f8190 code [0x000001c8548f8300, 0x000001c8548f8398]

GC Heap History (0 events):
No events

Deoptimization events (20 events):
Event: 0.891 Thread 0x000001c8433f8720 DEOPT PACKING pc=0x000001c84d4b2d05 sp=0x00000032b13ff4b0
Event: 0.891 Thread 0x000001c8433f8720 DEOPT UNPACKING pc=0x000001c84ce3e23f sp=0x00000032b13fe988 mode 0
Event: 0.892 Thread 0x000001c8433f8720 DEOPT PACKING pc=0x000001c84d4b2d05 sp=0x00000032b13ff4b0
Event: 0.892 Thread 0x000001c8433f8720 DEOPT UNPACKING pc=0x000001c84ce3e23f sp=0x00000032b13fe988 mode 0
Event: 0.892 Thread 0x000001c8433f8720 DEOPT PACKING pc=0x000001c84d4b2d05 sp=0x00000032b13ff4b0
Event: 0.892 Thread 0x000001c8433f8720 DEOPT UNPACKING pc=0x000001c84ce3e23f sp=0x00000032b13fe988 mode 0
Event: 0.893 Thread 0x000001c8433f8720 DEOPT PACKING pc=0x000001c84d4b2d05 sp=0x00000032b13ff4b0
Event: 0.893 Thread 0x000001c8433f8720 DEOPT UNPACKING pc=0x000001c84ce3e23f sp=0x00000032b13fe988 mode 0
Event: 0.893 Thread 0x000001c8433f8720 DEOPT PACKING pc=0x000001c84d4b2d05 sp=0x00000032b13ff4b0
Event: 0.893 Thread 0x000001c8433f8720 DEOPT UNPACKING pc=0x000001c84ce3e23f sp=0x00000032b13fe988 mode 0
Event: 0.894 Thread 0x000001c8433f8720 DEOPT PACKING pc=0x000001c84d4b2d05 sp=0x00000032b13ff4b0
Event: 0.894 Thread 0x000001c8433f8720 DEOPT UNPACKING pc=0x000001c84ce3e23f sp=0x00000032b13fe988 mode 0
Event: 0.894 Thread 0x000001c8433f8720 DEOPT PACKING pc=0x000001c84d4b2d05 sp=0x00000032b13ff4b0
Event: 0.894 Thread 0x000001c8433f8720 DEOPT UNPACKING pc=0x000001c84ce3e23f sp=0x00000032b13fe988 mode 0
Event: 0.895 Thread 0x000001c8433f8720 DEOPT PACKING pc=0x000001c84d4b2d05 sp=0x00000032b13ff4b0
Event: 0.895 Thread 0x000001c8433f8720 DEOPT UNPACKING pc=0x000001c84ce3e23f sp=0x00000032b13fe988 mode 0
Event: 0.895 Thread 0x000001c8433f8720 DEOPT PACKING pc=0x000001c84d4b2d05 sp=0x00000032b13ff4b0
Event: 0.895 Thread 0x000001c8433f8720 DEOPT UNPACKING pc=0x000001c84ce3e23f sp=0x00000032b13fe988 mode 0
Event: 0.896 Thread 0x000001c8433f8720 DEOPT PACKING pc=0x000001c84d4b2d05 sp=0x00000032b13ff4b0
Event: 0.896 Thread 0x000001c8433f8720 DEOPT UNPACKING pc=0x000001c84ce3e23f sp=0x00000032b13fe988 mode 0

Classes unloaded (0 events):
No events

Classes redefined (0 events):
No events

Internal exceptions (15 events):
Event: 0.077 Thread 0x000001c8433f8720 Exception <a 'java/lang/NoSuchMethodError'{0x0000000711c48520}: 'void java.lang.invoke.DirectMethodHandle$Holder.invokeStatic(java.lang.Object, java.lang.Object)'> (0x0000000711c48520) 
thrown [./open/src/hotspot/share/interpreter/linkResolver.cpp, line 782]
Event: 0.077 Thread 0x000001c8433f8720 Exception <a 'java/lang/NoSuchMethodError'{0x0000000711c4e018}: 'void java.lang.invoke.DirectMethodHandle$Holder.invokeSpecial(java.lang.Object, java.lang.Object, java.lang.Object)'> (0x0000000711c4e018) 
thrown [./open/src/hotspot/share/interpreter/linkResolver.cpp, line 782]
Event: 0.080 Thread 0x000001c8433f8720 Exception <a 'java/lang/NoSuchMethodError'{0x0000000711c62c88}: 'java.lang.Object java.lang.invoke.DirectMethodHandle$Holder.invokeStatic(java.lang.Object, java.lang.Object, int)'> (0x0000000711c62c88) 
thrown [./open/src/hotspot/share/interpreter/linkResolver.cpp, line 782]
Event: 0.081 Thread 0x000001c8433f8720 Exception <a 'java/lang/NoSuchMethodError'{0x0000000711c6edd0}: 'void java.lang.invoke.DelegatingMethodHandle$Holder.delegate(java.lang.Object, java.lang.Object, int, java.lang.Object)'> (0x0000000711c6edd0) 
thrown [./open/src/hotspot/share/interpreter/linkResolver.cpp, line 782]
Event: 0.081 Thread 0x000001c8433f8720 Exception <a 'java/lang/NoSuchMethodError'{0x0000000711c73190}: 'int java.lang.invoke.DirectMethodHandle$Holder.invokeSpecial(java.lang.Object, java.lang.Object, java.lang.Object)'> (0x0000000711c73190) 
thrown [./open/src/hotspot/share/interpreter/linkResolver.cpp, line 782]
Event: 0.103 Thread 0x000001c8433f8720 Exception <a 'sun/nio/fs/WindowsException'{0x0000000711ce6e40}> (0x0000000711ce6e40) 
thrown [./open/src/hotspot/share/prims/jni.cpp, line 578]
Event: 0.103 Thread 0x000001c8433f8720 Exception <a 'sun/nio/fs/WindowsException'{0x0000000711ce7398}> (0x0000000711ce7398) 
thrown [./open/src/hotspot/share/prims/jni.cpp, line 578]
Event: 0.116 Thread 0x000001c8433f8720 Exception <a 'sun/nio/fs/WindowsException'{0x0000000711d9e3f0}> (0x0000000711d9e3f0) 
thrown [./open/src/hotspot/share/prims/jni.cpp, line 578]
Event: 0.116 Thread 0x000001c8433f8720 Exception <a 'sun/nio/fs/WindowsException'{0x0000000711d9e760}> (0x0000000711d9e760) 
thrown [./open/src/hotspot/share/prims/jni.cpp, line 578]
Event: 0.120 Thread 0x000001c8433f8720 Exception <a 'java/lang/NoSuchMethodError'{0x0000000711dd29b8}: 'java.lang.Object java.lang.invoke.DirectMethodHandle$Holder.invokeStatic(java.lang.Object)'> (0x0000000711dd29b8) 
thrown [./open/src/hotspot/share/interpreter/linkResolver.cpp, line 782]
Event: 0.120 Thread 0x000001c8433f8720 Exception <a 'java/lang/NoSuchMethodError'{0x0000000711dd6268}: 'java.lang.Object java.lang.invoke.DirectMethodHandle$Holder.invokeStaticInit(java.lang.Object)'> (0x0000000711dd6268) 
thrown [./open/src/hotspot/share/interpreter/linkResolver.cpp, line 782]
Event: 0.655 Thread 0x000001c8433f8720 Exception <a 'sun/nio/fs/WindowsException'{0x0000000711ac9e90}> (0x0000000711ac9e90) 
thrown [./open/src/hotspot/share/prims/jni.cpp, line 578]
Event: 0.655 Thread 0x000001c8433f8720 Exception <a 'sun/nio/fs/WindowsException'{0x0000000711aca240}> (0x0000000711aca240) 
thrown [./open/src/hotspot/share/prims/jni.cpp, line 578]
Event: 0.657 Thread 0x000001c8433f8720 Exception <a 'sun/nio/fs/WindowsException'{0x0000000711ad86d0}> (0x0000000711ad86d0) 
thrown [./open/src/hotspot/share/prims/jni.cpp, line 578]
Event: 0.658 Thread 0x000001c8433f8720 Exception <a 'sun/nio/fs/WindowsException'{0x0000000711ad89b8}> (0x0000000711ad89b8) 
thrown [./open/src/hotspot/share/prims/jni.cpp, line 578]

Events (20 events):
Event: 0.124 loading class java/nio/InvalidMarkException done
Event: 0.124 loading class java/nio/BufferUnderflowException
Event: 0.124 loading class java/nio/BufferUnderflowException done
Event: 0.125 loading class java/lang/IndexOutOfBoundsException
Event: 0.125 loading class java/lang/IndexOutOfBoundsException done
Event: 0.656 Loaded shared library C:\Users\elite\AppData\Local\Temp\lwjglelite\3.2.3-build-13\lwjgl_opengl.dll
Event: 0.661 Executing VM operation: HandshakeAllThreads
Event: 0.661 Executing VM operation: HandshakeAllThreads done
Event: 0.681 Loaded shared library C:\Users\elite\AppData\Local\Temp\lwjglelite\3.2.3-build-13\lwjgl.dll
Event: 0.686 Loaded shared library C:\Users\elite\AppData\Local\Temp\lwjglelite\3.2.3-build-13\lwjgl.dll
Event: 0.771 loading class jdk/internal/reflect/UnsafeQualifiedLongFieldAccessorImpl
Event: 0.771 loading class jdk/internal/reflect/UnsafeQualifiedFieldAccessorImpl
Event: 0.771 loading class jdk/internal/reflect/UnsafeQualifiedFieldAccessorImpl done
Event: 0.771 loading class jdk/internal/reflect/UnsafeQualifiedLongFieldAccessorImpl done
Event: 0.790 loading class java/lang/StrictMath
Event: 0.790 loading class java/lang/StrictMath done
Event: 0.910 Thread 0x000001c86fe11b00 Thread added: 0x000001c86fe11b00
Event: 0.921 Thread 0x000001c8701bf800 Thread added: 0x000001c8701bf800
Event: 0.923 loading class java/nio/HeapIntBuffer
Event: 0.923 loading class java/nio/HeapIntBuffer done


Dynamic libraries:
0x00007ff79d2e0000 - 0x00007ff79d2ef000 	C:\Program Files\Java\jdk-15.0.1\bin\java.exe
0x00007ff8f4790000 - 0x00007ff8f4985000 	C:\WINDOWS\SYSTEM32\ntdll.dll
0x00007ff8f2930000 - 0x00007ff8f29ed000 	C:\WINDOWS\System32\KERNEL32.DLL
0x00007ff8f1f80000 - 0x00007ff8f2248000 	C:\WINDOWS\System32\KERNELBASE.dll
0x00007ff8ef480000 - 0x00007ff8ef510000 	C:\WINDOWS\SYSTEM32\apphelp.dll
0x00007ff8f2250000 - 0x00007ff8f2350000 	C:\WINDOWS\System32\ucrtbase.dll
0x00007ff8e2a00000 - 0x00007ff8e2a19000 	C:\Program Files\Java\jdk-15.0.1\bin\VCRUNTIME140.dll
0x00007ff8e28d0000 - 0x00007ff8e28e8000 	C:\Program Files\Java\jdk-15.0.1\bin\jli.dll
0x00007ff8f3b50000 - 0x00007ff8f3bfc000 	C:\WINDOWS\System32\ADVAPI32.dll
0x00007ff8f2a50000 - 0x00007ff8f2aee000 	C:\WINDOWS\System32\msvcrt.dll
0x00007ff8f3e10000 - 0x00007ff8f3eab000 	C:\WINDOWS\System32\sechost.dll
0x00007ff8f3c00000 - 0x00007ff8f3d2b000 	C:\WINDOWS\System32\RPCRT4.dll
0x00007ff8f3890000 - 0x00007ff8f3a30000 	C:\WINDOWS\System32\USER32.dll
0x00007ff8dfc10000 - 0x00007ff8dfeaa000 	C:\WINDOWS\WinSxS\amd64_microsoft.windows.common-controls_6595b64144ccf1df_6.0.19041.844_none_ca00b6081b84eb1d\COMCTL32.dll
0x00007ff8f2350000 - 0x00007ff8f2372000 	C:\WINDOWS\System32\win32u.dll
0x00007ff8f3860000 - 0x00007ff8f388a000 	C:\WINDOWS\System32\GDI32.dll
0x00007ff8f2660000 - 0x00007ff8f276b000 	C:\WINDOWS\System32\gdi32full.dll
0x00007ff8e6740000 - 0x00007ff8e674a000 	C:\WINDOWS\SYSTEM32\VERSION.dll
0x00007ff8f2590000 - 0x00007ff8f262d000 	C:\WINDOWS\System32\msvcp_win.dll
0x00007ff8f4140000 - 0x00007ff8f4170000 	C:\WINDOWS\System32\IMM32.DLL
0x00007ff8eb9a0000 - 0x00007ff8eb9ac000 	C:\Program Files\Java\jdk-15.0.1\bin\vcruntime140_1.dll
0x00007ff8b3c00000 - 0x00007ff8b3c91000 	C:\Program Files\Java\jdk-15.0.1\bin\msvcp140.dll
0x00007ff897db0000 - 0x00007ff89890e000 	C:\Program Files\Java\jdk-15.0.1\bin\server\jvm.dll
0x00007ff8f4280000 - 0x00007ff8f4288000 	C:\WINDOWS\System32\PSAPI.DLL
0x00007ff8d5460000 - 0x00007ff8d5469000 	C:\WINDOWS\SYSTEM32\WSOCK32.dll
0x00007ff8dbb10000 - 0x00007ff8dbb37000 	C:\WINDOWS\SYSTEM32\WINMM.dll
0x00007ff8f3eb0000 - 0x00007ff8f3f1b000 	C:\WINDOWS\System32\WS2_32.dll
0x00007ff8efe80000 - 0x00007ff8efe92000 	C:\WINDOWS\SYSTEM32\kernel.appcore.dll
0x00007ff8e3b70000 - 0x00007ff8e3b7a000 	C:\Program Files\Java\jdk-15.0.1\bin\jimage.dll
0x00007ff8efbd0000 - 0x00007ff8efdb4000 	C:\WINDOWS\SYSTEM32\DBGHELP.DLL
0x00007ff8d5420000 - 0x00007ff8d544c000 	C:\WINDOWS\SYSTEM32\dbgcore.DLL
0x00007ff8f2770000 - 0x00007ff8f27f0000 	C:\WINDOWS\System32\bcryptPrimitives.dll
0x00007ff8d54d0000 - 0x00007ff8d54f5000 	C:\Program Files\Java\jdk-15.0.1\bin\java.dll
0x00007ff8f2ca0000 - 0x00007ff8f33e2000 	C:\WINDOWS\System32\SHELL32.dll
0x00007ff8f0010000 - 0x00007ff8f07a1000 	C:\WINDOWS\SYSTEM32\windows.storage.dll
0x00007ff8f43f0000 - 0x00007ff8f4745000 	C:\WINDOWS\System32\combase.dll
0x00007ff8f1940000 - 0x00007ff8f196c000 	C:\WINDOWS\SYSTEM32\Wldp.dll
0x00007ff8f4170000 - 0x00007ff8f421e000 	C:\WINDOWS\System32\SHCORE.dll
0x00007ff8f4390000 - 0x00007ff8f43e5000 	C:\WINDOWS\System32\shlwapi.dll
0x00007ff8f1e10000 - 0x00007ff8f1e2f000 	C:\WINDOWS\SYSTEM32\profapi.dll
0x00007ff8e0a50000 - 0x00007ff8e0a69000 	C:\Program Files\Java\jdk-15.0.1\bin\net.dll
0x00007ff8e1580000 - 0x00007ff8e168b000 	C:\WINDOWS\SYSTEM32\WINHTTP.dll
0x00007ff8f16b0000 - 0x00007ff8f171a000 	C:\WINDOWS\system32\mswsock.dll
0x00007ff8df560000 - 0x00007ff8df572000 	C:\Program Files\Java\jdk-15.0.1\bin\nio.dll
0x00007ff8dee00000 - 0x00007ff8dee18000 	C:\Program Files\Java\jdk-15.0.1\bin\zip.dll
0x00007ff8b3da0000 - 0x00007ff8b3e04000 	C:\Users\elite\AppData\Local\Temp\lwjglelite\3.2.3-build-13\lwjgl.dll
0x00007ff8b2610000 - 0x00007ff8b2672000 	C:\Users\elite\AppData\Local\Temp\lwjglelite\3.2.3-build-13\glfw.dll
0x00007ff8ef570000 - 0x00007ff8ef60e000 	C:\WINDOWS\system32\uxtheme.dll
0x00007ff8c4870000 - 0x00007ff8c48b5000 	C:\WINDOWS\SYSTEM32\dinput8.dll
0x00007ff8ec120000 - 0x00007ff8ec131000 	C:\WINDOWS\SYSTEM32\xinput1_4.dll
0x00007ff8f2380000 - 0x00007ff8f23ce000 	C:\WINDOWS\System32\cfgmgr32.dll
0x00007ff8f1c80000 - 0x00007ff8f1cac000 	C:\WINDOWS\SYSTEM32\DEVOBJ.dll
0x00007ff8ef820000 - 0x00007ff8ef84f000 	C:\WINDOWS\SYSTEM32\dwmapi.dll
0x00007ff8dcd60000 - 0x00007ff8dceb2000 	C:\WINDOWS\SYSTEM32\inputhost.dll
0x00007ff8f3f20000 - 0x00007ff8f3fed000 	C:\WINDOWS\System32\OLEAUT32.dll
0x00007ff8ef250000 - 0x00007ff8ef342000 	C:\WINDOWS\SYSTEM32\CoreMessaging.dll
0x00007ff8ed3d0000 - 0x00007ff8ed524000 	C:\WINDOWS\SYSTEM32\wintypes.dll
0x00007ff8ee5d0000 - 0x00007ff8ee6c7000 	C:\WINDOWS\SYSTEM32\PROPSYS.dll
0x00007ff8eeb70000 - 0x00007ff8eeece000 	C:\WINDOWS\SYSTEM32\CoreUIComponents.dll
0x00007ff8f0c10000 - 0x00007ff8f0c43000 	C:\WINDOWS\SYSTEM32\ntmarta.dll
0x00007ff8f3a30000 - 0x00007ff8f3b45000 	C:\WINDOWS\System32\MSCTF.dll
0x00007ff8f07b0000 - 0x00007ff8f07bd000 	C:\WINDOWS\SYSTEM32\HID.DLL
0x00007ff8f33f0000 - 0x00007ff8f3859000 	C:\WINDOWS\System32\SETUPAPI.DLL
0x00007ff8f2630000 - 0x00007ff8f2657000 	C:\WINDOWS\System32\bcrypt.dll
0x00007ff8f2530000 - 0x00007ff8f2590000 	C:\WINDOWS\System32\WINTRUST.dll
0x00007ff8f23d0000 - 0x00007ff8f252f000 	C:\WINDOWS\System32\CRYPT32.dll
0x00007ff8f1ac0000 - 0x00007ff8f1ad2000 	C:\WINDOWS\SYSTEM32\MSASN1.dll
0x00007ff8d5960000 - 0x00007ff8d5a86000 	C:\WINDOWS\SYSTEM32\opengl32.dll
0x00007ff8eb450000 - 0x00007ff8eb47c000 	C:\WINDOWS\SYSTEM32\GLU32.dll
0x00007ff8f27f0000 - 0x00007ff8f2899000 	C:\WINDOWS\System32\clbcatq.dll
0x00007ff8874c0000 - 0x00007ff889e58000 	C:\WINDOWS\System32\DriverStore\FileRepository\nvrzui.inf_amd64_95061cbb24b5eebb\nvoglv64.dll
0x00007ff8f4010000 - 0x00007ff8f413a000 	C:\WINDOWS\System32\ole32.dll
0x00007ff8ecd10000 - 0x00007ff8ecd24000 	C:\WINDOWS\SYSTEM32\WTSAPI32.dll
0x00007ff8e8270000 - 0x00007ff8e82ab000 	C:\WINDOWS\SYSTEM32\dxcore.dll
0x00007ff8b2c10000 - 0x00007ff8b2ebe000 	C:\WINDOWS\system32\nvspcap64.dll
0x00007ff8f1470000 - 0x00007ff8f14bb000 	C:\WINDOWS\SYSTEM32\powrprof.dll
0x00007ff8f1330000 - 0x00007ff8f1342000 	C:\WINDOWS\SYSTEM32\UMPDC.dll
0x00007ff8f0cc0000 - 0x00007ff8f0d1a000 	C:\WINDOWS\SYSTEM32\WINSTA.dll
0x00007ff8b1610000 - 0x00007ff8b1669000 	C:\Users\elite\AppData\Local\Temp\lwjglelite\3.2.3-build-13\lwjgl_opengl.dll
0x00007ff8ddad0000 - 0x00007ff8ddbc9000 	C:\WINDOWS\SYSTEM32\textinputframework.dll

dbghelp: loaded successfully - version: 4.0.5 - missing functions: none
symbol engine: initialized successfully - sym options: 0x614 - pdb path: .;C:\Program Files\Java\jdk-15.0.1\bin;C:\WINDOWS\SYSTEM32;C:\WINDOWS\WinSxS\amd64_microsoft.windows.common-controls_6595b64144ccf1df_6.0.19041.844_none_ca00b6081b84eb1d;C:\Program Files\Java\jdk-15.0.1\bin\server;C:\Users\elite\AppData\Local\Temp\lwjglelite\3.2.3-build-13;C:\WINDOWS\System32\DriverStore\FileRepository\nvrzui.inf_amd64_95061cbb24b5eebb

VM Arguments:
jvm_args: -XX:+ShowCodeDetailsInExceptionMessages -Dfile.encoding=UTF-8 
java_command: Main
java_class_path (initial): C:\Users\elite\AppData\Roaming\Code\User\workspaceStorage\324dc56328435073811ea3739a37b381\redhat.java\jdt_ws\svo-raytracer_29718bbc\bin;C:\Users\elite\Documents\GitHub\svo-raytracer\lib\lwjgl-opencl.jar;C:\Users\elite\Documents\GitHub\svo-raytracer\lib\lwjgl-opengl-javadoc.jar;C:\Users\elite\Documents\GitHub\svo-raytracer\lib\lwjgl-stb-javadoc.jar;C:\Users\elite\Documents\GitHub\svo-raytracer\lib\lwjgl-natives-windows.jar;C:\Users\elite\Documents\GitHub\svo-raytracer\lib\lwjgl-opencl-javadoc.jar;C:\Users\elite\Documents\GitHub\svo-raytracer\lib\lwjgl-openal-javadoc.jar;C:\Users\elite\Documents\GitHub\svo-raytracer\lib\lwjgl-glfw.jar;C:\Users\elite\Documents\GitHub\svo-raytracer\lib\lwjgl.jar;C:\Users\elite\Documents\GitHub\svo-raytracer\lib\lwjgl-assimp-javadoc.jar;C:\Users\elite\Documents\GitHub\svo-raytracer\lib\lwjgl-assimp.jar;C:\Users\elite\Documents\GitHub\svo-raytracer\lib\lwjgl-opengl-natives-windows.jar;C:\Users\elite\Documents\GitHub\svo-raytracer\lib\lwjgl-glfw-javadoc.jar;C:\Users\elite\Documents\GitHub\svo-raytracer\lib\lwjgl-javadoc.jar;C:\Users\elite\Documents\GitHub\svo-raytracer\lib\lwjgl-openal-natives-windows.jar;C:\Users\elite\Documents\GitHub\svo-raytracer\lib\lwjgl-openal.jar;C:\Users\elite\Documents\GitHub\svo-raytracer\lib\lwjgl-stb-natives-windows.jar;C:\Users\elite\Documents\GitHub\svo-raytracer\lib\lwjgl-glfw-natives-windows.jar;C:\Users\elite\Documents\GitHub\svo-raytracer\lib\lwjgl-opengl.jar;C:\Users\elite\Documents\GitHub\svo-raytracer\lib\lwjgl-cuda-javadoc.jar;C:\Users\elite\Documents\GitHub\svo-raytracer\lib\lwjgl-stb.jar;C:\Users\elite\Documents\GitHub\svo-raytracer\lib\lwjgl-assimp-natives-windows.jar;C:\Users\elite\Documents\GitHub\svo-raytracer\lib\lwjgl-cuda.jar
Launcher Type: SUN_STANDARD

[Global flags]
     intx CICompilerCount                          = 4                                         {product} {ergonomic}
     uint ConcGCThreads                            = 3                                         {product} {ergonomic}
     uint G1ConcRefinementThreads                  = 10                                        {product} {ergonomic}
   size_t G1HeapRegionSize                         = 2097152                                   {product} {ergonomic}
    uintx GCDrainStackTargetSize                   = 64                                        {product} {ergonomic}
   size_t InitialHeapSize                          = 266338304                                 {product} {ergonomic}
   size_t MarkStackSize                            = 4194304                                   {product} {ergonomic}
   size_t MaxHeapSize                              = 4259315712                                {product} {ergonomic}
   size_t MaxNewSize                               = 2554331136                                {product} {ergonomic}
   size_t MinHeapDeltaBytes                        = 2097152                                   {product} {ergonomic}
   size_t MinHeapSize                              = 8388608                                   {product} {ergonomic}
    uintx NonNMethodCodeHeapSize                   = 5839372                                {pd product} {ergonomic}
    uintx NonProfiledCodeHeapSize                  = 122909434                              {pd product} {ergonomic}
    uintx ProfiledCodeHeapSize                     = 122909434                              {pd product} {ergonomic}
    uintx ReservedCodeCacheSize                    = 251658240                              {pd product} {ergonomic}
     bool SegmentedCodeCache                       = true                                      {product} {ergonomic}
     bool ShowCodeDetailsInExceptionMessages       = true                                   {manageable} {command line}
   size_t SoftMaxHeapSize                          = 4259315712                             {manageable} {ergonomic}
     bool UseCompressedClassPointers               = true                                 {lp64_product} {ergonomic}
     bool UseCompressedOops                        = true                                 {lp64_product} {ergonomic}
     bool UseG1GC                                  = true                                      {product} {ergonomic}
     bool UseLargePagesIndividualAllocation        = false                                  {pd product} {ergonomic}

Logging:
Log output configuration:
 #0: stdout all=warning uptime,level,tags
 #1: stderr all=off uptime,level,tags

Environment Variables:
PATH=C:\Program Files\Git\mingw64\bin;C:\Program Files\Git\usr\bin;C:\Users\elite\bin;C:\Program Files\Common Files\Oracle\Java\javapath;C:\Program Files\AdoptOpenJDK\jdk-14.0.2.12-hotspot\bin;C:\Program Files (x86)\Razer Chroma SDK\bin;C:\Program Files\Razer Chroma SDK\bin;C:\Program Files (x86)\Razer\ChromaBroadcast\bin;C:\Program Files\Razer\ChromaBroadcast\bin;C:\Program Files\NVIDIA GPU Computing Toolkit\CUDA\v11.1\bin;C:\Program Files\NVIDIA GPU Computing Toolkit\CUDA\v11.1\libnvvp;C:\Windows\system32;C:\Windows;C:\Windows\System32\Wbem;C:\Windows\System32\WindowsPowerShell\v1.0;C:\Windows\System32\OpenSSH;C:\Program Files (x86)\NVIDIA Corporation\PhysX\Common;C:\Program Files\NVIDIA Corporation\NVIDIA NvDLISR;C:\Program Files\NVIDIA Corporation\Nsight Compute 2020.2.0;C:\Windows\system32\config\systemprofile\AppData\Local\Microsoft\WindowsApps;C:\Program Files\nodejs;C:\Program Files\Git\cmd;C:\Users\elite\AppData\Local\Programs\Python\Python39;C:\Program Files\CMake\bin;C:\WINDOWS\system32;C:\WINDOWS;C:\WINDOWS\System32\Wbem;C:\WINDOWS\System32\WindowsPowerShell\v1.0;C:\WINDOWS\System32\OpenSSH;C:\Program Files\LLVM\bin;C:\Users\elite\AppData\Local\Microsoft\WindowsApps;C:\Users\elite\AppData\Local\GitHubDesktop\bin;C:\Users\elite\AppData\Local\Programs\Microsoft VS Code\bin;C:\Users\elite\AppData\Roaming\npm;C:\Program Files\heroku\bin;C:\texlive\2020\bin\win32
USERNAME=elite
LANG=en_US.UTF-8
OS=Windows_NT
PROCESSOR_IDENTIFIER=Intel64 Family 6 Model 165 Stepping 2, GenuineIntel



---------------  S Y S T E M  ---------------

OS:
 Windows 10 , 64 bit Build 19041 (10.0.19041.928)
OS uptime: 4 days 12:27 hours

CPU: total 12 (initial active 12) (6 cores per cpu, 2 threads per core) family 6 model 165 stepping 2 microcode 0xc8, cmov, cx8, fxsr, mmx, sse, sse2, sse3, ssse3, sse4.1, sse4.2, popcnt, vzeroupper, avx, avx2, aes, clmul, erms, 3dnowpref, lzcnt, ht, tsc, tscinvbit, bmi1, bmi2, adx, fma, clflush, clflushopt

Memory: 4k page, system-wide physical 16245M (7391M free)
TotalPageFile size 19061M (AvailPageFile size 2060M)
current process WorkingSet (physical memory assigned to process): 138M, peak: 138M
current process commit charge ("private bytes"): 448M, peak: 448M

vm_info: Java HotSpot(TM) 64-Bit Server VM (15.0.1+9-18) for windows-amd64 JRE (15.0.1+9-18), built on Sep 15 2020 14:43:54 by "mach5one" with unknown MS VC++:1925

END.
