#
# A fatal error has been detected by the Java Runtime Environment:
#
#  EXCEPTION_ACCESS_VIOLATION (0xc0000005) at pc=0x00007ffa99a0dfa0, pid=10080, tid=10648
#
# JRE version: Java(TM) SE Runtime Environment (15.0.1+9) (build 15.0.1+9-18)
# Java VM: Java HotSpot(TM) 64-Bit Server VM (15.0.1+9-18, mixed mode, sharing, tiered, compressed oops, g1 gc, windows-amd64)
# Problematic frame:
# C  [nvoglv64.dll+0x113dfa0]
#
# No core dump will be written. Minidumps are not enabled by default on client versions of Windows
#
# If you would like to submit a bug report, please visit:
#   https://bugreport.java.com/bugreport/crash.jsp
# The crash happened outside the Java Virtual Machine in native code.
# See problematic frame for where to report the bug.
#

---------------  S U M M A R Y ------------

Command Line: --enable-preview -XX:+ShowCodeDetailsInExceptionMessages -Dfile.encoding=UTF-8 engine.Main

Host: Intel(R) Core(TM) i7-10750H CPU @ 2.60GHz, 12 cores, 15G,  Windows 10 , 64 bit Build 18362 (10.0.18362.1110)
Time: Sun Dec 27 15:56:13 2020 Pacific Standard Time elapsed time: 0.691240 seconds (0d 0h 0m 0s)

---------------  T H R E A D  ---------------

Current thread (0x0000027ecd7372a0):  JavaThread "main" [_thread_in_native, id=10648, stack(0x000000b5a4100000,0x000000b5a4200000)]

Stack: [0x000000b5a4100000,0x000000b5a4200000],  sp=0x000000b5a41fef08,  free space=1019k
Native frames: (J=compiled Java code, j=interpreted, Vv=VM code, C=native code)
C  [nvoglv64.dll+0x113dfa0]

Java frames: (J=compiled Java code, j=interpreted, Vv=VM code)
j  org.lwjgl.opengl.GL15C.nglBufferData(IJJI)V+0
j  org.lwjgl.opengl.GL15C.glBufferData(ILjava/nio/ByteBuffer;I)V+11
j  engine.Main.main([Ljava/lang/String;)V+520
v  ~StubRoutines::call_stub

siginfo: EXCEPTION_ACCESS_VIOLATION (0xc0000005), reading address 0x0000000000000013


Register to memory mapping:

RIP=0x00007ffa99a0dfa0 nvoglv64.dll
RAX=0x0000027ef25e7978 points into unknown readable memory: 0x0000000000000000 | 00 00 00 00 00 00 00 00
RBX=0x0000000000000013 is an unknown value
RCX=0x00007ffa99a0dfa0 nvoglv64.dll
RDX=0x0000000000000013 is an unknown value
RSP=0x000000b5a41fef08 is pointing into the stack for thread: 0x0000027ecd7372a0
RBP=0x0000000000000007 is an unknown value
RSI=0x0000027ef25e7978 points into unknown readable memory: 0x0000000000000000 | 00 00 00 00 00 00 00 00
RDI=0x0000000000000007 is an unknown value
R8 =0x0000000000000007 is an unknown value
R9 =0x00007ffa988d0000 nvoglv64.dll
R10=0x0000000000000013 is an unknown value
R11=0x0000027ef25e7978 points into unknown readable memory: 0x0000000000000000 | 00 00 00 00 00 00 00 00
R12=0x00000000000088e5 is an unknown value
R13=0x0000000000008c2a is an unknown value
R14=0x000000b5a41ff0a0 is pointing into the stack for thread: 0x0000027ecd7372a0
R15=0x0000027ecd7372a0 is a thread


Registers:
RAX=0x0000027ef25e7978, RBX=0x0000000000000013, RCX=0x00007ffa99a0dfa0, RDX=0x0000000000000013
RSP=0x000000b5a41fef08, RBP=0x0000000000000007, RSI=0x0000027ef25e7978, RDI=0x0000000000000007
R8 =0x0000000000000007, R9 =0x00007ffa988d0000, R10=0x0000000000000013, R11=0x0000027ef25e7978
R12=0x00000000000088e5, R13=0x0000000000008c2a, R14=0x000000b5a41ff0a0, R15=0x0000027ecd7372a0
RIP=0x00007ffa99a0dfa0, EFLAGS=0x0000000000010206

Top of Stack: (sp=0x000000b5a41fef08)
0x000000b5a41fef08:   00007ffa996a2e52 0000027ecd7372a0
0x000000b5a41fef18:   000000b5a41ff0a0 0000000000000000
0x000000b5a41fef28:   0000000000000010 0000000000000010
0x000000b5a41fef38:   00007ffa9909d2a3 0000000000000007
0x000000b5a41fef48:   0000027ef3536080 0000000000000013
0x000000b5a41fef58:   0000027ed598e05d 0000027ecd7372a0
0x000000b5a41fef68:   0000000000000010 0000027e00000001
0x000000b5a41fef78:   0000000000000000 0000000000000000
0x000000b5a41fef88:   0000027ef25e7978 0000027ef8f21260
0x000000b5a41fef98:   0000000000000000 0000000000000010
0x000000b5a41fefa8:   000000b5a41ff058 0000027ef8f21260
0x000000b5a41fefb8:   0000027ed596f177 0000000000000010
0x000000b5a41fefc8:   000000b5a41ff0a0 0000027ecd7372a0
0x000000b5a41fefd8:   0000027ed596ee5c 0000000000000013
0x000000b5a41fefe8:   00000000000088e5 0000027ed596a1aa
0x000000b5a41feff8:   00007ffa9b84c1d7 3ff0000000000000 

Instructions: (pc=0x00007ffa99a0dfa0)
0x00007ffa99a0dea0:   5e 5f c3 cc cc cc cc cc cc 0f 1f 80 00 00 00 00
0x00007ffa99a0deb0:   4c 8b d9 4c 8b d2 49 83 f8 10 76 54 49 83 f8 20
0x00007ffa99a0dec0:   76 2e 48 2b d1 73 0d 4b 8d 04 10 48 3b c8 0f 82
0x00007ffa99a0ded0:   dc 02 00 00 49 81 f8 80 00 00 00 0f 86 0f 02 00
0x00007ffa99a0dee0:   00 f6 05 90 98 6b 01 02 0f 84 52 01 00 00 eb a0
0x00007ffa99a0def0:   0f 10 02 42 0f 10 4c 02 f0 0f 11 01 42 0f 11 4c
0x00007ffa99a0df00:   01 f0 48 8b c1 c3 66 66 0f 1f 84 00 00 00 00 00
0x00007ffa99a0df10:   48 8b c1 4c 8d 0d e6 20 ec fe 43 8b 8c 81 10 1a
0x00007ffa99a0df20:   94 02 49 03 c9 ff e1 66 0f 1f 84 00 00 00 00 00
0x00007ffa99a0df30:   c3 0f b7 0a 66 89 08 c3 48 8b 0a 48 89 08 c3 0f
0x00007ffa99a0df40:   b7 0a 44 0f b6 42 02 66 89 08 44 88 40 02 c3 0f
0x00007ffa99a0df50:   b6 0a 88 08 c3 f3 0f 6f 02 f3 0f 7f 00 c3 66 90
0x00007ffa99a0df60:   4c 8b 02 0f b7 4a 08 44 0f b6 4a 0a 4c 89 00 66
0x00007ffa99a0df70:   89 48 08 44 88 48 0a c3 8b 0a 89 08 c3 0f 1f 00
0x00007ffa99a0df80:   8b 0a 44 0f b6 42 04 89 08 44 88 40 04 c3 66 90
0x00007ffa99a0df90:   8b 0a 44 0f b7 42 04 89 08 66 44 89 40 04 c3 90
0x00007ffa99a0dfa0:   8b 0a 44 0f b7 42 04 44 0f b6 4a 06 89 08 66 44
0x00007ffa99a0dfb0:   89 40 04 44 88 48 06 c3 4c 8b 02 8b 4a 08 44 0f
0x00007ffa99a0dfc0:   b6 4a 0c 4c 89 00 89 48 08 44 88 48 0c c3 66 90
0x00007ffa99a0dfd0:   4c 8b 02 0f b6 4a 08 4c 89 00 88 48 08 c3 66 90
0x00007ffa99a0dfe0:   4c 8b 02 0f b7 4a 08 4c 89 00 66 89 48 08 c3 90
0x00007ffa99a0dff0:   4c 8b 02 8b 4a 08 4c 89 00 89 48 08 c3 0f 1f 00
0x00007ffa99a0e000:   4c 8b 02 8b 4a 08 44 0f b7 4a 0c 4c 89 00 89 48
0x00007ffa99a0e010:   08 66 44 89 48 0c c3 66 0f 1f 84 00 00 00 00 00
0x00007ffa99a0e020:   4c 8b 02 8b 4a 08 44 0f b7 4a 0c 44 0f b6 52 0e
0x00007ffa99a0e030:   4c 89 00 89 48 08 66 44 89 48 0c 44 88 50 0e c3
0x00007ffa99a0e040:   0f 10 04 11 4c 03 c1 48 83 c1 10 41 f6 c3 0f 74
0x00007ffa99a0e050:   13 0f 28 c8 48 83 e1 f0 0f 10 04 11 48 83 c1 10
0x00007ffa99a0e060:   41 0f 11 0b 4c 2b c1 4d 8b c8 49 c1 e9 07 0f 84
0x00007ffa99a0e070:   88 00 00 00 0f 29 41 f0 4c 3b 0d b9 46 63 01 76
0x00007ffa99a0e080:   17 e9 c2 00 00 00 66 66 0f 1f 84 00 00 00 00 00
0x00007ffa99a0e090:   0f 29 41 e0 0f 29 49 f0 0f 10 04 11 0f 10 4c 11 


Stack slot to memory mapping:
stack at sp + 0 slots: 0x00007ffa996a2e52 nvoglv64.dll
stack at sp + 1 slots: 0x0000027ecd7372a0 is a thread
stack at sp + 2 slots: 0x000000b5a41ff0a0 is pointing into the stack for thread: 0x0000027ecd7372a0
stack at sp + 3 slots: 0x0 is NULL
stack at sp + 4 slots: 0x0000000000000010 is an unknown value
stack at sp + 5 slots: 0x0000000000000010 is an unknown value
stack at sp + 6 slots: 0x00007ffa9909d2a3 nvoglv64.dll
stack at sp + 7 slots: 0x0000000000000007 is an unknown value


---------------  P R O C E S S  ---------------

Threads class SMR info:
_java_thread_list=0x0000027ef1b90ac0, length=11, elements={
0x0000027ecd7372a0, 0x0000027ef1a30f00, 0x0000027ef1a339f0, 0x0000027ef1a513c0,
0x0000027ef1a53c90, 0x0000027ef1a54550, 0x0000027ef1a58160, 0x0000027ef1a5c110,
0x0000027ef1a66e30, 0x0000027ef1b8b700, 0x0000027ef1b93bf0
}

Java Threads: ( => current thread )
=>0x0000027ecd7372a0 JavaThread "main" [_thread_in_native, id=10648, stack(0x000000b5a4100000,0x000000b5a4200000)]
  0x0000027ef1a30f00 JavaThread "Reference Handler" daemon [_thread_blocked, id=16504, stack(0x000000b5a4800000,0x000000b5a4900000)]
  0x0000027ef1a339f0 JavaThread "Finalizer" daemon [_thread_blocked, id=19496, stack(0x000000b5a4900000,0x000000b5a4a00000)]
  0x0000027ef1a513c0 JavaThread "Signal Dispatcher" daemon [_thread_blocked, id=12580, stack(0x000000b5a4a00000,0x000000b5a4b00000)]
  0x0000027ef1a53c90 JavaThread "Attach Listener" daemon [_thread_blocked, id=15860, stack(0x000000b5a4b00000,0x000000b5a4c00000)]
  0x0000027ef1a54550 JavaThread "Service Thread" daemon [_thread_blocked, id=2916, stack(0x000000b5a4c00000,0x000000b5a4d00000)]
  0x0000027ef1a58160 JavaThread "C2 CompilerThread0" daemon [_thread_blocked, id=8856, stack(0x000000b5a4d00000,0x000000b5a4e00000)]
  0x0000027ef1a5c110 JavaThread "C1 CompilerThread0" daemon [_thread_blocked, id=15220, stack(0x000000b5a4e00000,0x000000b5a4f00000)]
  0x0000027ef1a66e30 JavaThread "Sweeper thread" daemon [_thread_blocked, id=12796, stack(0x000000b5a4f00000,0x000000b5a5000000)]
  0x0000027ef1b8b700 JavaThread "Notification Thread" daemon [_thread_blocked, id=9904, stack(0x000000b5a5000000,0x000000b5a5100000)]
  0x0000027ef1b93bf0 JavaThread "Common-Cleaner" daemon [_thread_blocked, id=8516, stack(0x000000b5a5200000,0x000000b5a5300000)]

Other Threads:
  0x0000027ef1a2f370 VMThread "VM Thread" [stack: 0x000000b5a4700000,0x000000b5a4800000] [id=11080]
  0x0000027ef1b9c4a0 WatcherThread [stack: 0x000000b5a5100000,0x000000b5a5200000] [id=23184]
  0x0000027ecd788f80 GCTaskThread "GC Thread#0" [stack: 0x000000b5a4200000,0x000000b5a4300000] [id=19728]
  0x0000027ecd79af40 ConcurrentGCThread "G1 Main Marker" [stack: 0x000000b5a4300000,0x000000b5a4400000] [id=5956]
  0x0000027ecd79d5f0 ConcurrentGCThread "G1 Conc#0" [stack: 0x000000b5a4400000,0x000000b5a4500000] [id=8884]
  0x0000027ef10a24d0 ConcurrentGCThread "G1 Refine#0" [stack: 0x000000b5a4500000,0x000000b5a4600000] [id=15560]
  0x0000027ef10a2fe0 ConcurrentGCThread "G1 Young RemSet Sampling" [stack: 0x000000b5a4600000,0x000000b5a4700000] [id=10724]

Threads with active compile tasks:

VM state: not at safepoint (normal execution)

VM Mutex/Monitor currently owned by a thread: None

Heap address: 0x0000000702200000, size: 4062 MB, Compressed Oops mode: Zero based, Oop shift amount: 3
CDS archive(s) mapped at: [0x0000000800000000-0x0000000800b50000-0x0000000800b50000), size 11862016, SharedBaseAddress: 0x0000000800000000, ArchiveRelocationMode: 0.
Compressed class space mapped at: 0x0000000800b50000-0x0000000840b50000, size: 1073741824
Narrow klass base: 0x0000000800000000, Narrow klass shift: 3, Narrow klass range: 0x100000000

GC Precious Log:
 CPUs: 12 total, 12 available
 Memory: 16245M
 Large Page Support: Disabled
 NUMA Support: Disabled
 Compressed Oops: Enabled (Zero based)
 Heap Region Size: 2M
 Heap Min Capacity: 8M
 Heap Initial Capacity: 254M
 Heap Max Capacity: 4062M
 Pre-touch: Disabled
 Parallel Workers: 10
 Concurrent Workers: 3
 Concurrent Refinement Workers: 10
 Periodic GC: Disabled

Heap:
 garbage-first heap   total 260096K, used 14336K [0x0000000702200000, 0x0000000800000000)
  region size 2048K, 8 young (16384K), 0 survivors (0K)
 Metaspace       used 5974K, capacity 8866K, committed 9088K, reserved 1058816K
  class space    used 288K, capacity 571K, committed 640K, reserved 1048576K

Heap Regions: E=young(eden), S=young(survivor), O=old, HS=humongous(starts), HC=humongous(continues), CS=collection set, F=free, OA=open archive, CA=closed archive, TAMS=top-at-mark-start (previous, next)
|   0|0x0000000702200000, 0x0000000702200000, 0x0000000702400000|  0%| F|  |TAMS 0x0000000702200000, 0x0000000702200000| Untracked 
|   1|0x0000000702400000, 0x0000000702400000, 0x0000000702600000|  0%| F|  |TAMS 0x0000000702400000, 0x0000000702400000| Untracked 
|   2|0x0000000702600000, 0x0000000702600000, 0x0000000702800000|  0%| F|  |TAMS 0x0000000702600000, 0x0000000702600000| Untracked 
|   3|0x0000000702800000, 0x0000000702800000, 0x0000000702a00000|  0%| F|  |TAMS 0x0000000702800000, 0x0000000702800000| Untracked 
|   4|0x0000000702a00000, 0x0000000702a00000, 0x0000000702c00000|  0%| F|  |TAMS 0x0000000702a00000, 0x0000000702a00000| Untracked 
|   5|0x0000000702c00000, 0x0000000702c00000, 0x0000000702e00000|  0%| F|  |TAMS 0x0000000702c00000, 0x0000000702c00000| Untracked 
|   6|0x0000000702e00000, 0x0000000702e00000, 0x0000000703000000|  0%| F|  |TAMS 0x0000000702e00000, 0x0000000702e00000| Untracked 
|   7|0x0000000703000000, 0x0000000703000000, 0x0000000703200000|  0%| F|  |TAMS 0x0000000703000000, 0x0000000703000000| Untracked 
|   8|0x0000000703200000, 0x0000000703200000, 0x0000000703400000|  0%| F|  |TAMS 0x0000000703200000, 0x0000000703200000| Untracked 
|   9|0x0000000703400000, 0x0000000703400000, 0x0000000703600000|  0%| F|  |TAMS 0x0000000703400000, 0x0000000703400000| Untracked 
|  10|0x0000000703600000, 0x0000000703600000, 0x0000000703800000|  0%| F|  |TAMS 0x0000000703600000, 0x0000000703600000| Untracked 
|  11|0x0000000703800000, 0x0000000703800000, 0x0000000703a00000|  0%| F|  |TAMS 0x0000000703800000, 0x0000000703800000| Untracked 
|  12|0x0000000703a00000, 0x0000000703a00000, 0x0000000703c00000|  0%| F|  |TAMS 0x0000000703a00000, 0x0000000703a00000| Untracked 
|  13|0x0000000703c00000, 0x0000000703c00000, 0x0000000703e00000|  0%| F|  |TAMS 0x0000000703c00000, 0x0000000703c00000| Untracked 
|  14|0x0000000703e00000, 0x0000000703e00000, 0x0000000704000000|  0%| F|  |TAMS 0x0000000703e00000, 0x0000000703e00000| Untracked 
|  15|0x0000000704000000, 0x0000000704000000, 0x0000000704200000|  0%| F|  |TAMS 0x0000000704000000, 0x0000000704000000| Untracked 
|  16|0x0000000704200000, 0x0000000704200000, 0x0000000704400000|  0%| F|  |TAMS 0x0000000704200000, 0x0000000704200000| Untracked 
|  17|0x0000000704400000, 0x0000000704400000, 0x0000000704600000|  0%| F|  |TAMS 0x0000000704400000, 0x0000000704400000| Untracked 
|  18|0x0000000704600000, 0x0000000704600000, 0x0000000704800000|  0%| F|  |TAMS 0x0000000704600000, 0x0000000704600000| Untracked 
|  19|0x0000000704800000, 0x0000000704800000, 0x0000000704a00000|  0%| F|  |TAMS 0x0000000704800000, 0x0000000704800000| Untracked 
|  20|0x0000000704a00000, 0x0000000704a00000, 0x0000000704c00000|  0%| F|  |TAMS 0x0000000704a00000, 0x0000000704a00000| Untracked 
|  21|0x0000000704c00000, 0x0000000704c00000, 0x0000000704e00000|  0%| F|  |TAMS 0x0000000704c00000, 0x0000000704c00000| Untracked 
|  22|0x0000000704e00000, 0x0000000704e00000, 0x0000000705000000|  0%| F|  |TAMS 0x0000000704e00000, 0x0000000704e00000| Untracked 
|  23|0x0000000705000000, 0x0000000705000000, 0x0000000705200000|  0%| F|  |TAMS 0x0000000705000000, 0x0000000705000000| Untracked 
|  24|0x0000000705200000, 0x0000000705200000, 0x0000000705400000|  0%| F|  |TAMS 0x0000000705200000, 0x0000000705200000| Untracked 
|  25|0x0000000705400000, 0x0000000705400000, 0x0000000705600000|  0%| F|  |TAMS 0x0000000705400000, 0x0000000705400000| Untracked 
|  26|0x0000000705600000, 0x0000000705600000, 0x0000000705800000|  0%| F|  |TAMS 0x0000000705600000, 0x0000000705600000| Untracked 
|  27|0x0000000705800000, 0x0000000705800000, 0x0000000705a00000|  0%| F|  |TAMS 0x0000000705800000, 0x0000000705800000| Untracked 
|  28|0x0000000705a00000, 0x0000000705a00000, 0x0000000705c00000|  0%| F|  |TAMS 0x0000000705a00000, 0x0000000705a00000| Untracked 
|  29|0x0000000705c00000, 0x0000000705c00000, 0x0000000705e00000|  0%| F|  |TAMS 0x0000000705c00000, 0x0000000705c00000| Untracked 
|  30|0x0000000705e00000, 0x0000000705e00000, 0x0000000706000000|  0%| F|  |TAMS 0x0000000705e00000, 0x0000000705e00000| Untracked 
|  31|0x0000000706000000, 0x0000000706000000, 0x0000000706200000|  0%| F|  |TAMS 0x0000000706000000, 0x0000000706000000| Untracked 
|  32|0x0000000706200000, 0x0000000706200000, 0x0000000706400000|  0%| F|  |TAMS 0x0000000706200000, 0x0000000706200000| Untracked 
|  33|0x0000000706400000, 0x0000000706400000, 0x0000000706600000|  0%| F|  |TAMS 0x0000000706400000, 0x0000000706400000| Untracked 
|  34|0x0000000706600000, 0x0000000706600000, 0x0000000706800000|  0%| F|  |TAMS 0x0000000706600000, 0x0000000706600000| Untracked 
|  35|0x0000000706800000, 0x0000000706800000, 0x0000000706a00000|  0%| F|  |TAMS 0x0000000706800000, 0x0000000706800000| Untracked 
|  36|0x0000000706a00000, 0x0000000706a00000, 0x0000000706c00000|  0%| F|  |TAMS 0x0000000706a00000, 0x0000000706a00000| Untracked 
|  37|0x0000000706c00000, 0x0000000706c00000, 0x0000000706e00000|  0%| F|  |TAMS 0x0000000706c00000, 0x0000000706c00000| Untracked 
|  38|0x0000000706e00000, 0x0000000706e00000, 0x0000000707000000|  0%| F|  |TAMS 0x0000000706e00000, 0x0000000706e00000| Untracked 
|  39|0x0000000707000000, 0x0000000707000000, 0x0000000707200000|  0%| F|  |TAMS 0x0000000707000000, 0x0000000707000000| Untracked 
|  40|0x0000000707200000, 0x0000000707200000, 0x0000000707400000|  0%| F|  |TAMS 0x0000000707200000, 0x0000000707200000| Untracked 
|  41|0x0000000707400000, 0x0000000707400000, 0x0000000707600000|  0%| F|  |TAMS 0x0000000707400000, 0x0000000707400000| Untracked 
|  42|0x0000000707600000, 0x0000000707600000, 0x0000000707800000|  0%| F|  |TAMS 0x0000000707600000, 0x0000000707600000| Untracked 
|  43|0x0000000707800000, 0x0000000707800000, 0x0000000707a00000|  0%| F|  |TAMS 0x0000000707800000, 0x0000000707800000| Untracked 
|  44|0x0000000707a00000, 0x0000000707a00000, 0x0000000707c00000|  0%| F|  |TAMS 0x0000000707a00000, 0x0000000707a00000| Untracked 
|  45|0x0000000707c00000, 0x0000000707c00000, 0x0000000707e00000|  0%| F|  |TAMS 0x0000000707c00000, 0x0000000707c00000| Untracked 
|  46|0x0000000707e00000, 0x0000000707e00000, 0x0000000708000000|  0%| F|  |TAMS 0x0000000707e00000, 0x0000000707e00000| Untracked 
|  47|0x0000000708000000, 0x0000000708000000, 0x0000000708200000|  0%| F|  |TAMS 0x0000000708000000, 0x0000000708000000| Untracked 
|  48|0x0000000708200000, 0x0000000708200000, 0x0000000708400000|  0%| F|  |TAMS 0x0000000708200000, 0x0000000708200000| Untracked 
|  49|0x0000000708400000, 0x0000000708400000, 0x0000000708600000|  0%| F|  |TAMS 0x0000000708400000, 0x0000000708400000| Untracked 
|  50|0x0000000708600000, 0x0000000708600000, 0x0000000708800000|  0%| F|  |TAMS 0x0000000708600000, 0x0000000708600000| Untracked 
|  51|0x0000000708800000, 0x0000000708800000, 0x0000000708a00000|  0%| F|  |TAMS 0x0000000708800000, 0x0000000708800000| Untracked 
|  52|0x0000000708a00000, 0x0000000708a00000, 0x0000000708c00000|  0%| F|  |TAMS 0x0000000708a00000, 0x0000000708a00000| Untracked 
|  53|0x0000000708c00000, 0x0000000708c00000, 0x0000000708e00000|  0%| F|  |TAMS 0x0000000708c00000, 0x0000000708c00000| Untracked 
|  54|0x0000000708e00000, 0x0000000708e00000, 0x0000000709000000|  0%| F|  |TAMS 0x0000000708e00000, 0x0000000708e00000| Untracked 
|  55|0x0000000709000000, 0x0000000709000000, 0x0000000709200000|  0%| F|  |TAMS 0x0000000709000000, 0x0000000709000000| Untracked 
|  56|0x0000000709200000, 0x0000000709200000, 0x0000000709400000|  0%| F|  |TAMS 0x0000000709200000, 0x0000000709200000| Untracked 
|  57|0x0000000709400000, 0x0000000709400000, 0x0000000709600000|  0%| F|  |TAMS 0x0000000709400000, 0x0000000709400000| Untracked 
|  58|0x0000000709600000, 0x0000000709600000, 0x0000000709800000|  0%| F|  |TAMS 0x0000000709600000, 0x0000000709600000| Untracked 
|  59|0x0000000709800000, 0x0000000709800000, 0x0000000709a00000|  0%| F|  |TAMS 0x0000000709800000, 0x0000000709800000| Untracked 
|  60|0x0000000709a00000, 0x0000000709a00000, 0x0000000709c00000|  0%| F|  |TAMS 0x0000000709a00000, 0x0000000709a00000| Untracked 
|  61|0x0000000709c00000, 0x0000000709c00000, 0x0000000709e00000|  0%| F|  |TAMS 0x0000000709c00000, 0x0000000709c00000| Untracked 
|  62|0x0000000709e00000, 0x0000000709e00000, 0x000000070a000000|  0%| F|  |TAMS 0x0000000709e00000, 0x0000000709e00000| Untracked 
|  63|0x000000070a000000, 0x000000070a000000, 0x000000070a200000|  0%| F|  |TAMS 0x000000070a000000, 0x000000070a000000| Untracked 
|  64|0x000000070a200000, 0x000000070a200000, 0x000000070a400000|  0%| F|  |TAMS 0x000000070a200000, 0x000000070a200000| Untracked 
|  65|0x000000070a400000, 0x000000070a400000, 0x000000070a600000|  0%| F|  |TAMS 0x000000070a400000, 0x000000070a400000| Untracked 
|  66|0x000000070a600000, 0x000000070a600000, 0x000000070a800000|  0%| F|  |TAMS 0x000000070a600000, 0x000000070a600000| Untracked 
|  67|0x000000070a800000, 0x000000070a800000, 0x000000070aa00000|  0%| F|  |TAMS 0x000000070a800000, 0x000000070a800000| Untracked 
|  68|0x000000070aa00000, 0x000000070aa00000, 0x000000070ac00000|  0%| F|  |TAMS 0x000000070aa00000, 0x000000070aa00000| Untracked 
|  69|0x000000070ac00000, 0x000000070ac00000, 0x000000070ae00000|  0%| F|  |TAMS 0x000000070ac00000, 0x000000070ac00000| Untracked 
|  70|0x000000070ae00000, 0x000000070ae00000, 0x000000070b000000|  0%| F|  |TAMS 0x000000070ae00000, 0x000000070ae00000| Untracked 
|  71|0x000000070b000000, 0x000000070b000000, 0x000000070b200000|  0%| F|  |TAMS 0x000000070b000000, 0x000000070b000000| Untracked 
|  72|0x000000070b200000, 0x000000070b200000, 0x000000070b400000|  0%| F|  |TAMS 0x000000070b200000, 0x000000070b200000| Untracked 
|  73|0x000000070b400000, 0x000000070b400000, 0x000000070b600000|  0%| F|  |TAMS 0x000000070b400000, 0x000000070b400000| Untracked 
|  74|0x000000070b600000, 0x000000070b600000, 0x000000070b800000|  0%| F|  |TAMS 0x000000070b600000, 0x000000070b600000| Untracked 
|  75|0x000000070b800000, 0x000000070b800000, 0x000000070ba00000|  0%| F|  |TAMS 0x000000070b800000, 0x000000070b800000| Untracked 
|  76|0x000000070ba00000, 0x000000070ba00000, 0x000000070bc00000|  0%| F|  |TAMS 0x000000070ba00000, 0x000000070ba00000| Untracked 
|  77|0x000000070bc00000, 0x000000070bc00000, 0x000000070be00000|  0%| F|  |TAMS 0x000000070bc00000, 0x000000070bc00000| Untracked 
|  78|0x000000070be00000, 0x000000070be00000, 0x000000070c000000|  0%| F|  |TAMS 0x000000070be00000, 0x000000070be00000| Untracked 
|  79|0x000000070c000000, 0x000000070c000000, 0x000000070c200000|  0%| F|  |TAMS 0x000000070c000000, 0x000000070c000000| Untracked 
|  80|0x000000070c200000, 0x000000070c200000, 0x000000070c400000|  0%| F|  |TAMS 0x000000070c200000, 0x000000070c200000| Untracked 
|  81|0x000000070c400000, 0x000000070c400000, 0x000000070c600000|  0%| F|  |TAMS 0x000000070c400000, 0x000000070c400000| Untracked 
|  82|0x000000070c600000, 0x000000070c600000, 0x000000070c800000|  0%| F|  |TAMS 0x000000070c600000, 0x000000070c600000| Untracked 
|  83|0x000000070c800000, 0x000000070c800000, 0x000000070ca00000|  0%| F|  |TAMS 0x000000070c800000, 0x000000070c800000| Untracked 
|  84|0x000000070ca00000, 0x000000070ca00000, 0x000000070cc00000|  0%| F|  |TAMS 0x000000070ca00000, 0x000000070ca00000| Untracked 
|  85|0x000000070cc00000, 0x000000070cc00000, 0x000000070ce00000|  0%| F|  |TAMS 0x000000070cc00000, 0x000000070cc00000| Untracked 
|  86|0x000000070ce00000, 0x000000070ce00000, 0x000000070d000000|  0%| F|  |TAMS 0x000000070ce00000, 0x000000070ce00000| Untracked 
|  87|0x000000070d000000, 0x000000070d000000, 0x000000070d200000|  0%| F|  |TAMS 0x000000070d000000, 0x000000070d000000| Untracked 
|  88|0x000000070d200000, 0x000000070d200000, 0x000000070d400000|  0%| F|  |TAMS 0x000000070d200000, 0x000000070d200000| Untracked 
|  89|0x000000070d400000, 0x000000070d400000, 0x000000070d600000|  0%| F|  |TAMS 0x000000070d400000, 0x000000070d400000| Untracked 
|  90|0x000000070d600000, 0x000000070d600000, 0x000000070d800000|  0%| F|  |TAMS 0x000000070d600000, 0x000000070d600000| Untracked 
|  91|0x000000070d800000, 0x000000070d800000, 0x000000070da00000|  0%| F|  |TAMS 0x000000070d800000, 0x000000070d800000| Untracked 
|  92|0x000000070da00000, 0x000000070da00000, 0x000000070dc00000|  0%| F|  |TAMS 0x000000070da00000, 0x000000070da00000| Untracked 
|  93|0x000000070dc00000, 0x000000070dc00000, 0x000000070de00000|  0%| F|  |TAMS 0x000000070dc00000, 0x000000070dc00000| Untracked 
|  94|0x000000070de00000, 0x000000070de00000, 0x000000070e000000|  0%| F|  |TAMS 0x000000070de00000, 0x000000070de00000| Untracked 
|  95|0x000000070e000000, 0x000000070e000000, 0x000000070e200000|  0%| F|  |TAMS 0x000000070e000000, 0x000000070e000000| Untracked 
|  96|0x000000070e200000, 0x000000070e200000, 0x000000070e400000|  0%| F|  |TAMS 0x000000070e200000, 0x000000070e200000| Untracked 
|  97|0x000000070e400000, 0x000000070e400000, 0x000000070e600000|  0%| F|  |TAMS 0x000000070e400000, 0x000000070e400000| Untracked 
|  98|0x000000070e600000, 0x000000070e600000, 0x000000070e800000|  0%| F|  |TAMS 0x000000070e600000, 0x000000070e600000| Untracked 
|  99|0x000000070e800000, 0x000000070e800000, 0x000000070ea00000|  0%| F|  |TAMS 0x000000070e800000, 0x000000070e800000| Untracked 
| 100|0x000000070ea00000, 0x000000070ea00000, 0x000000070ec00000|  0%| F|  |TAMS 0x000000070ea00000, 0x000000070ea00000| Untracked 
| 101|0x000000070ec00000, 0x000000070ec00000, 0x000000070ee00000|  0%| F|  |TAMS 0x000000070ec00000, 0x000000070ec00000| Untracked 
| 102|0x000000070ee00000, 0x000000070ee00000, 0x000000070f000000|  0%| F|  |TAMS 0x000000070ee00000, 0x000000070ee00000| Untracked 
| 103|0x000000070f000000, 0x000000070f000000, 0x000000070f200000|  0%| F|  |TAMS 0x000000070f000000, 0x000000070f000000| Untracked 
| 104|0x000000070f200000, 0x000000070f200000, 0x000000070f400000|  0%| F|  |TAMS 0x000000070f200000, 0x000000070f200000| Untracked 
| 105|0x000000070f400000, 0x000000070f400000, 0x000000070f600000|  0%| F|  |TAMS 0x000000070f400000, 0x000000070f400000| Untracked 
| 106|0x000000070f600000, 0x000000070f600000, 0x000000070f800000|  0%| F|  |TAMS 0x000000070f600000, 0x000000070f600000| Untracked 
| 107|0x000000070f800000, 0x000000070f800000, 0x000000070fa00000|  0%| F|  |TAMS 0x000000070f800000, 0x000000070f800000| Untracked 
| 108|0x000000070fa00000, 0x000000070fa00000, 0x000000070fc00000|  0%| F|  |TAMS 0x000000070fa00000, 0x000000070fa00000| Untracked 
| 109|0x000000070fc00000, 0x000000070fc00000, 0x000000070fe00000|  0%| F|  |TAMS 0x000000070fc00000, 0x000000070fc00000| Untracked 
| 110|0x000000070fe00000, 0x000000070fe00000, 0x0000000710000000|  0%| F|  |TAMS 0x000000070fe00000, 0x000000070fe00000| Untracked 
| 111|0x0000000710000000, 0x0000000710000000, 0x0000000710200000|  0%| F|  |TAMS 0x0000000710000000, 0x0000000710000000| Untracked 
| 112|0x0000000710200000, 0x0000000710200000, 0x0000000710400000|  0%| F|  |TAMS 0x0000000710200000, 0x0000000710200000| Untracked 
| 113|0x0000000710400000, 0x0000000710400000, 0x0000000710600000|  0%| F|  |TAMS 0x0000000710400000, 0x0000000710400000| Untracked 
| 114|0x0000000710600000, 0x0000000710600000, 0x0000000710800000|  0%| F|  |TAMS 0x0000000710600000, 0x0000000710600000| Untracked 
| 115|0x0000000710800000, 0x0000000710800000, 0x0000000710a00000|  0%| F|  |TAMS 0x0000000710800000, 0x0000000710800000| Untracked 
| 116|0x0000000710a00000, 0x0000000710a00000, 0x0000000710c00000|  0%| F|  |TAMS 0x0000000710a00000, 0x0000000710a00000| Untracked 
| 117|0x0000000710c00000, 0x0000000710c00000, 0x0000000710e00000|  0%| F|  |TAMS 0x0000000710c00000, 0x0000000710c00000| Untracked 
| 118|0x0000000710e00000, 0x0000000710e00000, 0x0000000711000000|  0%| F|  |TAMS 0x0000000710e00000, 0x0000000710e00000| Untracked 
| 119|0x0000000711000000, 0x0000000711071360, 0x0000000711200000| 22%| E|  |TAMS 0x0000000711000000, 0x0000000711000000| Complete 
| 120|0x0000000711200000, 0x0000000711400000, 0x0000000711400000|100%| E|CS|TAMS 0x0000000711200000, 0x0000000711200000| Complete 
| 121|0x0000000711400000, 0x0000000711600000, 0x0000000711600000|100%| E|CS|TAMS 0x0000000711400000, 0x0000000711400000| Complete 
| 122|0x0000000711600000, 0x0000000711800000, 0x0000000711800000|100%| E|CS|TAMS 0x0000000711600000, 0x0000000711600000| Complete 
| 123|0x0000000711800000, 0x0000000711a00000, 0x0000000711a00000|100%| E|CS|TAMS 0x0000000711800000, 0x0000000711800000| Complete 
| 124|0x0000000711a00000, 0x0000000711c00000, 0x0000000711c00000|100%| E|CS|TAMS 0x0000000711a00000, 0x0000000711a00000| Complete 
| 125|0x0000000711c00000, 0x0000000711e00000, 0x0000000711e00000|100%| E|CS|TAMS 0x0000000711c00000, 0x0000000711c00000| Complete 
| 126|0x0000000711e00000, 0x0000000712000000, 0x0000000712000000|100%| E|CS|TAMS 0x0000000711e00000, 0x0000000711e00000| Complete 

Card table byte_map: [0x0000027ee56a0000,0x0000027ee5e90000] _byte_map_base: 0x0000027ee1e8f000

Marking Bits (Prev, Next): (CMBitMap*) 0x0000027ecd78a710, (CMBitMap*) 0x0000027ecd78a750
 Prev Bits: [0x0000027ee6680000, 0x0000027eea5f8000)
 Next Bits: [0x0000027eea600000, 0x0000027eee578000)

Polling page: 0x0000027ecb4b0000

Metaspace:

Usage:
  Non-class:      8.10 MB capacity,     5.55 MB ( 69%) used,     2.54 MB ( 31%) free+waste,     6.56 KB ( <1%) overhead. 
      Class:    571.00 KB capacity,   288.45 KB ( 51%) used,   280.74 KB ( 49%) free+waste,     1.81 KB ( <1%) overhead. 
       Both:      8.66 MB capacity,     5.83 MB ( 67%) used,     2.82 MB ( 33%) free+waste,     8.38 KB ( <1%) overhead. 

Virtual space:
  Non-class space:       10.00 MB reserved,       8.25 MB ( 83%) committed 
      Class space:        1.00 GB reserved,     640.00 KB ( <1%) committed 
             Both:        1.01 GB reserved,       8.88 MB ( <1%) committed 

Chunk freelists:
   Non-Class:  89.00 KB
       Class:  5.00 KB
        Both:  94.00 KB

MaxMetaspaceSize: 17179869184.00 GB
CompressedClassSpaceSize: 1.00 GB

CodeHeap 'non-profiled nmethods': size=120000Kb used=211Kb max_used=211Kb free=119789Kb
 bounds [0x0000027edd430000, 0x0000027edd6a0000, 0x0000027ee4960000]
CodeHeap 'profiled nmethods': size=120000Kb used=1178Kb max_used=1178Kb free=118822Kb
 bounds [0x0000027ed5f00000, 0x0000027ed6170000, 0x0000027edd430000]
CodeHeap 'non-nmethods': size=5760Kb used=1585Kb max_used=1604Kb free=4174Kb
 bounds [0x0000027ed5960000, 0x0000027ed5bd0000, 0x0000027ed5f00000]
 total_blobs=1681 nmethods=710 adapters=884
 compilation: enabled
              stopped_count=0, restarted_count=0
 full_count=0

Compilation events (20 events):
Event: 0.685 Thread 0x0000027ef1a5c110 nmethod 698 0x0000027ed6021890 code [0x0000027ed6021a40, 0x0000027ed6021d38]
Event: 0.685 Thread 0x0000027ef1a58160  699       4       engine.VoxelData::get (68 bytes)
Event: 0.685 Thread 0x0000027ef1a5c110  700       3       engine.Octree::createNode (203 bytes)
Event: 0.685 Thread 0x0000027ef1a5c110 nmethod 700 0x0000027ed6021e10 code [0x0000027ed6021fe0, 0x0000027ed60223e8]
Event: 0.685 Thread 0x0000027ef1a5c110  701       3       engine.Octree::isLeaf (17 bytes)
Event: 0.685 Thread 0x0000027ef1a5c110 nmethod 701 0x0000027ed6022610 code [0x0000027ed60227a0, 0x0000027ed6022938]
Event: 0.685 Thread 0x0000027ef1a5c110  702       3       engine.Octree::constructOctree (397 bytes)
Event: 0.686 Thread 0x0000027ef1a58160 nmethod 699 0x0000027edd461f90 code [0x0000027edd462120, 0x0000027edd4622b8]
Event: 0.686 Thread 0x0000027ef1a5c110 nmethod 702 0x0000027ed6022a10 code [0x0000027ed6022cc0, 0x0000027ed6023ef8]
Event: 0.686 Thread 0x0000027ef1a5c110  703       3       jdk.internal.misc.Unsafe::pick (12 bytes)
Event: 0.687 Thread 0x0000027ef1a5c110 nmethod 703 0x0000027ed6024790 code [0x0000027ed6024920, 0x0000027ed6024a18]
Event: 0.687 Thread 0x0000027ef1a5c110  704       3       engine.Octree::getSize (7 bytes)
Event: 0.687 Thread 0x0000027ef1a5c110 nmethod 704 0x0000027ed6024a90 code [0x0000027ed6024c20, 0x0000027ed6024d58]
Event: 0.687 Thread 0x0000027ef1a5c110  705       3       java.nio.HeapByteBuffer::putShort (32 bytes)
Event: 0.687 Thread 0x0000027ef1a58160  710 %     4       engine.Octree::constructOctree @ 178 (397 bytes)
Event: 0.687 Thread 0x0000027ef1a5c110 nmethod 705 0x0000027ed6024e10 code [0x0000027ed6025000, 0x0000027ed60254c8]
Event: 0.687 Thread 0x0000027ef1a5c110  706       3       java.nio.Buffer::checkIndex (24 bytes)
Event: 0.687 Thread 0x0000027ef1a5c110 nmethod 706 0x0000027ed6025710 code [0x0000027ed60258c0, 0x0000027ed6025b08]
Event: 0.687 Thread 0x0000027ef1a5c110  707       3       java.nio.HeapByteBuffer::byteOffset (7 bytes)
Event: 0.687 Thread 0x0000027ef1a5c110 nmethod 707 0x0000027ed6025c10 code [0x0000027ed6025da0, 0x0000027ed6025e98]

GC Heap History (0 events):
No events

Deoptimization events (20 events):
Event: 0.058 Thread 0x0000027ecd7372a0 DEOPT PACKING pc=0x0000027edd4344c4 sp=0x000000b5a41fb250
Event: 0.058 Thread 0x0000027ecd7372a0 DEOPT UNPACKING pc=0x0000027ed59ae42f sp=0x000000b5a41fb1e8 mode 2
Event: 0.565 Thread 0x0000027ecd7372a0 Uncommon trap: trap_request=0xffffff54 fr.pc=0x0000027edd44eae0 relative=0x0000000000000060
Event: 0.565 Thread 0x0000027ecd7372a0 Uncommon trap: reason=speculate_null_assert action=make_not_entrant pc=0x0000027edd44eae0 method=sun.misc.Unsafe.putLong(Ljava/lang/Object;JJ)V @ 7 c2
Event: 0.565 Thread 0x0000027ecd7372a0 DEOPT PACKING pc=0x0000027edd44eae0 sp=0x000000b5a41fede0
Event: 0.565 Thread 0x0000027ecd7372a0 DEOPT UNPACKING pc=0x0000027ed59ae42f sp=0x000000b5a41fed58 mode 2
Event: 0.569 Thread 0x0000027ecd7372a0 Uncommon trap: trap_request=0xffffff54 fr.pc=0x0000027edd450ed8 relative=0x0000000000000058
Event: 0.569 Thread 0x0000027ecd7372a0 Uncommon trap: reason=speculate_null_assert action=make_not_entrant pc=0x0000027edd450ed8 method=sun.misc.Unsafe.getLong(Ljava/lang/Object;J)J @ 5 c2
Event: 0.569 Thread 0x0000027ecd7372a0 DEOPT PACKING pc=0x0000027edd450ed8 sp=0x000000b5a41fee70
Event: 0.569 Thread 0x0000027ecd7372a0 DEOPT UNPACKING pc=0x0000027ed59ae42f sp=0x000000b5a41fedf8 mode 2
Event: 0.590 Thread 0x0000027ecd7372a0 DEOPT PACKING pc=0x0000027ed5f26bdf sp=0x000000b5a41fd9f0
Event: 0.590 Thread 0x0000027ecd7372a0 DEOPT UNPACKING pc=0x0000027ed59ae23f sp=0x000000b5a41fce68 mode 0
Event: 0.656 Thread 0x0000027ecd7372a0 Uncommon trap: trap_request=0xffffff45 fr.pc=0x0000027edd45f7b4 relative=0x0000000000000034
Event: 0.656 Thread 0x0000027ecd7372a0 Uncommon trap: reason=unstable_if action=reinterpret pc=0x0000027edd45f7b4 method=java.lang.reflect.Modifier.isStatic(I)Z @ 4 c2
Event: 0.656 Thread 0x0000027ecd7372a0 DEOPT PACKING pc=0x0000027edd45f7b4 sp=0x000000b5a41fdd90
Event: 0.656 Thread 0x0000027ecd7372a0 DEOPT UNPACKING pc=0x0000027ed59ae42f sp=0x000000b5a41fdd20 mode 2
Event: 0.656 Thread 0x0000027ecd7372a0 Uncommon trap: trap_request=0xffffff45 fr.pc=0x0000027edd45fab4 relative=0x0000000000000034
Event: 0.656 Thread 0x0000027ecd7372a0 Uncommon trap: reason=unstable_if action=reinterpret pc=0x0000027edd45fab4 method=java.lang.reflect.Modifier.isFinal(I)Z @ 4 c2
Event: 0.656 Thread 0x0000027ecd7372a0 DEOPT PACKING pc=0x0000027edd45fab4 sp=0x000000b5a41fdd70
Event: 0.656 Thread 0x0000027ecd7372a0 DEOPT UNPACKING pc=0x0000027ed59ae42f sp=0x000000b5a41fdd00 mode 2

Classes unloaded (0 events):
No events

Classes redefined (0 events):
No events

Internal exceptions (15 events):
Event: 0.066 Thread 0x0000027ecd7372a0 Exception <a 'java/lang/NoSuchMethodError'{0x0000000711c4e488}: 'void java.lang.invoke.DirectMethodHandle$Holder.invokeStatic(java.lang.Object, java.lang.Object)'> (0x0000000711c4e488) 
thrown [./open/src/hotspot/share/interpreter/linkResolver.cpp, line 782]
Event: 0.067 Thread 0x0000027ecd7372a0 Exception <a 'java/lang/NoSuchMethodError'{0x0000000711c53f80}: 'void java.lang.invoke.DirectMethodHandle$Holder.invokeSpecial(java.lang.Object, java.lang.Object, java.lang.Object)'> (0x0000000711c53f80) 
thrown [./open/src/hotspot/share/interpreter/linkResolver.cpp, line 782]
Event: 0.069 Thread 0x0000027ecd7372a0 Exception <a 'java/lang/NoSuchMethodError'{0x0000000711c68bf0}: 'java.lang.Object java.lang.invoke.DirectMethodHandle$Holder.invokeStatic(java.lang.Object, java.lang.Object, int)'> (0x0000000711c68bf0) 
thrown [./open/src/hotspot/share/interpreter/linkResolver.cpp, line 782]
Event: 0.070 Thread 0x0000027ecd7372a0 Exception <a 'java/lang/NoSuchMethodError'{0x0000000711c74f90}: 'void java.lang.invoke.DelegatingMethodHandle$Holder.delegate(java.lang.Object, java.lang.Object, int, java.lang.Object)'> (0x0000000711c74f90) 
thrown [./open/src/hotspot/share/interpreter/linkResolver.cpp, line 782]
Event: 0.070 Thread 0x0000027ecd7372a0 Exception <a 'java/lang/NoSuchMethodError'{0x0000000711c79030}: 'int java.lang.invoke.DirectMethodHandle$Holder.invokeSpecial(java.lang.Object, java.lang.Object, java.lang.Object)'> (0x0000000711c79030) 
thrown [./open/src/hotspot/share/interpreter/linkResolver.cpp, line 782]
Event: 0.088 Thread 0x0000027ecd7372a0 Exception <a 'sun/nio/fs/WindowsException'{0x0000000711ceb7b8}> (0x0000000711ceb7b8) 
thrown [./open/src/hotspot/share/prims/jni.cpp, line 578]
Event: 0.089 Thread 0x0000027ecd7372a0 Exception <a 'sun/nio/fs/WindowsException'{0x0000000711cebd10}> (0x0000000711cebd10) 
thrown [./open/src/hotspot/share/prims/jni.cpp, line 578]
Event: 0.100 Thread 0x0000027ecd7372a0 Exception <a 'sun/nio/fs/WindowsException'{0x0000000711da3768}> (0x0000000711da3768) 
thrown [./open/src/hotspot/share/prims/jni.cpp, line 578]
Event: 0.100 Thread 0x0000027ecd7372a0 Exception <a 'sun/nio/fs/WindowsException'{0x0000000711da3ad8}> (0x0000000711da3ad8) 
thrown [./open/src/hotspot/share/prims/jni.cpp, line 578]
Event: 0.103 Thread 0x0000027ecd7372a0 Exception <a 'java/lang/NoSuchMethodError'{0x0000000711dcc550}: 'java.lang.Object java.lang.invoke.DirectMethodHandle$Holder.invokeStatic(java.lang.Object)'> (0x0000000711dcc550) 
thrown [./open/src/hotspot/share/interpreter/linkResolver.cpp, line 782]
Event: 0.104 Thread 0x0000027ecd7372a0 Exception <a 'java/lang/NoSuchMethodError'{0x0000000711ddb610}: 'java.lang.Object java.lang.invoke.DirectMethodHandle$Holder.invokeStaticInit(java.lang.Object)'> (0x0000000711ddb610) 
thrown [./open/src/hotspot/share/interpreter/linkResolver.cpp, line 782]
Event: 0.545 Thread 0x0000027ecd7372a0 Exception <a 'sun/nio/fs/WindowsException'{0x0000000711ac6158}> (0x0000000711ac6158) 
thrown [./open/src/hotspot/share/prims/jni.cpp, line 578]
Event: 0.545 Thread 0x0000027ecd7372a0 Exception <a 'sun/nio/fs/WindowsException'{0x0000000711ac6508}> (0x0000000711ac6508) 
thrown [./open/src/hotspot/share/prims/jni.cpp, line 578]
Event: 0.547 Thread 0x0000027ecd7372a0 Exception <a 'sun/nio/fs/WindowsException'{0x0000000711ad4998}> (0x0000000711ad4998) 
thrown [./open/src/hotspot/share/prims/jni.cpp, line 578]
Event: 0.547 Thread 0x0000027ecd7372a0 Exception <a 'sun/nio/fs/WindowsException'{0x0000000711ad4c80}> (0x0000000711ad4c80) 
thrown [./open/src/hotspot/share/prims/jni.cpp, line 578]

Events (20 events):
Event: 0.106 loading class jdk/internal/reflect/UnsafeQualifiedStaticObjectFieldAccessorImpl done
Event: 0.107 loading class java/math/MutableBigInteger
Event: 0.108 loading class java/math/MutableBigInteger done
Event: 0.108 loading class java/nio/BufferOverflowException
Event: 0.108 loading class java/nio/BufferOverflowException done
Event: 0.108 loading class java/nio/InvalidMarkException
Event: 0.108 loading class java/nio/InvalidMarkException done
Event: 0.108 loading class java/nio/BufferUnderflowException
Event: 0.108 loading class java/nio/BufferUnderflowException done
Event: 0.108 loading class java/lang/IndexOutOfBoundsException
Event: 0.108 loading class java/lang/IndexOutOfBoundsException done
Event: 0.546 Loaded shared library C:\Users\elite\AppData\Local\Temp\lwjglelite\3.2.3-build-13\lwjgl_opengl.dll
Event: 0.569 Loaded shared library C:\Users\elite\AppData\Local\Temp\lwjglelite\3.2.3-build-13\lwjgl.dll
Event: 0.574 Loaded shared library C:\Users\elite\AppData\Local\Temp\lwjglelite\3.2.3-build-13\lwjgl.dll
Event: 0.650 loading class jdk/internal/reflect/UnsafeQualifiedLongFieldAccessorImpl
Event: 0.650 loading class jdk/internal/reflect/UnsafeQualifiedFieldAccessorImpl
Event: 0.650 loading class jdk/internal/reflect/UnsafeQualifiedFieldAccessorImpl done
Event: 0.650 loading class jdk/internal/reflect/UnsafeQualifiedLongFieldAccessorImpl done
Event: 0.666 loading class java/lang/StrictMath
Event: 0.667 loading class java/lang/StrictMath done


Dynamic libraries:
0x00007ff6ddc80000 - 0x00007ff6ddc8f000 	C:\Program Files\Java\jdk-15.0.1\bin\java.exe
0x00007ffafd1a0000 - 0x00007ffafd390000 	C:\Windows\SYSTEM32\ntdll.dll
0x00007ffafbc70000 - 0x00007ffafbd22000 	C:\Windows\System32\KERNEL32.DLL
0x00007ffafa4d0000 - 0x00007ffafa775000 	C:\Windows\System32\KERNELBASE.dll
0x00007ffafa1e0000 - 0x00007ffafa2da000 	C:\Windows\System32\ucrtbase.dll
0x00007ffaf13f0000 - 0x00007ffaf1408000 	C:\Program Files\Java\jdk-15.0.1\bin\jli.dll
0x00007ffaf12e0000 - 0x00007ffaf12f9000 	C:\Program Files\Java\jdk-15.0.1\bin\VCRUNTIME140.dll
0x00007ffafc2b0000 - 0x00007ffafc353000 	C:\Windows\System32\ADVAPI32.dll
0x00007ffafcd20000 - 0x00007ffafcdbe000 	C:\Windows\System32\msvcrt.dll
0x00007ffafb250000 - 0x00007ffafb2e7000 	C:\Windows\System32\sechost.dll
0x00007ffafcc00000 - 0x00007ffafcd20000 	C:\Windows\System32\RPCRT4.dll
0x00007ffafb2f0000 - 0x00007ffafb484000 	C:\Windows\System32\USER32.dll
0x00007ffadf3a0000 - 0x00007ffadf624000 	C:\Windows\WinSxS\amd64_microsoft.windows.common-controls_6595b64144ccf1df_6.0.18362.1256_none_9e7e379be45e40e2\COMCTL32.dll
0x00007ffafa1b0000 - 0x00007ffafa1d1000 	C:\Windows\System32\win32u.dll
0x00007ffafbf70000 - 0x00007ffafc2a6000 	C:\Windows\System32\combase.dll
0x00007ffafcab0000 - 0x00007ffafcad6000 	C:\Windows\System32\GDI32.dll
0x00007ffafa880000 - 0x00007ffafa901000 	C:\Windows\System32\bcryptPrimitives.dll
0x00007ffafa330000 - 0x00007ffafa4c6000 	C:\Windows\System32\gdi32full.dll
0x00007ffafa110000 - 0x00007ffafa1ae000 	C:\Windows\System32\msvcp_win.dll
0x00007ffaf04f0000 - 0x00007ffaf04fa000 	C:\Windows\SYSTEM32\VERSION.dll
0x00007ffafb580000 - 0x00007ffafb5ae000 	C:\Windows\System32\IMM32.DLL
0x00007ffaf2360000 - 0x00007ffaf236c000 	C:\Program Files\Java\jdk-15.0.1\bin\vcruntime140_1.dll
0x00007ffacb5f0000 - 0x00007ffacb681000 	C:\Program Files\Java\jdk-15.0.1\bin\msvcp140.dll
0x00007ffa9b270000 - 0x00007ffa9bdce000 	C:\Program Files\Java\jdk-15.0.1\bin\server\jvm.dll
0x00007ffafb560000 - 0x00007ffafb568000 	C:\Windows\System32\PSAPI.DLL
0x00007ffaf7cb0000 - 0x00007ffaf7cd4000 	C:\Windows\SYSTEM32\WINMM.dll
0x00007ffae3530000 - 0x00007ffae3539000 	C:\Windows\SYSTEM32\WSOCK32.dll
0x00007ffafcb90000 - 0x00007ffafcbff000 	C:\Windows\System32\WS2_32.dll
0x00007ffaf7c80000 - 0x00007ffaf7cad000 	C:\Windows\SYSTEM32\WINMMBASE.dll
0x00007ffafa2e0000 - 0x00007ffafa32a000 	C:\Windows\System32\cfgmgr32.dll
0x00007ffafa050000 - 0x00007ffafa061000 	C:\Windows\System32\kernel.appcore.dll
0x00007ffaf14f0000 - 0x00007ffaf14fa000 	C:\Program Files\Java\jdk-15.0.1\bin\jimage.dll
0x00007ffaf81e0000 - 0x00007ffaf83d4000 	C:\Windows\SYSTEM32\DBGHELP.DLL
0x00007ffaef440000 - 0x00007ffaef46a000 	C:\Windows\SYSTEM32\dbgcore.DLL
0x00007ffaf1250000 - 0x00007ffaf1275000 	C:\Program Files\Java\jdk-15.0.1\bin\java.dll
0x00007ffafc3c0000 - 0x00007ffafcaa7000 	C:\Windows\System32\SHELL32.dll
0x00007ffafcae0000 - 0x00007ffafcb89000 	C:\Windows\System32\shcore.dll
0x00007ffafa910000 - 0x00007ffafb091000 	C:\Windows\System32\windows.storage.dll
0x00007ffafa0c0000 - 0x00007ffafa0e3000 	C:\Windows\System32\profapi.dll
0x00007ffafa070000 - 0x00007ffafa0ba000 	C:\Windows\System32\powrprof.dll
0x00007ffafa040000 - 0x00007ffafa050000 	C:\Windows\System32\UMPDC.dll
0x00007ffafd100000 - 0x00007ffafd152000 	C:\Windows\System32\shlwapi.dll
0x00007ffafa830000 - 0x00007ffafa847000 	C:\Windows\System32\cryptsp.dll
0x00007ffaf1230000 - 0x00007ffaf1249000 	C:\Program Files\Java\jdk-15.0.1\bin\net.dll
0x00007ffaf0640000 - 0x00007ffaf0730000 	C:\Windows\SYSTEM32\WINHTTP.dll
0x00007ffaf9890000 - 0x00007ffaf98f7000 	C:\Windows\system32\mswsock.dll
0x00007ffadd160000 - 0x00007ffadd172000 	C:\Program Files\Java\jdk-15.0.1\bin\nio.dll
0x00007ffadb840000 - 0x00007ffadb858000 	C:\Program Files\Java\jdk-15.0.1\bin\zip.dll
0x00007ffac99a0000 - 0x00007ffac9a04000 	C:\Users\elite\AppData\Local\Temp\lwjglelite\3.2.3-build-13\lwjgl.dll
0x00007ffac2be0000 - 0x00007ffac2c42000 	C:\Users\elite\AppData\Local\Temp\lwjglelite\3.2.3-build-13\glfw.dll
0x00007ffaf7ee0000 - 0x00007ffaf7f79000 	C:\Windows\system32\uxtheme.dll
0x00007ffadb530000 - 0x00007ffadb573000 	C:\Windows\SYSTEM32\dinput8.dll
0x00007ffaee6b0000 - 0x00007ffaee6c1000 	C:\Windows\SYSTEM32\xinput1_4.dll
0x00007ffaf9e30000 - 0x00007ffaf9e5a000 	C:\Windows\SYSTEM32\DEVOBJ.dll
0x00007ffaf87b0000 - 0x00007ffaf87dd000 	C:\Windows\SYSTEM32\dwmapi.dll
0x00007ffaeb780000 - 0x00007ffaeb89b000 	C:\Windows\SYSTEM32\inputhost.dll
0x00007ffaf7700000 - 0x00007ffaf77d4000 	C:\Windows\SYSTEM32\CoreMessaging.dll
0x00007ffaf4790000 - 0x00007ffaf4aba000 	C:\Windows\SYSTEM32\CoreUIComponents.dll
0x00007ffaf5b50000 - 0x00007ffaf5ca3000 	C:\Windows\SYSTEM32\wintypes.dll
0x00007ffaf6430000 - 0x00007ffaf6520000 	C:\Windows\SYSTEM32\PROPSYS.dll
0x00007ffafd030000 - 0x00007ffafd0f5000 	C:\Windows\System32\OLEAUT32.dll
0x00007ffaf9080000 - 0x00007ffaf90b1000 	C:\Windows\SYSTEM32\ntmarta.dll
0x00007ffafbdc0000 - 0x00007ffafbef5000 	C:\Windows\System32\MSCTF.dll
0x00007ffaf8c20000 - 0x00007ffaf8c2e000 	C:\Windows\SYSTEM32\HID.DLL
0x00007ffafb630000 - 0x00007ffafbaa0000 	C:\Windows\System32\SETUPAPI.DLL
0x00007ffafa850000 - 0x00007ffafa876000 	C:\Windows\System32\bcrypt.dll
0x00007ffafb0a0000 - 0x00007ffafb0fc000 	C:\Windows\System32\WINTRUST.dll
0x00007ffafa0f0000 - 0x00007ffafa102000 	C:\Windows\System32\MSASN1.dll
0x00007ffafb100000 - 0x00007ffafb249000 	C:\Windows\System32\CRYPT32.dll
0x00007ffaeaab0000 - 0x00007ffaeac06000 	C:\Windows\SYSTEM32\opengl32.dll
0x00007ffaf2aa0000 - 0x00007ffaf2acc000 	C:\Windows\SYSTEM32\GLU32.dll
0x00007ffaf8c80000 - 0x00007ffaf8ca0000 	C:\Windows\SYSTEM32\dxcore.dll
0x00007ffa988d0000 - 0x00007ffa9b268000 	C:\Windows\System32\DriverStore\FileRepository\nvrzui.inf_amd64_95061cbb24b5eebb\nvoglv64.dll
0x00007ffafced0000 - 0x00007ffafd027000 	C:\Windows\System32\ole32.dll
0x00007ffaf60c0000 - 0x00007ffaf60d3000 	C:\Windows\SYSTEM32\WTSAPI32.dll
0x00007ffab1240000 - 0x00007ffab14ee000 	C:\Windows\system32\nvspcap64.dll
0x00007ffaf90f0000 - 0x00007ffaf9146000 	C:\Windows\SYSTEM32\WINSTA.dll
0x00007ffac60c0000 - 0x00007ffac6119000 	C:\Users\elite\AppData\Local\Temp\lwjglelite\3.2.3-build-13\lwjgl_opengl.dll
0x00007ffaebee0000 - 0x00007ffaebf7e000 	C:\Windows\System32\TextInputFramework.dll
0x00007ffae1250000 - 0x00007ffae14f7000 	C:\Windows\System32\iertutil.dll

dbghelp: loaded successfully - version: 4.0.5 - missing functions: none
symbol engine: initialized successfully - sym options: 0x614 - pdb path: .;C:\Program Files\Java\jdk-15.0.1\bin;C:\Windows\SYSTEM32;C:\Windows\WinSxS\amd64_microsoft.windows.common-controls_6595b64144ccf1df_6.0.18362.1256_none_9e7e379be45e40e2;C:\Program Files\Java\jdk-15.0.1\bin\server;C:\Users\elite\AppData\Local\Temp\lwjglelite\3.2.3-build-13;C:\Windows\System32\DriverStore\FileRepository\nvrzui.inf_amd64_95061cbb24b5eebb

VM Arguments:
jvm_args: --enable-preview -XX:+ShowCodeDetailsInExceptionMessages -Dfile.encoding=UTF-8 
java_command: engine.Main
java_class_path (initial): C:\Users\elite\AppData\Roaming\Code\User\workspaceStorage\324dc56328435073811ea3739a37b381\redhat.java\jdt_ws\svo-raytracer_29718bbc\bin;C:\Users\elite\Documents\GitHub\svo-raytracer\lib\lwjgl-opencl.jar;C:\Users\elite\Documents\GitHub\svo-raytracer\lib\lwjgl-opengl-javadoc.jar;C:\Users\elite\Documents\GitHub\svo-raytracer\lib\lwjgl-stb-javadoc.jar;C:\Users\elite\Documents\GitHub\svo-raytracer\lib\lwjgl-natives-windows.jar;C:\Users\elite\Documents\GitHub\svo-raytracer\lib\lwjgl-opencl-javadoc.jar;C:\Users\elite\Documents\GitHub\svo-raytracer\lib\lwjgl-openal-javadoc.jar;C:\Users\elite\Documents\GitHub\svo-raytracer\lib\lwjgl-glfw.jar;C:\Users\elite\Documents\GitHub\svo-raytracer\lib\lwjgl.jar;C:\Users\elite\Documents\GitHub\svo-raytracer\lib\lwjgl-assimp-javadoc.jar;C:\Users\elite\Documents\GitHub\svo-raytracer\lib\lwjgl-assimp.jar;C:\Users\elite\Documents\GitHub\svo-raytracer\lib\lwjgl-opengl-natives-windows.jar;C:\Users\elite\Documents\GitHub\svo-raytracer\lib\lwjgl-glfw-javadoc.jar;C:\Users\elite\Documents\GitHub\svo-raytracer\lib\lwjgl-javadoc.jar;C:\Users\elite\Documents\GitHub\svo-raytracer\lib\lwjgl-openal-natives-windows.jar;C:\Users\elite\Documents\GitHub\svo-raytracer\lib\lwjgl-openal.jar;C:\Users\elite\Documents\GitHub\svo-raytracer\lib\lwjgl-stb-natives-windows.jar;C:\Users\elite\Documents\GitHub\svo-raytracer\lib\lwjgl-glfw-natives-windows.jar;C:\Users\elite\Documents\GitHub\svo-raytracer\lib\lwjgl-opengl.jar;C:\Users\elite\Documents\GitHub\svo-raytracer\lib\lwjgl-cuda-javadoc.jar;C:\Users\elite\Documents\GitHub\svo-raytracer\lib\lwjgl-stb.jar;C:\Users\elite\Documents\GitHub\svo-raytracer\lib\lwjgl-assimp-natives-windows.jar;C:\Users\elite\Documents\GitHub\svo-raytracer\lib\lwjgl-cuda.jar
Launcher Type: SUN_STANDARD

[Global flags]
     intx CICompilerCount                          = 4                                         {product} {ergonomic}
     uint ConcGCThreads                            = 3                                         {product} {ergonomic}
     uint G1ConcRefinementThreads                  = 10                                        {product} {ergonomic}
   size_t G1HeapRegionSize                         = 2097152                                   {product} {ergonomic}
    uintx GCDrainStackTargetSize                   = 64                                        {product} {ergonomic}
   size_t InitialHeapSize                          = 266338304                                 {product} {ergonomic}
   size_t MarkStackSize                            = 4194304                                   {product} {ergonomic}
   size_t MaxHeapSize                              = 4259315712                                {product} {ergonomic}
   size_t MaxNewSize                               = 2554331136                                {product} {ergonomic}
   size_t MinHeapDeltaBytes                        = 2097152                                   {product} {ergonomic}
   size_t MinHeapSize                              = 8388608                                   {product} {ergonomic}
    uintx NonNMethodCodeHeapSize                   = 5839372                                {pd product} {ergonomic}
    uintx NonProfiledCodeHeapSize                  = 122909434                              {pd product} {ergonomic}
    uintx ProfiledCodeHeapSize                     = 122909434                              {pd product} {ergonomic}
    uintx ReservedCodeCacheSize                    = 251658240                              {pd product} {ergonomic}
     bool SegmentedCodeCache                       = true                                      {product} {ergonomic}
     bool ShowCodeDetailsInExceptionMessages       = true                                   {manageable} {command line}
   size_t SoftMaxHeapSize                          = 4259315712                             {manageable} {ergonomic}
     bool UseCompressedClassPointers               = true                                 {lp64_product} {ergonomic}
     bool UseCompressedOops                        = true                                 {lp64_product} {ergonomic}
     bool UseG1GC                                  = true                                      {product} {ergonomic}
     bool UseLargePagesIndividualAllocation        = false                                  {pd product} {ergonomic}

Logging:
Log output configuration:
 #0: stdout all=warning uptime,level,tags
 #1: stderr all=off uptime,level,tags

Environment Variables:
PATH=C:\Program Files\Git\mingw64\bin;C:\Program Files\Git\usr\bin;C:\Users\elite\bin;C:\Program Files\Common Files\Oracle\Java\javapath;C:\Program Files\AdoptOpenJDK\jdk-14.0.2.12-hotspot\bin;C:\Program Files (x86)\Razer Chroma SDK\bin;C:\Program Files\Razer Chroma SDK\bin;C:\Program Files (x86)\Razer\ChromaBroadcast\bin;C:\Program Files\Razer\ChromaBroadcast\bin;C:\Program Files\NVIDIA GPU Computing Toolkit\CUDA\v11.1\bin;C:\Program Files\NVIDIA GPU Computing Toolkit\CUDA\v11.1\libnvvp;C:\Windows\system32;C:\Windows;C:\Windows\System32\Wbem;C:\Windows\System32\WindowsPowerShell\v1.0\;C:\Windows\System32\OpenSSH\;C:\Program Files (x86)\NVIDIA Corporation\PhysX\Common;C:\Program Files\NVIDIA Corporation\NVIDIA NvDLISR;C:\Program Files\NVIDIA Corporation\Nsight Compute 2020.2.0\;C:\Windows\system32\config\systemprofile\AppData\Local\Microsoft\WindowsApps;C:\Program Files\nodejs\;C:\Program Files\Git\cmd;C:\Users\elite\AppData\Local\Programs\Python\Python39;C:\Program Files\CMake\bin;C:\Users\elite\AppData\Local\Microsoft\WindowsApps;C:\Users\elite\AppData\Local\GitHubDesktop\bin;C:\Users\elite\AppData\Local\Programs\Microsoft VS Code\bin;C:\Users\elite\AppData\Roaming\npm;C:\Program Files\heroku\bin;C:\texlive\2020\bin\win32
USERNAME=elite
LANG=en_US.UTF-8
OS=Windows_NT
PROCESSOR_IDENTIFIER=Intel64 Family 6 Model 165 Stepping 2, GenuineIntel



---------------  S Y S T E M  ---------------

OS:
 Windows 10 , 64 bit Build 18362 (10.0.18362.1110)
OS uptime: 5 days 21:01 hours

CPU: total 12 (initial active 12) (6 cores per cpu, 2 threads per core) family 6 model 165 stepping 2 microcode 0xc8, cmov, cx8, fxsr, mmx, sse, sse2, sse3, ssse3, sse4.1, sse4.2, popcnt, vzeroupper, avx, avx2, aes, clmul, erms, 3dnowpref, lzcnt, ht, tsc, tscinvbit, bmi1, bmi2, adx, fma, clflush, clflushopt

Memory: 4k page, system-wide physical 16245M (8242M free)
TotalPageFile size 18933M (AvailPageFile size 5652M)
current process WorkingSet (physical memory assigned to process): 91M, peak: 91M
current process commit charge ("private bytes"): 404M, peak: 404M

vm_info: Java HotSpot(TM) 64-Bit Server VM (15.0.1+9-18) for windows-amd64 JRE (15.0.1+9-18), built on Sep 15 2020 14:43:54 by "mach5one" with unknown MS VC++:1925

END.
